[2023-02-11T13:36:38.099+0000] {processor.py:153} INFO - Started process (PID=93) to work on /home/airflow/.local/lib/python3.10/site-packages/airflow/example_dags/subdags/subdag.py
[2023-02-11T13:36:38.101+0000] {processor.py:743} INFO - Processing file /home/airflow/.local/lib/python3.10/site-packages/airflow/example_dags/subdags/subdag.py for tasks to queue
[2023-02-11T13:36:38.103+0000] {logging_mixin.py:137} INFO - [2023-02-11T13:36:38.103+0000] {dagbag.py:538} INFO - Filling up the DagBag from /home/airflow/.local/lib/python3.10/site-packages/airflow/example_dags/subdags/subdag.py
[2023-02-11T13:36:38.110+0000] {processor.py:755} WARNING - No viable dags retrieved from /home/airflow/.local/lib/python3.10/site-packages/airflow/example_dags/subdags/subdag.py
[2023-02-11T13:36:38.168+0000] {processor.py:175} INFO - Processing /home/airflow/.local/lib/python3.10/site-packages/airflow/example_dags/subdags/subdag.py took 0.074 seconds
[2023-02-11T13:37:08.838+0000] {processor.py:153} INFO - Started process (PID=149) to work on /home/airflow/.local/lib/python3.10/site-packages/airflow/example_dags/subdags/subdag.py
[2023-02-11T13:37:08.840+0000] {processor.py:743} INFO - Processing file /home/airflow/.local/lib/python3.10/site-packages/airflow/example_dags/subdags/subdag.py for tasks to queue
[2023-02-11T13:37:08.843+0000] {logging_mixin.py:137} INFO - [2023-02-11T13:37:08.842+0000] {dagbag.py:538} INFO - Filling up the DagBag from /home/airflow/.local/lib/python3.10/site-packages/airflow/example_dags/subdags/subdag.py
[2023-02-11T13:37:08.849+0000] {processor.py:755} WARNING - No viable dags retrieved from /home/airflow/.local/lib/python3.10/site-packages/airflow/example_dags/subdags/subdag.py
[2023-02-11T13:37:08.875+0000] {processor.py:175} INFO - Processing /home/airflow/.local/lib/python3.10/site-packages/airflow/example_dags/subdags/subdag.py took 0.047 seconds
[2023-02-11T13:37:44.838+0000] {processor.py:153} INFO - Started process (PID=205) to work on /home/airflow/.local/lib/python3.10/site-packages/airflow/example_dags/subdags/subdag.py
[2023-02-11T13:37:44.845+0000] {processor.py:743} INFO - Processing file /home/airflow/.local/lib/python3.10/site-packages/airflow/example_dags/subdags/subdag.py for tasks to queue
[2023-02-11T13:37:44.848+0000] {logging_mixin.py:137} INFO - [2023-02-11T13:37:44.848+0000] {dagbag.py:538} INFO - Filling up the DagBag from /home/airflow/.local/lib/python3.10/site-packages/airflow/example_dags/subdags/subdag.py
[2023-02-11T13:37:44.856+0000] {processor.py:755} WARNING - No viable dags retrieved from /home/airflow/.local/lib/python3.10/site-packages/airflow/example_dags/subdags/subdag.py
[2023-02-11T13:37:44.933+0000] {processor.py:175} INFO - Processing /home/airflow/.local/lib/python3.10/site-packages/airflow/example_dags/subdags/subdag.py took 0.110 seconds
[2023-02-11T13:38:16.674+0000] {processor.py:153} INFO - Started process (PID=260) to work on /home/airflow/.local/lib/python3.10/site-packages/airflow/example_dags/subdags/subdag.py
[2023-02-11T13:38:16.677+0000] {processor.py:743} INFO - Processing file /home/airflow/.local/lib/python3.10/site-packages/airflow/example_dags/subdags/subdag.py for tasks to queue
[2023-02-11T13:38:16.681+0000] {logging_mixin.py:137} INFO - [2023-02-11T13:38:16.681+0000] {dagbag.py:538} INFO - Filling up the DagBag from /home/airflow/.local/lib/python3.10/site-packages/airflow/example_dags/subdags/subdag.py
[2023-02-11T13:38:16.702+0000] {processor.py:755} WARNING - No viable dags retrieved from /home/airflow/.local/lib/python3.10/site-packages/airflow/example_dags/subdags/subdag.py
[2023-02-11T13:38:16.823+0000] {processor.py:175} INFO - Processing /home/airflow/.local/lib/python3.10/site-packages/airflow/example_dags/subdags/subdag.py took 0.188 seconds
