[2023-02-11T13:36:33.656+0000] {processor.py:153} INFO - Started process (PID=77) to work on /home/airflow/.local/lib/python3.10/site-packages/airflow/example_dags/example_python_operator.py
[2023-02-11T13:36:33.659+0000] {processor.py:743} INFO - Processing file /home/airflow/.local/lib/python3.10/site-packages/airflow/example_dags/example_python_operator.py for tasks to queue
[2023-02-11T13:36:33.662+0000] {logging_mixin.py:137} INFO - [2023-02-11T13:36:33.661+0000] {dagbag.py:538} INFO - Filling up the DagBag from /home/airflow/.local/lib/python3.10/site-packages/airflow/example_dags/example_python_operator.py
[2023-02-11T13:36:33.744+0000] {logging_mixin.py:137} INFO - [2023-02-11T13:36:33.743+0000] {taskmixin.py:205} WARNING - Dependency <Task(_PythonDecoratedOperator): print_the_context>, log_sql_query already registered for DAG: example_python_operator
[2023-02-11T13:36:33.746+0000] {logging_mixin.py:137} INFO - [2023-02-11T13:36:33.745+0000] {taskmixin.py:205} WARNING - Dependency <Task(_PythonDecoratedOperator): log_sql_query>, print_the_context already registered for DAG: example_python_operator
[2023-02-11T13:36:33.749+0000] {logging_mixin.py:137} INFO - [2023-02-11T13:36:33.749+0000] {taskmixin.py:205} WARNING - Dependency <Task(_PythonDecoratedOperator): print_the_context>, log_sql_query already registered for DAG: example_python_operator
[2023-02-11T13:36:33.750+0000] {logging_mixin.py:137} INFO - [2023-02-11T13:36:33.750+0000] {taskmixin.py:205} WARNING - Dependency <Task(_PythonDecoratedOperator): log_sql_query>, print_the_context already registered for DAG: example_python_operator
[2023-02-11T13:36:33.753+0000] {logging_mixin.py:137} INFO - [2023-02-11T13:36:33.752+0000] {taskmixin.py:205} WARNING - Dependency <Task(_PythonDecoratedOperator): print_the_context>, log_sql_query already registered for DAG: example_python_operator
[2023-02-11T13:36:33.755+0000] {logging_mixin.py:137} INFO - [2023-02-11T13:36:33.755+0000] {taskmixin.py:205} WARNING - Dependency <Task(_PythonDecoratedOperator): log_sql_query>, print_the_context already registered for DAG: example_python_operator
[2023-02-11T13:36:33.757+0000] {logging_mixin.py:137} INFO - [2023-02-11T13:36:33.757+0000] {taskmixin.py:205} WARNING - Dependency <Task(_PythonDecoratedOperator): print_the_context>, log_sql_query already registered for DAG: example_python_operator
[2023-02-11T13:36:33.759+0000] {logging_mixin.py:137} INFO - [2023-02-11T13:36:33.759+0000] {taskmixin.py:205} WARNING - Dependency <Task(_PythonDecoratedOperator): log_sql_query>, print_the_context already registered for DAG: example_python_operator
[2023-02-11T13:36:33.818+0000] {processor.py:753} INFO - DAG(s) dict_keys(['example_python_operator']) retrieved from /home/airflow/.local/lib/python3.10/site-packages/airflow/example_dags/example_python_operator.py
[2023-02-11T13:36:34.069+0000] {logging_mixin.py:137} INFO - [2023-02-11T13:36:34.067+0000] {dag.py:2690} INFO - Sync 1 DAGs
[2023-02-11T13:36:34.147+0000] {logging_mixin.py:137} INFO - [2023-02-11T13:36:34.146+0000] {dag.py:3437} INFO - Setting next_dagrun for example_python_operator to None, run_after=None
[2023-02-11T13:36:34.197+0000] {processor.py:175} INFO - Processing /home/airflow/.local/lib/python3.10/site-packages/airflow/example_dags/example_python_operator.py took 0.549 seconds
[2023-02-11T13:37:04.346+0000] {processor.py:153} INFO - Started process (PID=133) to work on /home/airflow/.local/lib/python3.10/site-packages/airflow/example_dags/example_python_operator.py
[2023-02-11T13:37:04.353+0000] {processor.py:743} INFO - Processing file /home/airflow/.local/lib/python3.10/site-packages/airflow/example_dags/example_python_operator.py for tasks to queue
[2023-02-11T13:37:04.360+0000] {logging_mixin.py:137} INFO - [2023-02-11T13:37:04.359+0000] {dagbag.py:538} INFO - Filling up the DagBag from /home/airflow/.local/lib/python3.10/site-packages/airflow/example_dags/example_python_operator.py
[2023-02-11T13:37:04.415+0000] {logging_mixin.py:137} INFO - [2023-02-11T13:37:04.415+0000] {taskmixin.py:205} WARNING - Dependency <Task(_PythonDecoratedOperator): print_the_context>, log_sql_query already registered for DAG: example_python_operator
[2023-02-11T13:37:04.425+0000] {logging_mixin.py:137} INFO - [2023-02-11T13:37:04.425+0000] {taskmixin.py:205} WARNING - Dependency <Task(_PythonDecoratedOperator): log_sql_query>, print_the_context already registered for DAG: example_python_operator
[2023-02-11T13:37:04.429+0000] {logging_mixin.py:137} INFO - [2023-02-11T13:37:04.428+0000] {taskmixin.py:205} WARNING - Dependency <Task(_PythonDecoratedOperator): print_the_context>, log_sql_query already registered for DAG: example_python_operator
[2023-02-11T13:37:04.433+0000] {logging_mixin.py:137} INFO - [2023-02-11T13:37:04.432+0000] {taskmixin.py:205} WARNING - Dependency <Task(_PythonDecoratedOperator): log_sql_query>, print_the_context already registered for DAG: example_python_operator
[2023-02-11T13:37:04.441+0000] {logging_mixin.py:137} INFO - [2023-02-11T13:37:04.441+0000] {taskmixin.py:205} WARNING - Dependency <Task(_PythonDecoratedOperator): print_the_context>, log_sql_query already registered for DAG: example_python_operator
[2023-02-11T13:37:04.452+0000] {logging_mixin.py:137} INFO - [2023-02-11T13:37:04.451+0000] {taskmixin.py:205} WARNING - Dependency <Task(_PythonDecoratedOperator): log_sql_query>, print_the_context already registered for DAG: example_python_operator
[2023-02-11T13:37:04.455+0000] {logging_mixin.py:137} INFO - [2023-02-11T13:37:04.455+0000] {taskmixin.py:205} WARNING - Dependency <Task(_PythonDecoratedOperator): print_the_context>, log_sql_query already registered for DAG: example_python_operator
[2023-02-11T13:37:04.476+0000] {logging_mixin.py:137} INFO - [2023-02-11T13:37:04.457+0000] {taskmixin.py:205} WARNING - Dependency <Task(_PythonDecoratedOperator): log_sql_query>, print_the_context already registered for DAG: example_python_operator
[2023-02-11T13:37:04.525+0000] {processor.py:753} INFO - DAG(s) dict_keys(['example_python_operator']) retrieved from /home/airflow/.local/lib/python3.10/site-packages/airflow/example_dags/example_python_operator.py
[2023-02-11T13:37:04.654+0000] {logging_mixin.py:137} INFO - [2023-02-11T13:37:04.654+0000] {dag.py:2690} INFO - Sync 1 DAGs
[2023-02-11T13:37:04.702+0000] {logging_mixin.py:137} INFO - [2023-02-11T13:37:04.702+0000] {dag.py:3437} INFO - Setting next_dagrun for example_python_operator to None, run_after=None
[2023-02-11T13:37:04.744+0000] {processor.py:175} INFO - Processing /home/airflow/.local/lib/python3.10/site-packages/airflow/example_dags/example_python_operator.py took 0.405 seconds
[2023-02-11T13:37:37.570+0000] {processor.py:153} INFO - Started process (PID=188) to work on /home/airflow/.local/lib/python3.10/site-packages/airflow/example_dags/example_python_operator.py
[2023-02-11T13:37:37.574+0000] {processor.py:743} INFO - Processing file /home/airflow/.local/lib/python3.10/site-packages/airflow/example_dags/example_python_operator.py for tasks to queue
[2023-02-11T13:37:37.578+0000] {logging_mixin.py:137} INFO - [2023-02-11T13:37:37.578+0000] {dagbag.py:538} INFO - Filling up the DagBag from /home/airflow/.local/lib/python3.10/site-packages/airflow/example_dags/example_python_operator.py
[2023-02-11T13:37:37.618+0000] {logging_mixin.py:137} INFO - [2023-02-11T13:37:37.618+0000] {taskmixin.py:205} WARNING - Dependency <Task(_PythonDecoratedOperator): print_the_context>, log_sql_query already registered for DAG: example_python_operator
[2023-02-11T13:37:37.628+0000] {logging_mixin.py:137} INFO - [2023-02-11T13:37:37.626+0000] {taskmixin.py:205} WARNING - Dependency <Task(_PythonDecoratedOperator): log_sql_query>, print_the_context already registered for DAG: example_python_operator
[2023-02-11T13:37:37.636+0000] {logging_mixin.py:137} INFO - [2023-02-11T13:37:37.636+0000] {taskmixin.py:205} WARNING - Dependency <Task(_PythonDecoratedOperator): print_the_context>, log_sql_query already registered for DAG: example_python_operator
[2023-02-11T13:37:37.638+0000] {logging_mixin.py:137} INFO - [2023-02-11T13:37:37.638+0000] {taskmixin.py:205} WARNING - Dependency <Task(_PythonDecoratedOperator): log_sql_query>, print_the_context already registered for DAG: example_python_operator
[2023-02-11T13:37:37.656+0000] {logging_mixin.py:137} INFO - [2023-02-11T13:37:37.656+0000] {taskmixin.py:205} WARNING - Dependency <Task(_PythonDecoratedOperator): print_the_context>, log_sql_query already registered for DAG: example_python_operator
[2023-02-11T13:37:37.658+0000] {logging_mixin.py:137} INFO - [2023-02-11T13:37:37.658+0000] {taskmixin.py:205} WARNING - Dependency <Task(_PythonDecoratedOperator): log_sql_query>, print_the_context already registered for DAG: example_python_operator
[2023-02-11T13:37:37.665+0000] {logging_mixin.py:137} INFO - [2023-02-11T13:37:37.664+0000] {taskmixin.py:205} WARNING - Dependency <Task(_PythonDecoratedOperator): print_the_context>, log_sql_query already registered for DAG: example_python_operator
[2023-02-11T13:37:37.668+0000] {logging_mixin.py:137} INFO - [2023-02-11T13:37:37.668+0000] {taskmixin.py:205} WARNING - Dependency <Task(_PythonDecoratedOperator): log_sql_query>, print_the_context already registered for DAG: example_python_operator
[2023-02-11T13:37:37.686+0000] {processor.py:753} INFO - DAG(s) dict_keys(['example_python_operator']) retrieved from /home/airflow/.local/lib/python3.10/site-packages/airflow/example_dags/example_python_operator.py
[2023-02-11T13:37:37.979+0000] {logging_mixin.py:137} INFO - [2023-02-11T13:37:37.979+0000] {dag.py:2690} INFO - Sync 1 DAGs
[2023-02-11T13:37:38.183+0000] {logging_mixin.py:137} INFO - [2023-02-11T13:37:38.183+0000] {dag.py:3437} INFO - Setting next_dagrun for example_python_operator to None, run_after=None
[2023-02-11T13:37:38.228+0000] {processor.py:175} INFO - Processing /home/airflow/.local/lib/python3.10/site-packages/airflow/example_dags/example_python_operator.py took 0.665 seconds
[2023-02-11T13:38:09.247+0000] {processor.py:153} INFO - Started process (PID=237) to work on /home/airflow/.local/lib/python3.10/site-packages/airflow/example_dags/example_python_operator.py
[2023-02-11T13:38:09.254+0000] {processor.py:743} INFO - Processing file /home/airflow/.local/lib/python3.10/site-packages/airflow/example_dags/example_python_operator.py for tasks to queue
[2023-02-11T13:38:09.257+0000] {logging_mixin.py:137} INFO - [2023-02-11T13:38:09.256+0000] {dagbag.py:538} INFO - Filling up the DagBag from /home/airflow/.local/lib/python3.10/site-packages/airflow/example_dags/example_python_operator.py
[2023-02-11T13:38:09.337+0000] {logging_mixin.py:137} INFO - [2023-02-11T13:38:09.330+0000] {taskmixin.py:205} WARNING - Dependency <Task(_PythonDecoratedOperator): print_the_context>, log_sql_query already registered for DAG: example_python_operator
[2023-02-11T13:38:09.339+0000] {logging_mixin.py:137} INFO - [2023-02-11T13:38:09.339+0000] {taskmixin.py:205} WARNING - Dependency <Task(_PythonDecoratedOperator): log_sql_query>, print_the_context already registered for DAG: example_python_operator
[2023-02-11T13:38:09.341+0000] {logging_mixin.py:137} INFO - [2023-02-11T13:38:09.341+0000] {taskmixin.py:205} WARNING - Dependency <Task(_PythonDecoratedOperator): print_the_context>, log_sql_query already registered for DAG: example_python_operator
[2023-02-11T13:38:09.343+0000] {logging_mixin.py:137} INFO - [2023-02-11T13:38:09.342+0000] {taskmixin.py:205} WARNING - Dependency <Task(_PythonDecoratedOperator): log_sql_query>, print_the_context already registered for DAG: example_python_operator
[2023-02-11T13:38:09.346+0000] {logging_mixin.py:137} INFO - [2023-02-11T13:38:09.346+0000] {taskmixin.py:205} WARNING - Dependency <Task(_PythonDecoratedOperator): print_the_context>, log_sql_query already registered for DAG: example_python_operator
[2023-02-11T13:38:09.348+0000] {logging_mixin.py:137} INFO - [2023-02-11T13:38:09.348+0000] {taskmixin.py:205} WARNING - Dependency <Task(_PythonDecoratedOperator): log_sql_query>, print_the_context already registered for DAG: example_python_operator
[2023-02-11T13:38:09.350+0000] {logging_mixin.py:137} INFO - [2023-02-11T13:38:09.350+0000] {taskmixin.py:205} WARNING - Dependency <Task(_PythonDecoratedOperator): print_the_context>, log_sql_query already registered for DAG: example_python_operator
[2023-02-11T13:38:09.354+0000] {logging_mixin.py:137} INFO - [2023-02-11T13:38:09.353+0000] {taskmixin.py:205} WARNING - Dependency <Task(_PythonDecoratedOperator): log_sql_query>, print_the_context already registered for DAG: example_python_operator
[2023-02-11T13:38:09.419+0000] {processor.py:753} INFO - DAG(s) dict_keys(['example_python_operator']) retrieved from /home/airflow/.local/lib/python3.10/site-packages/airflow/example_dags/example_python_operator.py
[2023-02-11T13:38:09.528+0000] {logging_mixin.py:137} INFO - [2023-02-11T13:38:09.527+0000] {dag.py:2690} INFO - Sync 1 DAGs
[2023-02-11T13:38:09.606+0000] {logging_mixin.py:137} INFO - [2023-02-11T13:38:09.603+0000] {dag.py:3437} INFO - Setting next_dagrun for example_python_operator to None, run_after=None
[2023-02-11T13:38:09.726+0000] {processor.py:175} INFO - Processing /home/airflow/.local/lib/python3.10/site-packages/airflow/example_dags/example_python_operator.py took 0.484 seconds
