[2023-02-11T13:36:34.906+0000] {processor.py:153} INFO - Started process (PID=82) to work on /home/airflow/.local/lib/python3.10/site-packages/airflow/example_dags/example_xcomargs.py
[2023-02-11T13:36:34.909+0000] {processor.py:743} INFO - Processing file /home/airflow/.local/lib/python3.10/site-packages/airflow/example_dags/example_xcomargs.py for tasks to queue
[2023-02-11T13:36:34.911+0000] {logging_mixin.py:137} INFO - [2023-02-11T13:36:34.911+0000] {dagbag.py:538} INFO - Filling up the DagBag from /home/airflow/.local/lib/python3.10/site-packages/airflow/example_dags/example_xcomargs.py
[2023-02-11T13:36:34.967+0000] {processor.py:753} INFO - DAG(s) dict_keys(['example_xcom_args', 'example_xcom_args_with_operators']) retrieved from /home/airflow/.local/lib/python3.10/site-packages/airflow/example_dags/example_xcomargs.py
[2023-02-11T13:36:35.065+0000] {logging_mixin.py:137} INFO - [2023-02-11T13:36:35.065+0000] {dag.py:2690} INFO - Sync 2 DAGs
[2023-02-11T13:36:35.138+0000] {logging_mixin.py:137} INFO - [2023-02-11T13:36:35.138+0000] {dag.py:3437} INFO - Setting next_dagrun for example_xcom_args to None, run_after=None
[2023-02-11T13:36:35.150+0000] {logging_mixin.py:137} INFO - [2023-02-11T13:36:35.150+0000] {dag.py:3437} INFO - Setting next_dagrun for example_xcom_args_with_operators to None, run_after=None
[2023-02-11T13:36:35.208+0000] {processor.py:175} INFO - Processing /home/airflow/.local/lib/python3.10/site-packages/airflow/example_dags/example_xcomargs.py took 0.309 seconds
[2023-02-11T13:37:05.673+0000] {processor.py:153} INFO - Started process (PID=138) to work on /home/airflow/.local/lib/python3.10/site-packages/airflow/example_dags/example_xcomargs.py
[2023-02-11T13:37:05.675+0000] {processor.py:743} INFO - Processing file /home/airflow/.local/lib/python3.10/site-packages/airflow/example_dags/example_xcomargs.py for tasks to queue
[2023-02-11T13:37:05.683+0000] {logging_mixin.py:137} INFO - [2023-02-11T13:37:05.681+0000] {dagbag.py:538} INFO - Filling up the DagBag from /home/airflow/.local/lib/python3.10/site-packages/airflow/example_dags/example_xcomargs.py
[2023-02-11T13:37:05.788+0000] {processor.py:753} INFO - DAG(s) dict_keys(['example_xcom_args_with_operators', 'example_xcom_args']) retrieved from /home/airflow/.local/lib/python3.10/site-packages/airflow/example_dags/example_xcomargs.py
[2023-02-11T13:37:05.920+0000] {logging_mixin.py:137} INFO - [2023-02-11T13:37:05.920+0000] {dag.py:2690} INFO - Sync 2 DAGs
[2023-02-11T13:37:06.027+0000] {logging_mixin.py:137} INFO - [2023-02-11T13:37:06.026+0000] {dag.py:3437} INFO - Setting next_dagrun for example_xcom_args to None, run_after=None
[2023-02-11T13:37:06.094+0000] {logging_mixin.py:137} INFO - [2023-02-11T13:37:06.074+0000] {dag.py:3437} INFO - Setting next_dagrun for example_xcom_args_with_operators to None, run_after=None
[2023-02-11T13:37:06.182+0000] {processor.py:175} INFO - Processing /home/airflow/.local/lib/python3.10/site-packages/airflow/example_dags/example_xcomargs.py took 0.521 seconds
[2023-02-11T13:37:39.291+0000] {processor.py:153} INFO - Started process (PID=194) to work on /home/airflow/.local/lib/python3.10/site-packages/airflow/example_dags/example_xcomargs.py
[2023-02-11T13:37:39.294+0000] {processor.py:743} INFO - Processing file /home/airflow/.local/lib/python3.10/site-packages/airflow/example_dags/example_xcomargs.py for tasks to queue
[2023-02-11T13:37:39.306+0000] {logging_mixin.py:137} INFO - [2023-02-11T13:37:39.299+0000] {dagbag.py:538} INFO - Filling up the DagBag from /home/airflow/.local/lib/python3.10/site-packages/airflow/example_dags/example_xcomargs.py
[2023-02-11T13:37:39.588+0000] {processor.py:753} INFO - DAG(s) dict_keys(['example_xcom_args', 'example_xcom_args_with_operators']) retrieved from /home/airflow/.local/lib/python3.10/site-packages/airflow/example_dags/example_xcomargs.py
[2023-02-11T13:37:39.760+0000] {logging_mixin.py:137} INFO - [2023-02-11T13:37:39.760+0000] {dag.py:2690} INFO - Sync 2 DAGs
[2023-02-11T13:37:39.896+0000] {logging_mixin.py:137} INFO - [2023-02-11T13:37:39.895+0000] {dag.py:3437} INFO - Setting next_dagrun for example_xcom_args to None, run_after=None
[2023-02-11T13:37:39.919+0000] {logging_mixin.py:137} INFO - [2023-02-11T13:37:39.918+0000] {dag.py:3437} INFO - Setting next_dagrun for example_xcom_args_with_operators to None, run_after=None
[2023-02-11T13:37:40.129+0000] {processor.py:175} INFO - Processing /home/airflow/.local/lib/python3.10/site-packages/airflow/example_dags/example_xcomargs.py took 0.844 seconds
[2023-02-11T13:38:11.906+0000] {processor.py:153} INFO - Started process (PID=243) to work on /home/airflow/.local/lib/python3.10/site-packages/airflow/example_dags/example_xcomargs.py
[2023-02-11T13:38:11.916+0000] {processor.py:743} INFO - Processing file /home/airflow/.local/lib/python3.10/site-packages/airflow/example_dags/example_xcomargs.py for tasks to queue
[2023-02-11T13:38:11.927+0000] {logging_mixin.py:137} INFO - [2023-02-11T13:38:11.927+0000] {dagbag.py:538} INFO - Filling up the DagBag from /home/airflow/.local/lib/python3.10/site-packages/airflow/example_dags/example_xcomargs.py
[2023-02-11T13:38:12.079+0000] {processor.py:753} INFO - DAG(s) dict_keys(['example_xcom_args', 'example_xcom_args_with_operators']) retrieved from /home/airflow/.local/lib/python3.10/site-packages/airflow/example_dags/example_xcomargs.py
[2023-02-11T13:38:12.230+0000] {logging_mixin.py:137} INFO - [2023-02-11T13:38:12.230+0000] {dag.py:2690} INFO - Sync 2 DAGs
[2023-02-11T13:38:12.381+0000] {logging_mixin.py:137} INFO - [2023-02-11T13:38:12.380+0000] {dag.py:3437} INFO - Setting next_dagrun for example_xcom_args to None, run_after=None
[2023-02-11T13:38:12.403+0000] {logging_mixin.py:137} INFO - [2023-02-11T13:38:12.403+0000] {dag.py:3437} INFO - Setting next_dagrun for example_xcom_args_with_operators to None, run_after=None
[2023-02-11T13:38:12.568+0000] {processor.py:175} INFO - Processing /home/airflow/.local/lib/python3.10/site-packages/airflow/example_dags/example_xcomargs.py took 0.694 seconds
