[2023-02-11T13:36:20.140+0000] {processor.py:153} INFO - Started process (PID=48) to work on /home/airflow/.local/lib/python3.10/site-packages/airflow/example_dags/example_time_delta_sensor_async.py
[2023-02-11T13:36:20.142+0000] {processor.py:743} INFO - Processing file /home/airflow/.local/lib/python3.10/site-packages/airflow/example_dags/example_time_delta_sensor_async.py for tasks to queue
[2023-02-11T13:36:20.148+0000] {logging_mixin.py:137} INFO - [2023-02-11T13:36:20.147+0000] {dagbag.py:538} INFO - Filling up the DagBag from /home/airflow/.local/lib/python3.10/site-packages/airflow/example_dags/example_time_delta_sensor_async.py
[2023-02-11T13:36:20.273+0000] {processor.py:753} INFO - DAG(s) dict_keys(['example_time_delta_sensor_async']) retrieved from /home/airflow/.local/lib/python3.10/site-packages/airflow/example_dags/example_time_delta_sensor_async.py
[2023-02-11T13:36:20.342+0000] {logging_mixin.py:137} INFO - [2023-02-11T13:36:20.342+0000] {dag.py:2690} INFO - Sync 1 DAGs
[2023-02-11T13:36:20.441+0000] {logging_mixin.py:137} INFO - [2023-02-11T13:36:20.441+0000] {dag.py:3437} INFO - Setting next_dagrun for example_time_delta_sensor_async to None, run_after=None
[2023-02-11T13:36:20.507+0000] {processor.py:175} INFO - Processing /home/airflow/.local/lib/python3.10/site-packages/airflow/example_dags/example_time_delta_sensor_async.py took 0.399 seconds
[2023-02-11T13:36:51.336+0000] {processor.py:153} INFO - Started process (PID=104) to work on /home/airflow/.local/lib/python3.10/site-packages/airflow/example_dags/example_time_delta_sensor_async.py
[2023-02-11T13:36:51.340+0000] {processor.py:743} INFO - Processing file /home/airflow/.local/lib/python3.10/site-packages/airflow/example_dags/example_time_delta_sensor_async.py for tasks to queue
[2023-02-11T13:36:51.344+0000] {logging_mixin.py:137} INFO - [2023-02-11T13:36:51.343+0000] {dagbag.py:538} INFO - Filling up the DagBag from /home/airflow/.local/lib/python3.10/site-packages/airflow/example_dags/example_time_delta_sensor_async.py
[2023-02-11T13:36:51.366+0000] {processor.py:753} INFO - DAG(s) dict_keys(['example_time_delta_sensor_async']) retrieved from /home/airflow/.local/lib/python3.10/site-packages/airflow/example_dags/example_time_delta_sensor_async.py
[2023-02-11T13:36:51.410+0000] {logging_mixin.py:137} INFO - [2023-02-11T13:36:51.410+0000] {dag.py:2690} INFO - Sync 1 DAGs
[2023-02-11T13:36:51.470+0000] {logging_mixin.py:137} INFO - [2023-02-11T13:36:51.470+0000] {dag.py:3437} INFO - Setting next_dagrun for example_time_delta_sensor_async to None, run_after=None
[2023-02-11T13:36:51.513+0000] {processor.py:175} INFO - Processing /home/airflow/.local/lib/python3.10/site-packages/airflow/example_dags/example_time_delta_sensor_async.py took 0.185 seconds
[2023-02-11T13:37:22.128+0000] {processor.py:153} INFO - Started process (PID=160) to work on /home/airflow/.local/lib/python3.10/site-packages/airflow/example_dags/example_time_delta_sensor_async.py
[2023-02-11T13:37:22.141+0000] {processor.py:743} INFO - Processing file /home/airflow/.local/lib/python3.10/site-packages/airflow/example_dags/example_time_delta_sensor_async.py for tasks to queue
[2023-02-11T13:37:22.145+0000] {logging_mixin.py:137} INFO - [2023-02-11T13:37:22.145+0000] {dagbag.py:538} INFO - Filling up the DagBag from /home/airflow/.local/lib/python3.10/site-packages/airflow/example_dags/example_time_delta_sensor_async.py
[2023-02-11T13:37:22.193+0000] {processor.py:753} INFO - DAG(s) dict_keys(['example_time_delta_sensor_async']) retrieved from /home/airflow/.local/lib/python3.10/site-packages/airflow/example_dags/example_time_delta_sensor_async.py
[2023-02-11T13:37:22.272+0000] {logging_mixin.py:137} INFO - [2023-02-11T13:37:22.272+0000] {dag.py:2690} INFO - Sync 1 DAGs
[2023-02-11T13:37:22.315+0000] {logging_mixin.py:137} INFO - [2023-02-11T13:37:22.315+0000] {dag.py:3437} INFO - Setting next_dagrun for example_time_delta_sensor_async to None, run_after=None
[2023-02-11T13:37:22.361+0000] {processor.py:175} INFO - Processing /home/airflow/.local/lib/python3.10/site-packages/airflow/example_dags/example_time_delta_sensor_async.py took 0.257 seconds
[2023-02-11T13:37:52.969+0000] {processor.py:153} INFO - Started process (PID=208) to work on /home/airflow/.local/lib/python3.10/site-packages/airflow/example_dags/example_time_delta_sensor_async.py
[2023-02-11T13:37:52.983+0000] {processor.py:743} INFO - Processing file /home/airflow/.local/lib/python3.10/site-packages/airflow/example_dags/example_time_delta_sensor_async.py for tasks to queue
[2023-02-11T13:37:52.993+0000] {logging_mixin.py:137} INFO - [2023-02-11T13:37:52.987+0000] {dagbag.py:538} INFO - Filling up the DagBag from /home/airflow/.local/lib/python3.10/site-packages/airflow/example_dags/example_time_delta_sensor_async.py
[2023-02-11T13:37:53.116+0000] {processor.py:753} INFO - DAG(s) dict_keys(['example_time_delta_sensor_async']) retrieved from /home/airflow/.local/lib/python3.10/site-packages/airflow/example_dags/example_time_delta_sensor_async.py
[2023-02-11T13:37:53.599+0000] {logging_mixin.py:137} INFO - [2023-02-11T13:37:53.574+0000] {dag.py:2690} INFO - Sync 1 DAGs
[2023-02-11T13:37:54.441+0000] {logging_mixin.py:137} INFO - [2023-02-11T13:37:54.440+0000] {dag.py:3437} INFO - Setting next_dagrun for example_time_delta_sensor_async to None, run_after=None
[2023-02-11T13:37:54.588+0000] {processor.py:175} INFO - Processing /home/airflow/.local/lib/python3.10/site-packages/airflow/example_dags/example_time_delta_sensor_async.py took 1.656 seconds
[2023-02-11T13:38:25.255+0000] {processor.py:153} INFO - Started process (PID=264) to work on /home/airflow/.local/lib/python3.10/site-packages/airflow/example_dags/example_time_delta_sensor_async.py
[2023-02-11T13:38:25.262+0000] {processor.py:743} INFO - Processing file /home/airflow/.local/lib/python3.10/site-packages/airflow/example_dags/example_time_delta_sensor_async.py for tasks to queue
[2023-02-11T13:38:25.291+0000] {logging_mixin.py:137} INFO - [2023-02-11T13:38:25.290+0000] {dagbag.py:538} INFO - Filling up the DagBag from /home/airflow/.local/lib/python3.10/site-packages/airflow/example_dags/example_time_delta_sensor_async.py
[2023-02-11T13:38:25.428+0000] {processor.py:753} INFO - DAG(s) dict_keys(['example_time_delta_sensor_async']) retrieved from /home/airflow/.local/lib/python3.10/site-packages/airflow/example_dags/example_time_delta_sensor_async.py
[2023-02-11T13:38:25.636+0000] {logging_mixin.py:137} INFO - [2023-02-11T13:38:25.635+0000] {dag.py:2690} INFO - Sync 1 DAGs
[2023-02-11T13:38:25.757+0000] {logging_mixin.py:137} INFO - [2023-02-11T13:38:25.757+0000] {dag.py:3437} INFO - Setting next_dagrun for example_time_delta_sensor_async to None, run_after=None
[2023-02-11T13:38:25.945+0000] {processor.py:175} INFO - Processing /home/airflow/.local/lib/python3.10/site-packages/airflow/example_dags/example_time_delta_sensor_async.py took 0.708 seconds
