[2023-02-11T13:36:20.621+0000] {processor.py:153} INFO - Started process (PID=49) to work on /home/airflow/.local/lib/python3.10/site-packages/airflow/example_dags/example_sla_dag.py
[2023-02-11T13:36:20.627+0000] {processor.py:743} INFO - Processing file /home/airflow/.local/lib/python3.10/site-packages/airflow/example_dags/example_sla_dag.py for tasks to queue
[2023-02-11T13:36:20.632+0000] {logging_mixin.py:137} INFO - [2023-02-11T13:36:20.630+0000] {dagbag.py:538} INFO - Filling up the DagBag from /home/airflow/.local/lib/python3.10/site-packages/airflow/example_dags/example_sla_dag.py
[2023-02-11T13:36:20.782+0000] {processor.py:753} INFO - DAG(s) dict_keys(['example_sla_dag']) retrieved from /home/airflow/.local/lib/python3.10/site-packages/airflow/example_dags/example_sla_dag.py
[2023-02-11T13:36:20.961+0000] {logging_mixin.py:137} INFO - [2023-02-11T13:36:20.961+0000] {dag.py:2690} INFO - Sync 1 DAGs
[2023-02-11T13:36:21.148+0000] {logging_mixin.py:137} INFO - [2023-02-11T13:36:21.148+0000] {dag.py:3437} INFO - Setting next_dagrun for example_sla_dag to 2023-02-11T13:34:00+00:00, run_after=2023-02-11T13:36:00+00:00
[2023-02-11T13:36:21.272+0000] {processor.py:175} INFO - Processing /home/airflow/.local/lib/python3.10/site-packages/airflow/example_dags/example_sla_dag.py took 0.664 seconds
[2023-02-11T13:36:51.587+0000] {processor.py:153} INFO - Started process (PID=105) to work on /home/airflow/.local/lib/python3.10/site-packages/airflow/example_dags/example_sla_dag.py
[2023-02-11T13:36:51.590+0000] {processor.py:743} INFO - Processing file /home/airflow/.local/lib/python3.10/site-packages/airflow/example_dags/example_sla_dag.py for tasks to queue
[2023-02-11T13:36:51.595+0000] {logging_mixin.py:137} INFO - [2023-02-11T13:36:51.594+0000] {dagbag.py:538} INFO - Filling up the DagBag from /home/airflow/.local/lib/python3.10/site-packages/airflow/example_dags/example_sla_dag.py
[2023-02-11T13:36:51.673+0000] {processor.py:753} INFO - DAG(s) dict_keys(['example_sla_dag']) retrieved from /home/airflow/.local/lib/python3.10/site-packages/airflow/example_dags/example_sla_dag.py
[2023-02-11T13:36:51.719+0000] {logging_mixin.py:137} INFO - [2023-02-11T13:36:51.719+0000] {dag.py:2690} INFO - Sync 1 DAGs
[2023-02-11T13:36:51.757+0000] {logging_mixin.py:137} INFO - [2023-02-11T13:36:51.757+0000] {dag.py:3437} INFO - Setting next_dagrun for example_sla_dag to 2023-02-11T13:34:00+00:00, run_after=2023-02-11T13:36:00+00:00
[2023-02-11T13:36:51.789+0000] {processor.py:175} INFO - Processing /home/airflow/.local/lib/python3.10/site-packages/airflow/example_dags/example_sla_dag.py took 0.208 seconds
[2023-02-11T13:37:22.519+0000] {processor.py:153} INFO - Started process (PID=161) to work on /home/airflow/.local/lib/python3.10/site-packages/airflow/example_dags/example_sla_dag.py
[2023-02-11T13:37:22.529+0000] {processor.py:743} INFO - Processing file /home/airflow/.local/lib/python3.10/site-packages/airflow/example_dags/example_sla_dag.py for tasks to queue
[2023-02-11T13:37:22.534+0000] {logging_mixin.py:137} INFO - [2023-02-11T13:37:22.534+0000] {dagbag.py:538} INFO - Filling up the DagBag from /home/airflow/.local/lib/python3.10/site-packages/airflow/example_dags/example_sla_dag.py
[2023-02-11T13:37:22.616+0000] {processor.py:753} INFO - DAG(s) dict_keys(['example_sla_dag']) retrieved from /home/airflow/.local/lib/python3.10/site-packages/airflow/example_dags/example_sla_dag.py
[2023-02-11T13:37:22.658+0000] {logging_mixin.py:137} INFO - [2023-02-11T13:37:22.658+0000] {dag.py:2690} INFO - Sync 1 DAGs
[2023-02-11T13:37:22.695+0000] {logging_mixin.py:137} INFO - [2023-02-11T13:37:22.695+0000] {dag.py:3437} INFO - Setting next_dagrun for example_sla_dag to 2023-02-11T13:34:00+00:00, run_after=2023-02-11T13:36:00+00:00
[2023-02-11T13:37:22.733+0000] {processor.py:175} INFO - Processing /home/airflow/.local/lib/python3.10/site-packages/airflow/example_dags/example_sla_dag.py took 0.234 seconds
[2023-02-11T13:37:54.834+0000] {processor.py:153} INFO - Started process (PID=216) to work on /home/airflow/.local/lib/python3.10/site-packages/airflow/example_dags/example_sla_dag.py
[2023-02-11T13:37:54.837+0000] {processor.py:743} INFO - Processing file /home/airflow/.local/lib/python3.10/site-packages/airflow/example_dags/example_sla_dag.py for tasks to queue
[2023-02-11T13:37:54.840+0000] {logging_mixin.py:137} INFO - [2023-02-11T13:37:54.840+0000] {dagbag.py:538} INFO - Filling up the DagBag from /home/airflow/.local/lib/python3.10/site-packages/airflow/example_dags/example_sla_dag.py
[2023-02-11T13:37:55.002+0000] {processor.py:753} INFO - DAG(s) dict_keys(['example_sla_dag']) retrieved from /home/airflow/.local/lib/python3.10/site-packages/airflow/example_dags/example_sla_dag.py
[2023-02-11T13:37:55.183+0000] {logging_mixin.py:137} INFO - [2023-02-11T13:37:55.183+0000] {dag.py:2690} INFO - Sync 1 DAGs
[2023-02-11T13:37:55.473+0000] {logging_mixin.py:137} INFO - [2023-02-11T13:37:55.473+0000] {dag.py:3437} INFO - Setting next_dagrun for example_sla_dag to 2023-02-11T13:34:00+00:00, run_after=2023-02-11T13:36:00+00:00
[2023-02-11T13:37:56.319+0000] {processor.py:175} INFO - Processing /home/airflow/.local/lib/python3.10/site-packages/airflow/example_dags/example_sla_dag.py took 1.506 seconds
[2023-02-11T13:38:27.279+0000] {processor.py:153} INFO - Started process (PID=265) to work on /home/airflow/.local/lib/python3.10/site-packages/airflow/example_dags/example_sla_dag.py
[2023-02-11T13:38:27.283+0000] {processor.py:743} INFO - Processing file /home/airflow/.local/lib/python3.10/site-packages/airflow/example_dags/example_sla_dag.py for tasks to queue
[2023-02-11T13:38:27.286+0000] {logging_mixin.py:137} INFO - [2023-02-11T13:38:27.286+0000] {dagbag.py:538} INFO - Filling up the DagBag from /home/airflow/.local/lib/python3.10/site-packages/airflow/example_dags/example_sla_dag.py
[2023-02-11T13:38:27.434+0000] {processor.py:753} INFO - DAG(s) dict_keys(['example_sla_dag']) retrieved from /home/airflow/.local/lib/python3.10/site-packages/airflow/example_dags/example_sla_dag.py
[2023-02-11T13:38:27.580+0000] {logging_mixin.py:137} INFO - [2023-02-11T13:38:27.580+0000] {dag.py:2690} INFO - Sync 1 DAGs
[2023-02-11T13:38:27.672+0000] {logging_mixin.py:137} INFO - [2023-02-11T13:38:27.672+0000] {dag.py:3437} INFO - Setting next_dagrun for example_sla_dag to 2023-02-11T13:36:00+00:00, run_after=2023-02-11T13:38:00+00:00
[2023-02-11T13:38:27.734+0000] {processor.py:175} INFO - Processing /home/airflow/.local/lib/python3.10/site-packages/airflow/example_dags/example_sla_dag.py took 0.481 seconds
