[2023-02-11T13:36:36.030+0000] {processor.py:153} INFO - Started process (PID=87) to work on /home/airflow/.local/lib/python3.10/site-packages/airflow/example_dags/example_task_group.py
[2023-02-11T13:36:36.033+0000] {processor.py:743} INFO - Processing file /home/airflow/.local/lib/python3.10/site-packages/airflow/example_dags/example_task_group.py for tasks to queue
[2023-02-11T13:36:36.036+0000] {logging_mixin.py:137} INFO - [2023-02-11T13:36:36.036+0000] {dagbag.py:538} INFO - Filling up the DagBag from /home/airflow/.local/lib/python3.10/site-packages/airflow/example_dags/example_task_group.py
[2023-02-11T13:36:36.231+0000] {processor.py:753} INFO - DAG(s) dict_keys(['example_task_group']) retrieved from /home/airflow/.local/lib/python3.10/site-packages/airflow/example_dags/example_task_group.py
[2023-02-11T13:36:36.652+0000] {logging_mixin.py:137} INFO - [2023-02-11T13:36:36.652+0000] {dag.py:2690} INFO - Sync 1 DAGs
[2023-02-11T13:36:37.074+0000] {logging_mixin.py:137} INFO - [2023-02-11T13:36:37.074+0000] {dag.py:3437} INFO - Setting next_dagrun for example_task_group to 2023-02-10T13:36:37.073410+00:00, run_after=2023-02-11T13:36:37.073410+00:00
[2023-02-11T13:36:37.109+0000] {processor.py:175} INFO - Processing /home/airflow/.local/lib/python3.10/site-packages/airflow/example_dags/example_task_group.py took 1.097 seconds
[2023-02-11T13:37:07.534+0000] {processor.py:153} INFO - Started process (PID=143) to work on /home/airflow/.local/lib/python3.10/site-packages/airflow/example_dags/example_task_group.py
[2023-02-11T13:37:07.555+0000] {processor.py:743} INFO - Processing file /home/airflow/.local/lib/python3.10/site-packages/airflow/example_dags/example_task_group.py for tasks to queue
[2023-02-11T13:37:07.563+0000] {logging_mixin.py:137} INFO - [2023-02-11T13:37:07.563+0000] {dagbag.py:538} INFO - Filling up the DagBag from /home/airflow/.local/lib/python3.10/site-packages/airflow/example_dags/example_task_group.py
[2023-02-11T13:37:07.691+0000] {processor.py:753} INFO - DAG(s) dict_keys(['example_task_group']) retrieved from /home/airflow/.local/lib/python3.10/site-packages/airflow/example_dags/example_task_group.py
[2023-02-11T13:37:07.760+0000] {logging_mixin.py:137} INFO - [2023-02-11T13:37:07.760+0000] {dag.py:2690} INFO - Sync 1 DAGs
[2023-02-11T13:37:07.802+0000] {logging_mixin.py:137} INFO - [2023-02-11T13:37:07.802+0000] {dag.py:3437} INFO - Setting next_dagrun for example_task_group to 2023-02-10T13:37:07.801942+00:00, run_after=2023-02-11T13:37:07.801942+00:00
[2023-02-11T13:37:07.843+0000] {processor.py:175} INFO - Processing /home/airflow/.local/lib/python3.10/site-packages/airflow/example_dags/example_task_group.py took 0.314 seconds
[2023-02-11T13:37:41.381+0000] {processor.py:153} INFO - Started process (PID=198) to work on /home/airflow/.local/lib/python3.10/site-packages/airflow/example_dags/example_task_group.py
[2023-02-11T13:37:41.404+0000] {processor.py:743} INFO - Processing file /home/airflow/.local/lib/python3.10/site-packages/airflow/example_dags/example_task_group.py for tasks to queue
[2023-02-11T13:37:41.439+0000] {logging_mixin.py:137} INFO - [2023-02-11T13:37:41.438+0000] {dagbag.py:538} INFO - Filling up the DagBag from /home/airflow/.local/lib/python3.10/site-packages/airflow/example_dags/example_task_group.py
[2023-02-11T13:37:41.716+0000] {processor.py:753} INFO - DAG(s) dict_keys(['example_task_group']) retrieved from /home/airflow/.local/lib/python3.10/site-packages/airflow/example_dags/example_task_group.py
[2023-02-11T13:37:41.877+0000] {logging_mixin.py:137} INFO - [2023-02-11T13:37:41.876+0000] {dag.py:2690} INFO - Sync 1 DAGs
[2023-02-11T13:37:41.984+0000] {logging_mixin.py:137} INFO - [2023-02-11T13:37:41.984+0000] {dag.py:3437} INFO - Setting next_dagrun for example_task_group to 2023-02-10T13:37:41.983613+00:00, run_after=2023-02-11T13:37:41.983613+00:00
[2023-02-11T13:37:42.111+0000] {processor.py:175} INFO - Processing /home/airflow/.local/lib/python3.10/site-packages/airflow/example_dags/example_task_group.py took 0.851 seconds
[2023-02-11T13:38:13.613+0000] {processor.py:153} INFO - Started process (PID=247) to work on /home/airflow/.local/lib/python3.10/site-packages/airflow/example_dags/example_task_group.py
[2023-02-11T13:38:13.625+0000] {processor.py:743} INFO - Processing file /home/airflow/.local/lib/python3.10/site-packages/airflow/example_dags/example_task_group.py for tasks to queue
[2023-02-11T13:38:13.635+0000] {logging_mixin.py:137} INFO - [2023-02-11T13:38:13.635+0000] {dagbag.py:538} INFO - Filling up the DagBag from /home/airflow/.local/lib/python3.10/site-packages/airflow/example_dags/example_task_group.py
[2023-02-11T13:38:13.753+0000] {processor.py:753} INFO - DAG(s) dict_keys(['example_task_group']) retrieved from /home/airflow/.local/lib/python3.10/site-packages/airflow/example_dags/example_task_group.py
[2023-02-11T13:38:13.955+0000] {logging_mixin.py:137} INFO - [2023-02-11T13:38:13.949+0000] {dag.py:2690} INFO - Sync 1 DAGs
[2023-02-11T13:38:14.179+0000] {logging_mixin.py:137} INFO - [2023-02-11T13:38:14.179+0000] {dag.py:3437} INFO - Setting next_dagrun for example_task_group to 2023-02-10T13:38:14.178804+00:00, run_after=2023-02-11T13:38:14.178804+00:00
[2023-02-11T13:38:14.323+0000] {processor.py:175} INFO - Processing /home/airflow/.local/lib/python3.10/site-packages/airflow/example_dags/example_task_group.py took 0.732 seconds
