[2023-02-11T13:36:24.014+0000] {processor.py:153} INFO - Started process (PID=62) to work on /home/airflow/.local/lib/python3.10/site-packages/airflow/example_dags/example_datasets.py
[2023-02-11T13:36:24.032+0000] {processor.py:743} INFO - Processing file /home/airflow/.local/lib/python3.10/site-packages/airflow/example_dags/example_datasets.py for tasks to queue
[2023-02-11T13:36:24.042+0000] {logging_mixin.py:137} INFO - [2023-02-11T13:36:24.038+0000] {dagbag.py:538} INFO - Filling up the DagBag from /home/airflow/.local/lib/python3.10/site-packages/airflow/example_dags/example_datasets.py
[2023-02-11T13:36:24.463+0000] {processor.py:753} INFO - DAG(s) dict_keys(['dataset_produces_1', 'dataset_consumes_1_never_scheduled', 'dataset_consumes_unknown_never_scheduled', 'dataset_consumes_1_and_2', 'dataset_produces_2', 'dataset_consumes_1']) retrieved from /home/airflow/.local/lib/python3.10/site-packages/airflow/example_dags/example_datasets.py
[2023-02-11T13:36:25.237+0000] {logging_mixin.py:137} INFO - [2023-02-11T13:36:25.237+0000] {dag.py:2690} INFO - Sync 6 DAGs
[2023-02-11T13:36:25.456+0000] {logging_mixin.py:137} INFO - [2023-02-11T13:36:25.456+0000] {dag.py:3437} INFO - Setting next_dagrun for dataset_consumes_1 to None, run_after=None
[2023-02-11T13:36:25.510+0000] {logging_mixin.py:137} INFO - [2023-02-11T13:36:25.510+0000] {dag.py:3437} INFO - Setting next_dagrun for dataset_consumes_1_and_2 to None, run_after=None
[2023-02-11T13:36:25.537+0000] {logging_mixin.py:137} INFO - [2023-02-11T13:36:25.537+0000] {dag.py:3437} INFO - Setting next_dagrun for dataset_consumes_1_never_scheduled to None, run_after=None
[2023-02-11T13:36:25.556+0000] {logging_mixin.py:137} INFO - [2023-02-11T13:36:25.556+0000] {dag.py:3437} INFO - Setting next_dagrun for dataset_consumes_unknown_never_scheduled to None, run_after=None
[2023-02-11T13:36:25.588+0000] {logging_mixin.py:137} INFO - [2023-02-11T13:36:25.588+0000] {dag.py:3437} INFO - Setting next_dagrun for dataset_produces_1 to 2023-02-10T00:00:00+00:00, run_after=2023-02-11T00:00:00+00:00
[2023-02-11T13:36:25.613+0000] {logging_mixin.py:137} INFO - [2023-02-11T13:36:25.613+0000] {dag.py:3437} INFO - Setting next_dagrun for dataset_produces_2 to None, run_after=None
[2023-02-11T13:36:25.944+0000] {processor.py:175} INFO - Processing /home/airflow/.local/lib/python3.10/site-packages/airflow/example_dags/example_datasets.py took 2.003 seconds
[2023-02-11T13:36:56.242+0000] {processor.py:153} INFO - Started process (PID=111) to work on /home/airflow/.local/lib/python3.10/site-packages/airflow/example_dags/example_datasets.py
[2023-02-11T13:36:56.245+0000] {processor.py:743} INFO - Processing file /home/airflow/.local/lib/python3.10/site-packages/airflow/example_dags/example_datasets.py for tasks to queue
[2023-02-11T13:36:56.248+0000] {logging_mixin.py:137} INFO - [2023-02-11T13:36:56.247+0000] {dagbag.py:538} INFO - Filling up the DagBag from /home/airflow/.local/lib/python3.10/site-packages/airflow/example_dags/example_datasets.py
[2023-02-11T13:36:56.302+0000] {processor.py:753} INFO - DAG(s) dict_keys(['dataset_consumes_unknown_never_scheduled', 'dataset_produces_1', 'dataset_consumes_1_and_2', 'dataset_produces_2', 'dataset_consumes_1_never_scheduled', 'dataset_consumes_1']) retrieved from /home/airflow/.local/lib/python3.10/site-packages/airflow/example_dags/example_datasets.py
[2023-02-11T13:36:56.387+0000] {logging_mixin.py:137} INFO - [2023-02-11T13:36:56.387+0000] {dag.py:2690} INFO - Sync 6 DAGs
[2023-02-11T13:36:56.435+0000] {logging_mixin.py:137} INFO - [2023-02-11T13:36:56.434+0000] {dag.py:3437} INFO - Setting next_dagrun for dataset_consumes_1 to None, run_after=None
[2023-02-11T13:36:56.447+0000] {logging_mixin.py:137} INFO - [2023-02-11T13:36:56.446+0000] {dag.py:3437} INFO - Setting next_dagrun for dataset_consumes_1_and_2 to None, run_after=None
[2023-02-11T13:36:56.451+0000] {logging_mixin.py:137} INFO - [2023-02-11T13:36:56.451+0000] {dag.py:3437} INFO - Setting next_dagrun for dataset_consumes_1_never_scheduled to None, run_after=None
[2023-02-11T13:36:56.456+0000] {logging_mixin.py:137} INFO - [2023-02-11T13:36:56.455+0000] {dag.py:3437} INFO - Setting next_dagrun for dataset_consumes_unknown_never_scheduled to None, run_after=None
[2023-02-11T13:36:56.464+0000] {logging_mixin.py:137} INFO - [2023-02-11T13:36:56.464+0000] {dag.py:3437} INFO - Setting next_dagrun for dataset_produces_1 to 2023-02-10T00:00:00+00:00, run_after=2023-02-11T00:00:00+00:00
[2023-02-11T13:36:56.470+0000] {logging_mixin.py:137} INFO - [2023-02-11T13:36:56.470+0000] {dag.py:3437} INFO - Setting next_dagrun for dataset_produces_2 to None, run_after=None
[2023-02-11T13:36:56.572+0000] {processor.py:175} INFO - Processing /home/airflow/.local/lib/python3.10/site-packages/airflow/example_dags/example_datasets.py took 0.339 seconds
[2023-02-11T13:37:27.278+0000] {processor.py:153} INFO - Started process (PID=167) to work on /home/airflow/.local/lib/python3.10/site-packages/airflow/example_dags/example_datasets.py
[2023-02-11T13:37:27.283+0000] {processor.py:743} INFO - Processing file /home/airflow/.local/lib/python3.10/site-packages/airflow/example_dags/example_datasets.py for tasks to queue
[2023-02-11T13:37:27.286+0000] {logging_mixin.py:137} INFO - [2023-02-11T13:37:27.285+0000] {dagbag.py:538} INFO - Filling up the DagBag from /home/airflow/.local/lib/python3.10/site-packages/airflow/example_dags/example_datasets.py
[2023-02-11T13:37:27.329+0000] {processor.py:753} INFO - DAG(s) dict_keys(['dataset_produces_1', 'dataset_consumes_1_never_scheduled', 'dataset_produces_2', 'dataset_consumes_1_and_2', 'dataset_consumes_unknown_never_scheduled', 'dataset_consumes_1']) retrieved from /home/airflow/.local/lib/python3.10/site-packages/airflow/example_dags/example_datasets.py
[2023-02-11T13:37:27.445+0000] {logging_mixin.py:137} INFO - [2023-02-11T13:37:27.444+0000] {dag.py:2690} INFO - Sync 6 DAGs
[2023-02-11T13:37:27.572+0000] {logging_mixin.py:137} INFO - [2023-02-11T13:37:27.571+0000] {dag.py:3437} INFO - Setting next_dagrun for dataset_consumes_1 to None, run_after=None
[2023-02-11T13:37:27.592+0000] {logging_mixin.py:137} INFO - [2023-02-11T13:37:27.591+0000] {dag.py:3437} INFO - Setting next_dagrun for dataset_consumes_1_and_2 to None, run_after=None
[2023-02-11T13:37:27.599+0000] {logging_mixin.py:137} INFO - [2023-02-11T13:37:27.598+0000] {dag.py:3437} INFO - Setting next_dagrun for dataset_consumes_1_never_scheduled to None, run_after=None
[2023-02-11T13:37:27.601+0000] {logging_mixin.py:137} INFO - [2023-02-11T13:37:27.601+0000] {dag.py:3437} INFO - Setting next_dagrun for dataset_consumes_unknown_never_scheduled to None, run_after=None
[2023-02-11T13:37:27.607+0000] {logging_mixin.py:137} INFO - [2023-02-11T13:37:27.607+0000] {dag.py:3437} INFO - Setting next_dagrun for dataset_produces_1 to 2023-02-10T00:00:00+00:00, run_after=2023-02-11T00:00:00+00:00
[2023-02-11T13:37:27.613+0000] {logging_mixin.py:137} INFO - [2023-02-11T13:37:27.613+0000] {dag.py:3437} INFO - Setting next_dagrun for dataset_produces_2 to None, run_after=None
[2023-02-11T13:37:27.701+0000] {processor.py:175} INFO - Processing /home/airflow/.local/lib/python3.10/site-packages/airflow/example_dags/example_datasets.py took 0.433 seconds
[2023-02-11T13:37:58.538+0000] {processor.py:153} INFO - Started process (PID=222) to work on /home/airflow/.local/lib/python3.10/site-packages/airflow/example_dags/example_datasets.py
[2023-02-11T13:37:58.567+0000] {processor.py:743} INFO - Processing file /home/airflow/.local/lib/python3.10/site-packages/airflow/example_dags/example_datasets.py for tasks to queue
[2023-02-11T13:37:58.576+0000] {logging_mixin.py:137} INFO - [2023-02-11T13:37:58.573+0000] {dagbag.py:538} INFO - Filling up the DagBag from /home/airflow/.local/lib/python3.10/site-packages/airflow/example_dags/example_datasets.py
[2023-02-11T13:37:58.701+0000] {processor.py:753} INFO - DAG(s) dict_keys(['dataset_consumes_unknown_never_scheduled', 'dataset_consumes_1_never_scheduled', 'dataset_consumes_1_and_2', 'dataset_produces_1', 'dataset_consumes_1', 'dataset_produces_2']) retrieved from /home/airflow/.local/lib/python3.10/site-packages/airflow/example_dags/example_datasets.py
[2023-02-11T13:37:58.850+0000] {logging_mixin.py:137} INFO - [2023-02-11T13:37:58.850+0000] {dag.py:2690} INFO - Sync 6 DAGs
[2023-02-11T13:37:58.940+0000] {logging_mixin.py:137} INFO - [2023-02-11T13:37:58.940+0000] {dag.py:3437} INFO - Setting next_dagrun for dataset_consumes_1 to None, run_after=None
[2023-02-11T13:37:58.947+0000] {logging_mixin.py:137} INFO - [2023-02-11T13:37:58.947+0000] {dag.py:3437} INFO - Setting next_dagrun for dataset_consumes_1_and_2 to None, run_after=None
[2023-02-11T13:37:58.960+0000] {logging_mixin.py:137} INFO - [2023-02-11T13:37:58.960+0000] {dag.py:3437} INFO - Setting next_dagrun for dataset_consumes_1_never_scheduled to None, run_after=None
[2023-02-11T13:37:58.967+0000] {logging_mixin.py:137} INFO - [2023-02-11T13:37:58.967+0000] {dag.py:3437} INFO - Setting next_dagrun for dataset_consumes_unknown_never_scheduled to None, run_after=None
[2023-02-11T13:37:58.978+0000] {logging_mixin.py:137} INFO - [2023-02-11T13:37:58.978+0000] {dag.py:3437} INFO - Setting next_dagrun for dataset_produces_1 to 2023-02-10T00:00:00+00:00, run_after=2023-02-11T00:00:00+00:00
[2023-02-11T13:37:58.990+0000] {logging_mixin.py:137} INFO - [2023-02-11T13:37:58.989+0000] {dag.py:3437} INFO - Setting next_dagrun for dataset_produces_2 to None, run_after=None
[2023-02-11T13:37:59.100+0000] {processor.py:175} INFO - Processing /home/airflow/.local/lib/python3.10/site-packages/airflow/example_dags/example_datasets.py took 0.586 seconds
[2023-02-11T13:38:29.838+0000] {processor.py:153} INFO - Started process (PID=271) to work on /home/airflow/.local/lib/python3.10/site-packages/airflow/example_dags/example_datasets.py
[2023-02-11T13:38:29.848+0000] {processor.py:743} INFO - Processing file /home/airflow/.local/lib/python3.10/site-packages/airflow/example_dags/example_datasets.py for tasks to queue
[2023-02-11T13:38:29.859+0000] {logging_mixin.py:137} INFO - [2023-02-11T13:38:29.857+0000] {dagbag.py:538} INFO - Filling up the DagBag from /home/airflow/.local/lib/python3.10/site-packages/airflow/example_dags/example_datasets.py
[2023-02-11T13:38:29.991+0000] {processor.py:753} INFO - DAG(s) dict_keys(['dataset_consumes_unknown_never_scheduled', 'dataset_consumes_1', 'dataset_produces_1', 'dataset_consumes_1_never_scheduled', 'dataset_consumes_1_and_2', 'dataset_produces_2']) retrieved from /home/airflow/.local/lib/python3.10/site-packages/airflow/example_dags/example_datasets.py
[2023-02-11T13:38:30.225+0000] {logging_mixin.py:137} INFO - [2023-02-11T13:38:30.224+0000] {dag.py:2690} INFO - Sync 6 DAGs
[2023-02-11T13:38:30.391+0000] {logging_mixin.py:137} INFO - [2023-02-11T13:38:30.391+0000] {dag.py:3437} INFO - Setting next_dagrun for dataset_consumes_1 to None, run_after=None
[2023-02-11T13:38:30.420+0000] {logging_mixin.py:137} INFO - [2023-02-11T13:38:30.420+0000] {dag.py:3437} INFO - Setting next_dagrun for dataset_consumes_1_and_2 to None, run_after=None
[2023-02-11T13:38:30.431+0000] {logging_mixin.py:137} INFO - [2023-02-11T13:38:30.429+0000] {dag.py:3437} INFO - Setting next_dagrun for dataset_consumes_1_never_scheduled to None, run_after=None
[2023-02-11T13:38:30.442+0000] {logging_mixin.py:137} INFO - [2023-02-11T13:38:30.442+0000] {dag.py:3437} INFO - Setting next_dagrun for dataset_consumes_unknown_never_scheduled to None, run_after=None
[2023-02-11T13:38:30.460+0000] {logging_mixin.py:137} INFO - [2023-02-11T13:38:30.455+0000] {dag.py:3437} INFO - Setting next_dagrun for dataset_produces_1 to 2023-02-10T00:00:00+00:00, run_after=2023-02-11T00:00:00+00:00
[2023-02-11T13:38:30.468+0000] {logging_mixin.py:137} INFO - [2023-02-11T13:38:30.467+0000] {dag.py:3437} INFO - Setting next_dagrun for dataset_produces_2 to None, run_after=None
[2023-02-11T13:38:30.745+0000] {processor.py:175} INFO - Processing /home/airflow/.local/lib/python3.10/site-packages/airflow/example_dags/example_datasets.py took 0.946 seconds
