[2023-02-11T13:36:34.870+0000] {processor.py:153} INFO - Started process (PID=81) to work on /home/airflow/.local/lib/python3.10/site-packages/airflow/example_dags/example_branch_day_of_week_operator.py
[2023-02-11T13:36:34.875+0000] {processor.py:743} INFO - Processing file /home/airflow/.local/lib/python3.10/site-packages/airflow/example_dags/example_branch_day_of_week_operator.py for tasks to queue
[2023-02-11T13:36:34.880+0000] {logging_mixin.py:137} INFO - [2023-02-11T13:36:34.880+0000] {dagbag.py:538} INFO - Filling up the DagBag from /home/airflow/.local/lib/python3.10/site-packages/airflow/example_dags/example_branch_day_of_week_operator.py
[2023-02-11T13:36:34.970+0000] {processor.py:753} INFO - DAG(s) dict_keys(['example_weekday_branch_operator']) retrieved from /home/airflow/.local/lib/python3.10/site-packages/airflow/example_dags/example_branch_day_of_week_operator.py
[2023-02-11T13:36:35.034+0000] {logging_mixin.py:137} INFO - [2023-02-11T13:36:35.034+0000] {dag.py:2690} INFO - Sync 1 DAGs
[2023-02-11T13:36:35.079+0000] {logging_mixin.py:137} INFO - [2023-02-11T13:36:35.079+0000] {dag.py:3437} INFO - Setting next_dagrun for example_weekday_branch_operator to 2023-02-10T00:00:00+00:00, run_after=2023-02-11T00:00:00+00:00
[2023-02-11T13:36:35.115+0000] {processor.py:175} INFO - Processing /home/airflow/.local/lib/python3.10/site-packages/airflow/example_dags/example_branch_day_of_week_operator.py took 0.270 seconds
[2023-02-11T13:37:05.258+0000] {processor.py:153} INFO - Started process (PID=137) to work on /home/airflow/.local/lib/python3.10/site-packages/airflow/example_dags/example_branch_day_of_week_operator.py
[2023-02-11T13:37:05.261+0000] {processor.py:743} INFO - Processing file /home/airflow/.local/lib/python3.10/site-packages/airflow/example_dags/example_branch_day_of_week_operator.py for tasks to queue
[2023-02-11T13:37:05.267+0000] {logging_mixin.py:137} INFO - [2023-02-11T13:37:05.266+0000] {dagbag.py:538} INFO - Filling up the DagBag from /home/airflow/.local/lib/python3.10/site-packages/airflow/example_dags/example_branch_day_of_week_operator.py
[2023-02-11T13:37:05.318+0000] {processor.py:753} INFO - DAG(s) dict_keys(['example_weekday_branch_operator']) retrieved from /home/airflow/.local/lib/python3.10/site-packages/airflow/example_dags/example_branch_day_of_week_operator.py
[2023-02-11T13:37:05.386+0000] {logging_mixin.py:137} INFO - [2023-02-11T13:37:05.386+0000] {dag.py:2690} INFO - Sync 1 DAGs
[2023-02-11T13:37:05.496+0000] {logging_mixin.py:137} INFO - [2023-02-11T13:37:05.496+0000] {dag.py:3437} INFO - Setting next_dagrun for example_weekday_branch_operator to 2023-02-10T00:00:00+00:00, run_after=2023-02-11T00:00:00+00:00
[2023-02-11T13:37:05.579+0000] {processor.py:175} INFO - Processing /home/airflow/.local/lib/python3.10/site-packages/airflow/example_dags/example_branch_day_of_week_operator.py took 0.334 seconds
[2023-02-11T13:37:38.842+0000] {processor.py:153} INFO - Started process (PID=192) to work on /home/airflow/.local/lib/python3.10/site-packages/airflow/example_dags/example_branch_day_of_week_operator.py
[2023-02-11T13:37:38.845+0000] {processor.py:743} INFO - Processing file /home/airflow/.local/lib/python3.10/site-packages/airflow/example_dags/example_branch_day_of_week_operator.py for tasks to queue
[2023-02-11T13:37:38.847+0000] {logging_mixin.py:137} INFO - [2023-02-11T13:37:38.847+0000] {dagbag.py:538} INFO - Filling up the DagBag from /home/airflow/.local/lib/python3.10/site-packages/airflow/example_dags/example_branch_day_of_week_operator.py
[2023-02-11T13:37:38.972+0000] {processor.py:753} INFO - DAG(s) dict_keys(['example_weekday_branch_operator']) retrieved from /home/airflow/.local/lib/python3.10/site-packages/airflow/example_dags/example_branch_day_of_week_operator.py
[2023-02-11T13:37:39.075+0000] {logging_mixin.py:137} INFO - [2023-02-11T13:37:39.074+0000] {dag.py:2690} INFO - Sync 1 DAGs
[2023-02-11T13:37:39.144+0000] {logging_mixin.py:137} INFO - [2023-02-11T13:37:39.144+0000] {dag.py:3437} INFO - Setting next_dagrun for example_weekday_branch_operator to 2023-02-10T00:00:00+00:00, run_after=2023-02-11T00:00:00+00:00
[2023-02-11T13:37:39.185+0000] {processor.py:175} INFO - Processing /home/airflow/.local/lib/python3.10/site-packages/airflow/example_dags/example_branch_day_of_week_operator.py took 0.367 seconds
[2023-02-11T13:38:10.979+0000] {processor.py:153} INFO - Started process (PID=241) to work on /home/airflow/.local/lib/python3.10/site-packages/airflow/example_dags/example_branch_day_of_week_operator.py
[2023-02-11T13:38:10.988+0000] {processor.py:743} INFO - Processing file /home/airflow/.local/lib/python3.10/site-packages/airflow/example_dags/example_branch_day_of_week_operator.py for tasks to queue
[2023-02-11T13:38:11.004+0000] {logging_mixin.py:137} INFO - [2023-02-11T13:38:11.004+0000] {dagbag.py:538} INFO - Filling up the DagBag from /home/airflow/.local/lib/python3.10/site-packages/airflow/example_dags/example_branch_day_of_week_operator.py
[2023-02-11T13:38:11.098+0000] {processor.py:753} INFO - DAG(s) dict_keys(['example_weekday_branch_operator']) retrieved from /home/airflow/.local/lib/python3.10/site-packages/airflow/example_dags/example_branch_day_of_week_operator.py
[2023-02-11T13:38:11.271+0000] {logging_mixin.py:137} INFO - [2023-02-11T13:38:11.270+0000] {dag.py:2690} INFO - Sync 1 DAGs
[2023-02-11T13:38:11.494+0000] {logging_mixin.py:137} INFO - [2023-02-11T13:38:11.485+0000] {dag.py:3437} INFO - Setting next_dagrun for example_weekday_branch_operator to 2023-02-10T00:00:00+00:00, run_after=2023-02-11T00:00:00+00:00
[2023-02-11T13:38:11.689+0000] {processor.py:175} INFO - Processing /home/airflow/.local/lib/python3.10/site-packages/airflow/example_dags/example_branch_day_of_week_operator.py took 0.756 seconds
