[2023-02-11T13:36:32.740+0000] {processor.py:153} INFO - Started process (PID=76) to work on /home/airflow/.local/lib/python3.10/site-packages/airflow/example_dags/example_dynamic_task_mapping.py
[2023-02-11T13:36:32.753+0000] {processor.py:743} INFO - Processing file /home/airflow/.local/lib/python3.10/site-packages/airflow/example_dags/example_dynamic_task_mapping.py for tasks to queue
[2023-02-11T13:36:32.756+0000] {logging_mixin.py:137} INFO - [2023-02-11T13:36:32.755+0000] {dagbag.py:538} INFO - Filling up the DagBag from /home/airflow/.local/lib/python3.10/site-packages/airflow/example_dags/example_dynamic_task_mapping.py
[2023-02-11T13:36:32.802+0000] {processor.py:753} INFO - DAG(s) dict_keys(['example_dynamic_task_mapping']) retrieved from /home/airflow/.local/lib/python3.10/site-packages/airflow/example_dags/example_dynamic_task_mapping.py
[2023-02-11T13:36:33.128+0000] {logging_mixin.py:137} INFO - [2023-02-11T13:36:33.128+0000] {dag.py:2690} INFO - Sync 1 DAGs
[2023-02-11T13:36:33.708+0000] {logging_mixin.py:137} INFO - [2023-02-11T13:36:33.707+0000] {dag.py:3437} INFO - Setting next_dagrun for example_dynamic_task_mapping to 2022-03-04T00:00:00+00:00, run_after=2022-03-05T00:00:00+00:00
[2023-02-11T13:36:33.820+0000] {processor.py:175} INFO - Processing /home/airflow/.local/lib/python3.10/site-packages/airflow/example_dags/example_dynamic_task_mapping.py took 1.098 seconds
[2023-02-11T13:37:04.015+0000] {processor.py:153} INFO - Started process (PID=132) to work on /home/airflow/.local/lib/python3.10/site-packages/airflow/example_dags/example_dynamic_task_mapping.py
[2023-02-11T13:37:04.018+0000] {processor.py:743} INFO - Processing file /home/airflow/.local/lib/python3.10/site-packages/airflow/example_dags/example_dynamic_task_mapping.py for tasks to queue
[2023-02-11T13:37:04.021+0000] {logging_mixin.py:137} INFO - [2023-02-11T13:37:04.021+0000] {dagbag.py:538} INFO - Filling up the DagBag from /home/airflow/.local/lib/python3.10/site-packages/airflow/example_dags/example_dynamic_task_mapping.py
[2023-02-11T13:37:04.069+0000] {processor.py:753} INFO - DAG(s) dict_keys(['example_dynamic_task_mapping']) retrieved from /home/airflow/.local/lib/python3.10/site-packages/airflow/example_dags/example_dynamic_task_mapping.py
[2023-02-11T13:37:04.138+0000] {logging_mixin.py:137} INFO - [2023-02-11T13:37:04.138+0000] {dag.py:2690} INFO - Sync 1 DAGs
[2023-02-11T13:37:04.190+0000] {logging_mixin.py:137} INFO - [2023-02-11T13:37:04.190+0000] {dag.py:3437} INFO - Setting next_dagrun for example_dynamic_task_mapping to 2022-03-04T00:00:00+00:00, run_after=2022-03-05T00:00:00+00:00
[2023-02-11T13:37:04.256+0000] {processor.py:175} INFO - Processing /home/airflow/.local/lib/python3.10/site-packages/airflow/example_dags/example_dynamic_task_mapping.py took 0.249 seconds
[2023-02-11T13:37:36.961+0000] {processor.py:153} INFO - Started process (PID=187) to work on /home/airflow/.local/lib/python3.10/site-packages/airflow/example_dags/example_dynamic_task_mapping.py
[2023-02-11T13:37:36.993+0000] {processor.py:743} INFO - Processing file /home/airflow/.local/lib/python3.10/site-packages/airflow/example_dags/example_dynamic_task_mapping.py for tasks to queue
[2023-02-11T13:37:37.008+0000] {logging_mixin.py:137} INFO - [2023-02-11T13:37:37.007+0000] {dagbag.py:538} INFO - Filling up the DagBag from /home/airflow/.local/lib/python3.10/site-packages/airflow/example_dags/example_dynamic_task_mapping.py
[2023-02-11T13:37:37.282+0000] {processor.py:753} INFO - DAG(s) dict_keys(['example_dynamic_task_mapping']) retrieved from /home/airflow/.local/lib/python3.10/site-packages/airflow/example_dags/example_dynamic_task_mapping.py
[2023-02-11T13:37:37.444+0000] {logging_mixin.py:137} INFO - [2023-02-11T13:37:37.443+0000] {dag.py:2690} INFO - Sync 1 DAGs
[2023-02-11T13:37:37.511+0000] {logging_mixin.py:137} INFO - [2023-02-11T13:37:37.511+0000] {dag.py:3437} INFO - Setting next_dagrun for example_dynamic_task_mapping to 2022-03-04T00:00:00+00:00, run_after=2022-03-05T00:00:00+00:00
[2023-02-11T13:37:37.591+0000] {processor.py:175} INFO - Processing /home/airflow/.local/lib/python3.10/site-packages/airflow/example_dags/example_dynamic_task_mapping.py took 0.755 seconds
[2023-02-11T13:38:08.147+0000] {processor.py:153} INFO - Started process (PID=236) to work on /home/airflow/.local/lib/python3.10/site-packages/airflow/example_dags/example_dynamic_task_mapping.py
[2023-02-11T13:38:08.149+0000] {processor.py:743} INFO - Processing file /home/airflow/.local/lib/python3.10/site-packages/airflow/example_dags/example_dynamic_task_mapping.py for tasks to queue
[2023-02-11T13:38:08.152+0000] {logging_mixin.py:137} INFO - [2023-02-11T13:38:08.151+0000] {dagbag.py:538} INFO - Filling up the DagBag from /home/airflow/.local/lib/python3.10/site-packages/airflow/example_dags/example_dynamic_task_mapping.py
[2023-02-11T13:38:08.326+0000] {processor.py:753} INFO - DAG(s) dict_keys(['example_dynamic_task_mapping']) retrieved from /home/airflow/.local/lib/python3.10/site-packages/airflow/example_dags/example_dynamic_task_mapping.py
[2023-02-11T13:38:08.451+0000] {logging_mixin.py:137} INFO - [2023-02-11T13:38:08.451+0000] {dag.py:2690} INFO - Sync 1 DAGs
[2023-02-11T13:38:08.587+0000] {logging_mixin.py:137} INFO - [2023-02-11T13:38:08.587+0000] {dag.py:3437} INFO - Setting next_dagrun for example_dynamic_task_mapping to 2022-03-04T00:00:00+00:00, run_after=2022-03-05T00:00:00+00:00
[2023-02-11T13:38:09.039+0000] {processor.py:175} INFO - Processing /home/airflow/.local/lib/python3.10/site-packages/airflow/example_dags/example_dynamic_task_mapping.py took 0.914 seconds
