[2023-02-11T13:36:29.667+0000] {processor.py:153} INFO - Started process (PID=68) to work on /home/airflow/.local/lib/python3.10/site-packages/airflow/example_dags/example_branch_datetime_operator.py
[2023-02-11T13:36:29.689+0000] {processor.py:743} INFO - Processing file /home/airflow/.local/lib/python3.10/site-packages/airflow/example_dags/example_branch_datetime_operator.py for tasks to queue
[2023-02-11T13:36:29.700+0000] {logging_mixin.py:137} INFO - [2023-02-11T13:36:29.694+0000] {dagbag.py:538} INFO - Filling up the DagBag from /home/airflow/.local/lib/python3.10/site-packages/airflow/example_dags/example_branch_datetime_operator.py
[2023-02-11T13:36:29.794+0000] {processor.py:753} INFO - DAG(s) dict_keys(['example_branch_datetime_operator_2', 'example_branch_datetime_operator_3', 'example_branch_datetime_operator']) retrieved from /home/airflow/.local/lib/python3.10/site-packages/airflow/example_dags/example_branch_datetime_operator.py
[2023-02-11T13:36:30.037+0000] {logging_mixin.py:137} INFO - [2023-02-11T13:36:30.037+0000] {dag.py:2690} INFO - Sync 3 DAGs
[2023-02-11T13:36:30.289+0000] {logging_mixin.py:137} INFO - [2023-02-11T13:36:30.289+0000] {dag.py:3437} INFO - Setting next_dagrun for example_branch_datetime_operator to 2023-02-10T00:00:00+00:00, run_after=2023-02-11T00:00:00+00:00
[2023-02-11T13:36:30.329+0000] {logging_mixin.py:137} INFO - [2023-02-11T13:36:30.329+0000] {dag.py:3437} INFO - Setting next_dagrun for example_branch_datetime_operator_2 to 2023-02-10T00:00:00+00:00, run_after=2023-02-11T00:00:00+00:00
[2023-02-11T13:36:30.352+0000] {logging_mixin.py:137} INFO - [2023-02-11T13:36:30.352+0000] {dag.py:3437} INFO - Setting next_dagrun for example_branch_datetime_operator_3 to 2023-02-10T00:00:00+00:00, run_after=2023-02-11T00:00:00+00:00
[2023-02-11T13:36:30.455+0000] {processor.py:175} INFO - Processing /home/airflow/.local/lib/python3.10/site-packages/airflow/example_dags/example_branch_datetime_operator.py took 0.838 seconds
[2023-02-11T13:37:01.279+0000] {processor.py:153} INFO - Started process (PID=124) to work on /home/airflow/.local/lib/python3.10/site-packages/airflow/example_dags/example_branch_datetime_operator.py
[2023-02-11T13:37:01.292+0000] {processor.py:743} INFO - Processing file /home/airflow/.local/lib/python3.10/site-packages/airflow/example_dags/example_branch_datetime_operator.py for tasks to queue
[2023-02-11T13:37:01.303+0000] {logging_mixin.py:137} INFO - [2023-02-11T13:37:01.302+0000] {dagbag.py:538} INFO - Filling up the DagBag from /home/airflow/.local/lib/python3.10/site-packages/airflow/example_dags/example_branch_datetime_operator.py
[2023-02-11T13:37:01.522+0000] {processor.py:753} INFO - DAG(s) dict_keys(['example_branch_datetime_operator_3', 'example_branch_datetime_operator', 'example_branch_datetime_operator_2']) retrieved from /home/airflow/.local/lib/python3.10/site-packages/airflow/example_dags/example_branch_datetime_operator.py
[2023-02-11T13:37:01.801+0000] {logging_mixin.py:137} INFO - [2023-02-11T13:37:01.800+0000] {dag.py:2690} INFO - Sync 3 DAGs
[2023-02-11T13:37:01.909+0000] {logging_mixin.py:137} INFO - [2023-02-11T13:37:01.909+0000] {dag.py:3437} INFO - Setting next_dagrun for example_branch_datetime_operator to 2023-02-10T00:00:00+00:00, run_after=2023-02-11T00:00:00+00:00
[2023-02-11T13:37:01.933+0000] {logging_mixin.py:137} INFO - [2023-02-11T13:37:01.933+0000] {dag.py:3437} INFO - Setting next_dagrun for example_branch_datetime_operator_2 to 2023-02-10T00:00:00+00:00, run_after=2023-02-11T00:00:00+00:00
[2023-02-11T13:37:01.952+0000] {logging_mixin.py:137} INFO - [2023-02-11T13:37:01.951+0000] {dag.py:3437} INFO - Setting next_dagrun for example_branch_datetime_operator_3 to 2023-02-10T00:00:00+00:00, run_after=2023-02-11T00:00:00+00:00
[2023-02-11T13:37:02.037+0000] {processor.py:175} INFO - Processing /home/airflow/.local/lib/python3.10/site-packages/airflow/example_dags/example_branch_datetime_operator.py took 0.781 seconds
[2023-02-11T13:37:33.006+0000] {processor.py:153} INFO - Started process (PID=173) to work on /home/airflow/.local/lib/python3.10/site-packages/airflow/example_dags/example_branch_datetime_operator.py
[2023-02-11T13:37:33.021+0000] {processor.py:743} INFO - Processing file /home/airflow/.local/lib/python3.10/site-packages/airflow/example_dags/example_branch_datetime_operator.py for tasks to queue
[2023-02-11T13:37:33.032+0000] {logging_mixin.py:137} INFO - [2023-02-11T13:37:33.032+0000] {dagbag.py:538} INFO - Filling up the DagBag from /home/airflow/.local/lib/python3.10/site-packages/airflow/example_dags/example_branch_datetime_operator.py
[2023-02-11T13:37:33.353+0000] {processor.py:753} INFO - DAG(s) dict_keys(['example_branch_datetime_operator_3', 'example_branch_datetime_operator', 'example_branch_datetime_operator_2']) retrieved from /home/airflow/.local/lib/python3.10/site-packages/airflow/example_dags/example_branch_datetime_operator.py
[2023-02-11T13:37:33.580+0000] {logging_mixin.py:137} INFO - [2023-02-11T13:37:33.580+0000] {dag.py:2690} INFO - Sync 3 DAGs
[2023-02-11T13:37:33.784+0000] {logging_mixin.py:137} INFO - [2023-02-11T13:37:33.784+0000] {dag.py:3437} INFO - Setting next_dagrun for example_branch_datetime_operator to 2023-02-10T00:00:00+00:00, run_after=2023-02-11T00:00:00+00:00
[2023-02-11T13:37:33.844+0000] {logging_mixin.py:137} INFO - [2023-02-11T13:37:33.843+0000] {dag.py:3437} INFO - Setting next_dagrun for example_branch_datetime_operator_2 to 2023-02-10T00:00:00+00:00, run_after=2023-02-11T00:00:00+00:00
[2023-02-11T13:37:33.866+0000] {logging_mixin.py:137} INFO - [2023-02-11T13:37:33.866+0000] {dag.py:3437} INFO - Setting next_dagrun for example_branch_datetime_operator_3 to 2023-02-10T00:00:00+00:00, run_after=2023-02-11T00:00:00+00:00
[2023-02-11T13:37:34.024+0000] {processor.py:175} INFO - Processing /home/airflow/.local/lib/python3.10/site-packages/airflow/example_dags/example_branch_datetime_operator.py took 1.113 seconds
[2023-02-11T13:38:04.343+0000] {processor.py:153} INFO - Started process (PID=229) to work on /home/airflow/.local/lib/python3.10/site-packages/airflow/example_dags/example_branch_datetime_operator.py
[2023-02-11T13:38:04.346+0000] {processor.py:743} INFO - Processing file /home/airflow/.local/lib/python3.10/site-packages/airflow/example_dags/example_branch_datetime_operator.py for tasks to queue
[2023-02-11T13:38:04.350+0000] {logging_mixin.py:137} INFO - [2023-02-11T13:38:04.350+0000] {dagbag.py:538} INFO - Filling up the DagBag from /home/airflow/.local/lib/python3.10/site-packages/airflow/example_dags/example_branch_datetime_operator.py
[2023-02-11T13:38:04.398+0000] {processor.py:753} INFO - DAG(s) dict_keys(['example_branch_datetime_operator_2', 'example_branch_datetime_operator', 'example_branch_datetime_operator_3']) retrieved from /home/airflow/.local/lib/python3.10/site-packages/airflow/example_dags/example_branch_datetime_operator.py
[2023-02-11T13:38:04.507+0000] {logging_mixin.py:137} INFO - [2023-02-11T13:38:04.506+0000] {dag.py:2690} INFO - Sync 3 DAGs
[2023-02-11T13:38:04.560+0000] {logging_mixin.py:137} INFO - [2023-02-11T13:38:04.560+0000] {dag.py:3437} INFO - Setting next_dagrun for example_branch_datetime_operator to 2023-02-10T00:00:00+00:00, run_after=2023-02-11T00:00:00+00:00
[2023-02-11T13:38:04.569+0000] {logging_mixin.py:137} INFO - [2023-02-11T13:38:04.569+0000] {dag.py:3437} INFO - Setting next_dagrun for example_branch_datetime_operator_2 to 2023-02-10T00:00:00+00:00, run_after=2023-02-11T00:00:00+00:00
[2023-02-11T13:38:04.575+0000] {logging_mixin.py:137} INFO - [2023-02-11T13:38:04.574+0000] {dag.py:3437} INFO - Setting next_dagrun for example_branch_datetime_operator_3 to 2023-02-10T00:00:00+00:00, run_after=2023-02-11T00:00:00+00:00
[2023-02-11T13:38:04.602+0000] {processor.py:175} INFO - Processing /home/airflow/.local/lib/python3.10/site-packages/airflow/example_dags/example_branch_datetime_operator.py took 0.268 seconds
[2023-02-11T13:38:35.242+0000] {processor.py:153} INFO - Started process (PID=286) to work on /home/airflow/.local/lib/python3.10/site-packages/airflow/example_dags/example_branch_datetime_operator.py
[2023-02-11T13:38:35.300+0000] {processor.py:743} INFO - Processing file /home/airflow/.local/lib/python3.10/site-packages/airflow/example_dags/example_branch_datetime_operator.py for tasks to queue
[2023-02-11T13:38:35.352+0000] {logging_mixin.py:137} INFO - [2023-02-11T13:38:35.348+0000] {dagbag.py:538} INFO - Filling up the DagBag from /home/airflow/.local/lib/python3.10/site-packages/airflow/example_dags/example_branch_datetime_operator.py
[2023-02-11T13:38:35.525+0000] {processor.py:753} INFO - DAG(s) dict_keys(['example_branch_datetime_operator', 'example_branch_datetime_operator_3', 'example_branch_datetime_operator_2']) retrieved from /home/airflow/.local/lib/python3.10/site-packages/airflow/example_dags/example_branch_datetime_operator.py
[2023-02-11T13:38:36.209+0000] {logging_mixin.py:137} INFO - [2023-02-11T13:38:36.209+0000] {dag.py:2690} INFO - Sync 3 DAGs
[2023-02-11T13:38:36.457+0000] {logging_mixin.py:137} INFO - [2023-02-11T13:38:36.457+0000] {dag.py:3437} INFO - Setting next_dagrun for example_branch_datetime_operator to 2023-02-10T00:00:00+00:00, run_after=2023-02-11T00:00:00+00:00
[2023-02-11T13:38:36.550+0000] {logging_mixin.py:137} INFO - [2023-02-11T13:38:36.550+0000] {dag.py:3437} INFO - Setting next_dagrun for example_branch_datetime_operator_2 to 2023-02-10T00:00:00+00:00, run_after=2023-02-11T00:00:00+00:00
[2023-02-11T13:38:36.655+0000] {logging_mixin.py:137} INFO - [2023-02-11T13:38:36.654+0000] {dag.py:3437} INFO - Setting next_dagrun for example_branch_datetime_operator_3 to 2023-02-10T00:00:00+00:00, run_after=2023-02-11T00:00:00+00:00
[2023-02-11T13:38:36.867+0000] {processor.py:175} INFO - Processing /home/airflow/.local/lib/python3.10/site-packages/airflow/example_dags/example_branch_datetime_operator.py took 1.689 seconds
