[2023-02-11T13:36:25.050+0000] {processor.py:153} INFO - Started process (PID=63) to work on /home/airflow/.local/lib/python3.10/site-packages/airflow/example_dags/example_external_task_marker_dag.py
[2023-02-11T13:36:25.062+0000] {processor.py:743} INFO - Processing file /home/airflow/.local/lib/python3.10/site-packages/airflow/example_dags/example_external_task_marker_dag.py for tasks to queue
[2023-02-11T13:36:25.077+0000] {logging_mixin.py:137} INFO - [2023-02-11T13:36:25.076+0000] {dagbag.py:538} INFO - Filling up the DagBag from /home/airflow/.local/lib/python3.10/site-packages/airflow/example_dags/example_external_task_marker_dag.py
[2023-02-11T13:36:25.209+0000] {processor.py:753} INFO - DAG(s) dict_keys(['example_external_task_marker_parent', 'example_external_task_marker_child']) retrieved from /home/airflow/.local/lib/python3.10/site-packages/airflow/example_dags/example_external_task_marker_dag.py
[2023-02-11T13:36:25.868+0000] {logging_mixin.py:137} INFO - [2023-02-11T13:36:25.865+0000] {dag.py:2690} INFO - Sync 2 DAGs
[2023-02-11T13:36:26.099+0000] {logging_mixin.py:137} INFO - [2023-02-11T13:36:26.098+0000] {dag.py:3437} INFO - Setting next_dagrun for example_external_task_marker_child to None, run_after=None
[2023-02-11T13:36:26.142+0000] {logging_mixin.py:137} INFO - [2023-02-11T13:36:26.142+0000] {dag.py:3437} INFO - Setting next_dagrun for example_external_task_marker_parent to None, run_after=None
[2023-02-11T13:36:26.344+0000] {processor.py:175} INFO - Processing /home/airflow/.local/lib/python3.10/site-packages/airflow/example_dags/example_external_task_marker_dag.py took 1.326 seconds
[2023-02-11T13:36:56.758+0000] {processor.py:153} INFO - Started process (PID=112) to work on /home/airflow/.local/lib/python3.10/site-packages/airflow/example_dags/example_external_task_marker_dag.py
[2023-02-11T13:36:56.762+0000] {processor.py:743} INFO - Processing file /home/airflow/.local/lib/python3.10/site-packages/airflow/example_dags/example_external_task_marker_dag.py for tasks to queue
[2023-02-11T13:36:56.767+0000] {logging_mixin.py:137} INFO - [2023-02-11T13:36:56.766+0000] {dagbag.py:538} INFO - Filling up the DagBag from /home/airflow/.local/lib/python3.10/site-packages/airflow/example_dags/example_external_task_marker_dag.py
[2023-02-11T13:36:56.815+0000] {processor.py:753} INFO - DAG(s) dict_keys(['example_external_task_marker_child', 'example_external_task_marker_parent']) retrieved from /home/airflow/.local/lib/python3.10/site-packages/airflow/example_dags/example_external_task_marker_dag.py
[2023-02-11T13:36:56.865+0000] {logging_mixin.py:137} INFO - [2023-02-11T13:36:56.865+0000] {dag.py:2690} INFO - Sync 2 DAGs
[2023-02-11T13:36:56.911+0000] {logging_mixin.py:137} INFO - [2023-02-11T13:36:56.911+0000] {dag.py:3437} INFO - Setting next_dagrun for example_external_task_marker_child to None, run_after=None
[2023-02-11T13:36:56.921+0000] {logging_mixin.py:137} INFO - [2023-02-11T13:36:56.920+0000] {dag.py:3437} INFO - Setting next_dagrun for example_external_task_marker_parent to None, run_after=None
[2023-02-11T13:36:56.956+0000] {processor.py:175} INFO - Processing /home/airflow/.local/lib/python3.10/site-packages/airflow/example_dags/example_external_task_marker_dag.py took 0.262 seconds
[2023-02-11T13:37:27.291+0000] {processor.py:153} INFO - Started process (PID=168) to work on /home/airflow/.local/lib/python3.10/site-packages/airflow/example_dags/example_external_task_marker_dag.py
[2023-02-11T13:37:27.293+0000] {processor.py:743} INFO - Processing file /home/airflow/.local/lib/python3.10/site-packages/airflow/example_dags/example_external_task_marker_dag.py for tasks to queue
[2023-02-11T13:37:27.295+0000] {logging_mixin.py:137} INFO - [2023-02-11T13:37:27.295+0000] {dagbag.py:538} INFO - Filling up the DagBag from /home/airflow/.local/lib/python3.10/site-packages/airflow/example_dags/example_external_task_marker_dag.py
[2023-02-11T13:37:27.325+0000] {processor.py:753} INFO - DAG(s) dict_keys(['example_external_task_marker_child', 'example_external_task_marker_parent']) retrieved from /home/airflow/.local/lib/python3.10/site-packages/airflow/example_dags/example_external_task_marker_dag.py
[2023-02-11T13:37:27.395+0000] {logging_mixin.py:137} INFO - [2023-02-11T13:37:27.394+0000] {dag.py:2690} INFO - Sync 2 DAGs
[2023-02-11T13:37:27.538+0000] {logging_mixin.py:137} INFO - [2023-02-11T13:37:27.538+0000] {dag.py:3437} INFO - Setting next_dagrun for example_external_task_marker_child to None, run_after=None
[2023-02-11T13:37:27.578+0000] {logging_mixin.py:137} INFO - [2023-02-11T13:37:27.577+0000] {dag.py:3437} INFO - Setting next_dagrun for example_external_task_marker_parent to None, run_after=None
[2023-02-11T13:37:27.641+0000] {processor.py:175} INFO - Processing /home/airflow/.local/lib/python3.10/site-packages/airflow/example_dags/example_external_task_marker_dag.py took 0.359 seconds
[2023-02-11T13:37:58.985+0000] {processor.py:153} INFO - Started process (PID=223) to work on /home/airflow/.local/lib/python3.10/site-packages/airflow/example_dags/example_external_task_marker_dag.py
[2023-02-11T13:37:58.987+0000] {processor.py:743} INFO - Processing file /home/airflow/.local/lib/python3.10/site-packages/airflow/example_dags/example_external_task_marker_dag.py for tasks to queue
[2023-02-11T13:37:58.991+0000] {logging_mixin.py:137} INFO - [2023-02-11T13:37:58.990+0000] {dagbag.py:538} INFO - Filling up the DagBag from /home/airflow/.local/lib/python3.10/site-packages/airflow/example_dags/example_external_task_marker_dag.py
[2023-02-11T13:37:59.025+0000] {processor.py:753} INFO - DAG(s) dict_keys(['example_external_task_marker_parent', 'example_external_task_marker_child']) retrieved from /home/airflow/.local/lib/python3.10/site-packages/airflow/example_dags/example_external_task_marker_dag.py
[2023-02-11T13:37:59.076+0000] {logging_mixin.py:137} INFO - [2023-02-11T13:37:59.076+0000] {dag.py:2690} INFO - Sync 2 DAGs
[2023-02-11T13:37:59.124+0000] {logging_mixin.py:137} INFO - [2023-02-11T13:37:59.124+0000] {dag.py:3437} INFO - Setting next_dagrun for example_external_task_marker_child to None, run_after=None
[2023-02-11T13:37:59.134+0000] {logging_mixin.py:137} INFO - [2023-02-11T13:37:59.134+0000] {dag.py:3437} INFO - Setting next_dagrun for example_external_task_marker_parent to None, run_after=None
[2023-02-11T13:37:59.195+0000] {processor.py:175} INFO - Processing /home/airflow/.local/lib/python3.10/site-packages/airflow/example_dags/example_external_task_marker_dag.py took 0.222 seconds
[2023-02-11T13:38:30.123+0000] {processor.py:153} INFO - Started process (PID=272) to work on /home/airflow/.local/lib/python3.10/site-packages/airflow/example_dags/example_external_task_marker_dag.py
[2023-02-11T13:38:30.128+0000] {processor.py:743} INFO - Processing file /home/airflow/.local/lib/python3.10/site-packages/airflow/example_dags/example_external_task_marker_dag.py for tasks to queue
[2023-02-11T13:38:30.138+0000] {logging_mixin.py:137} INFO - [2023-02-11T13:38:30.137+0000] {dagbag.py:538} INFO - Filling up the DagBag from /home/airflow/.local/lib/python3.10/site-packages/airflow/example_dags/example_external_task_marker_dag.py
[2023-02-11T13:38:30.228+0000] {processor.py:753} INFO - DAG(s) dict_keys(['example_external_task_marker_parent', 'example_external_task_marker_child']) retrieved from /home/airflow/.local/lib/python3.10/site-packages/airflow/example_dags/example_external_task_marker_dag.py
[2023-02-11T13:38:30.429+0000] {logging_mixin.py:137} INFO - [2023-02-11T13:38:30.429+0000] {dag.py:2690} INFO - Sync 2 DAGs
[2023-02-11T13:38:30.573+0000] {logging_mixin.py:137} INFO - [2023-02-11T13:38:30.573+0000] {dag.py:3437} INFO - Setting next_dagrun for example_external_task_marker_child to None, run_after=None
[2023-02-11T13:38:30.626+0000] {logging_mixin.py:137} INFO - [2023-02-11T13:38:30.626+0000] {dag.py:3437} INFO - Setting next_dagrun for example_external_task_marker_parent to None, run_after=None
[2023-02-11T13:38:30.720+0000] {processor.py:175} INFO - Processing /home/airflow/.local/lib/python3.10/site-packages/airflow/example_dags/example_external_task_marker_dag.py took 0.612 seconds
