[2023-02-11T13:36:26.188+0000] {processor.py:153} INFO - Started process (PID=64) to work on /home/airflow/.local/lib/python3.10/site-packages/airflow/example_dags/example_subdag_operator.py
[2023-02-11T13:36:26.210+0000] {processor.py:743} INFO - Processing file /home/airflow/.local/lib/python3.10/site-packages/airflow/example_dags/example_subdag_operator.py for tasks to queue
[2023-02-11T13:36:26.212+0000] {logging_mixin.py:137} INFO - [2023-02-11T13:36:26.212+0000] {dagbag.py:538} INFO - Filling up the DagBag from /home/airflow/.local/lib/python3.10/site-packages/airflow/example_dags/example_subdag_operator.py
[2023-02-11T13:36:26.720+0000] {processor.py:753} INFO - DAG(s) dict_keys(['example_subdag_operator.section-1', 'example_subdag_operator.section-2', 'example_subdag_operator']) retrieved from /home/airflow/.local/lib/python3.10/site-packages/airflow/example_dags/example_subdag_operator.py
[2023-02-11T13:36:26.920+0000] {logging_mixin.py:137} INFO - [2023-02-11T13:36:26.920+0000] {dag.py:2690} INFO - Sync 3 DAGs
[2023-02-11T13:36:27.116+0000] {logging_mixin.py:137} INFO - [2023-02-11T13:36:27.116+0000] {dag.py:3437} INFO - Setting next_dagrun for example_subdag_operator to 2022-01-01T00:00:00+00:00, run_after=2022-01-01T00:00:00+00:00
[2023-02-11T13:36:27.179+0000] {logging_mixin.py:137} INFO - [2023-02-11T13:36:27.179+0000] {dag.py:3437} INFO - Setting next_dagrun for example_subdag_operator.section-1 to None, run_after=None
[2023-02-11T13:36:27.184+0000] {logging_mixin.py:137} INFO - [2023-02-11T13:36:27.183+0000] {dag.py:3437} INFO - Setting next_dagrun for example_subdag_operator.section-2 to None, run_after=None
[2023-02-11T13:36:27.220+0000] {logging_mixin.py:137} INFO - [2023-02-11T13:36:27.220+0000] {dag.py:2690} INFO - Sync 2 DAGs
[2023-02-11T13:36:27.264+0000] {logging_mixin.py:137} INFO - [2023-02-11T13:36:27.264+0000] {dag.py:3437} INFO - Setting next_dagrun for example_subdag_operator.section-1 to None, run_after=None
[2023-02-11T13:36:27.268+0000] {logging_mixin.py:137} INFO - [2023-02-11T13:36:27.267+0000] {dag.py:3437} INFO - Setting next_dagrun for example_subdag_operator.section-2 to None, run_after=None
[2023-02-11T13:36:27.349+0000] {processor.py:175} INFO - Processing /home/airflow/.local/lib/python3.10/site-packages/airflow/example_dags/example_subdag_operator.py took 1.166 seconds
[2023-02-11T13:36:57.780+0000] {processor.py:153} INFO - Started process (PID=119) to work on /home/airflow/.local/lib/python3.10/site-packages/airflow/example_dags/example_subdag_operator.py
[2023-02-11T13:36:57.788+0000] {processor.py:743} INFO - Processing file /home/airflow/.local/lib/python3.10/site-packages/airflow/example_dags/example_subdag_operator.py for tasks to queue
[2023-02-11T13:36:57.791+0000] {logging_mixin.py:137} INFO - [2023-02-11T13:36:57.791+0000] {dagbag.py:538} INFO - Filling up the DagBag from /home/airflow/.local/lib/python3.10/site-packages/airflow/example_dags/example_subdag_operator.py
[2023-02-11T13:36:57.986+0000] {processor.py:753} INFO - DAG(s) dict_keys(['example_subdag_operator.section-1', 'example_subdag_operator.section-2', 'example_subdag_operator']) retrieved from /home/airflow/.local/lib/python3.10/site-packages/airflow/example_dags/example_subdag_operator.py
[2023-02-11T13:36:58.171+0000] {logging_mixin.py:137} INFO - [2023-02-11T13:36:58.171+0000] {dag.py:2690} INFO - Sync 3 DAGs
[2023-02-11T13:36:58.355+0000] {logging_mixin.py:137} INFO - [2023-02-11T13:36:58.354+0000] {dag.py:3437} INFO - Setting next_dagrun for example_subdag_operator to 2022-01-01T00:00:00+00:00, run_after=2022-01-01T00:00:00+00:00
[2023-02-11T13:36:58.414+0000] {logging_mixin.py:137} INFO - [2023-02-11T13:36:58.413+0000] {dag.py:3437} INFO - Setting next_dagrun for example_subdag_operator.section-1 to None, run_after=None
[2023-02-11T13:36:58.426+0000] {logging_mixin.py:137} INFO - [2023-02-11T13:36:58.426+0000] {dag.py:3437} INFO - Setting next_dagrun for example_subdag_operator.section-2 to None, run_after=None
[2023-02-11T13:36:58.479+0000] {logging_mixin.py:137} INFO - [2023-02-11T13:36:58.477+0000] {dag.py:2690} INFO - Sync 2 DAGs
[2023-02-11T13:36:58.529+0000] {logging_mixin.py:137} INFO - [2023-02-11T13:36:58.529+0000] {dag.py:3437} INFO - Setting next_dagrun for example_subdag_operator.section-1 to None, run_after=None
[2023-02-11T13:36:58.534+0000] {logging_mixin.py:137} INFO - [2023-02-11T13:36:58.532+0000] {dag.py:3437} INFO - Setting next_dagrun for example_subdag_operator.section-2 to None, run_after=None
[2023-02-11T13:36:58.639+0000] {processor.py:175} INFO - Processing /home/airflow/.local/lib/python3.10/site-packages/airflow/example_dags/example_subdag_operator.py took 0.882 seconds
[2023-02-11T13:37:28.791+0000] {processor.py:153} INFO - Started process (PID=169) to work on /home/airflow/.local/lib/python3.10/site-packages/airflow/example_dags/example_subdag_operator.py
[2023-02-11T13:37:28.795+0000] {processor.py:743} INFO - Processing file /home/airflow/.local/lib/python3.10/site-packages/airflow/example_dags/example_subdag_operator.py for tasks to queue
[2023-02-11T13:37:28.802+0000] {logging_mixin.py:137} INFO - [2023-02-11T13:37:28.799+0000] {dagbag.py:538} INFO - Filling up the DagBag from /home/airflow/.local/lib/python3.10/site-packages/airflow/example_dags/example_subdag_operator.py
[2023-02-11T13:37:28.854+0000] {processor.py:753} INFO - DAG(s) dict_keys(['example_subdag_operator.section-1', 'example_subdag_operator.section-2', 'example_subdag_operator']) retrieved from /home/airflow/.local/lib/python3.10/site-packages/airflow/example_dags/example_subdag_operator.py
[2023-02-11T13:37:28.886+0000] {logging_mixin.py:137} INFO - [2023-02-11T13:37:28.885+0000] {dag.py:2690} INFO - Sync 3 DAGs
[2023-02-11T13:37:28.957+0000] {logging_mixin.py:137} INFO - [2023-02-11T13:37:28.957+0000] {dag.py:3437} INFO - Setting next_dagrun for example_subdag_operator to 2022-01-01T00:00:00+00:00, run_after=2022-01-01T00:00:00+00:00
[2023-02-11T13:37:28.974+0000] {logging_mixin.py:137} INFO - [2023-02-11T13:37:28.974+0000] {dag.py:3437} INFO - Setting next_dagrun for example_subdag_operator.section-1 to None, run_after=None
[2023-02-11T13:37:28.979+0000] {logging_mixin.py:137} INFO - [2023-02-11T13:37:28.979+0000] {dag.py:3437} INFO - Setting next_dagrun for example_subdag_operator.section-2 to None, run_after=None
[2023-02-11T13:37:28.997+0000] {logging_mixin.py:137} INFO - [2023-02-11T13:37:28.996+0000] {dag.py:2690} INFO - Sync 2 DAGs
[2023-02-11T13:37:29.006+0000] {logging_mixin.py:137} INFO - [2023-02-11T13:37:29.006+0000] {dag.py:3437} INFO - Setting next_dagrun for example_subdag_operator.section-1 to None, run_after=None
[2023-02-11T13:37:29.008+0000] {logging_mixin.py:137} INFO - [2023-02-11T13:37:29.008+0000] {dag.py:3437} INFO - Setting next_dagrun for example_subdag_operator.section-2 to None, run_after=None
[2023-02-11T13:37:29.035+0000] {processor.py:175} INFO - Processing /home/airflow/.local/lib/python3.10/site-packages/airflow/example_dags/example_subdag_operator.py took 0.253 seconds
[2023-02-11T13:37:59.223+0000] {processor.py:153} INFO - Started process (PID=224) to work on /home/airflow/.local/lib/python3.10/site-packages/airflow/example_dags/example_subdag_operator.py
[2023-02-11T13:37:59.235+0000] {processor.py:743} INFO - Processing file /home/airflow/.local/lib/python3.10/site-packages/airflow/example_dags/example_subdag_operator.py for tasks to queue
[2023-02-11T13:37:59.237+0000] {logging_mixin.py:137} INFO - [2023-02-11T13:37:59.237+0000] {dagbag.py:538} INFO - Filling up the DagBag from /home/airflow/.local/lib/python3.10/site-packages/airflow/example_dags/example_subdag_operator.py
[2023-02-11T13:37:59.305+0000] {processor.py:753} INFO - DAG(s) dict_keys(['example_subdag_operator.section-1', 'example_subdag_operator.section-2', 'example_subdag_operator']) retrieved from /home/airflow/.local/lib/python3.10/site-packages/airflow/example_dags/example_subdag_operator.py
[2023-02-11T13:37:59.340+0000] {logging_mixin.py:137} INFO - [2023-02-11T13:37:59.339+0000] {dag.py:2690} INFO - Sync 3 DAGs
[2023-02-11T13:37:59.376+0000] {logging_mixin.py:137} INFO - [2023-02-11T13:37:59.376+0000] {dag.py:3437} INFO - Setting next_dagrun for example_subdag_operator to 2022-01-01T00:00:00+00:00, run_after=2022-01-01T00:00:00+00:00
[2023-02-11T13:37:59.395+0000] {logging_mixin.py:137} INFO - [2023-02-11T13:37:59.395+0000] {dag.py:3437} INFO - Setting next_dagrun for example_subdag_operator.section-1 to None, run_after=None
[2023-02-11T13:37:59.398+0000] {logging_mixin.py:137} INFO - [2023-02-11T13:37:59.398+0000] {dag.py:3437} INFO - Setting next_dagrun for example_subdag_operator.section-2 to None, run_after=None
[2023-02-11T13:37:59.410+0000] {logging_mixin.py:137} INFO - [2023-02-11T13:37:59.410+0000] {dag.py:2690} INFO - Sync 2 DAGs
[2023-02-11T13:37:59.429+0000] {logging_mixin.py:137} INFO - [2023-02-11T13:37:59.428+0000] {dag.py:3437} INFO - Setting next_dagrun for example_subdag_operator.section-1 to None, run_after=None
[2023-02-11T13:37:59.431+0000] {logging_mixin.py:137} INFO - [2023-02-11T13:37:59.430+0000] {dag.py:3437} INFO - Setting next_dagrun for example_subdag_operator.section-2 to None, run_after=None
[2023-02-11T13:37:59.462+0000] {processor.py:175} INFO - Processing /home/airflow/.local/lib/python3.10/site-packages/airflow/example_dags/example_subdag_operator.py took 0.250 seconds
[2023-02-11T13:38:30.846+0000] {processor.py:153} INFO - Started process (PID=273) to work on /home/airflow/.local/lib/python3.10/site-packages/airflow/example_dags/example_subdag_operator.py
[2023-02-11T13:38:30.849+0000] {processor.py:743} INFO - Processing file /home/airflow/.local/lib/python3.10/site-packages/airflow/example_dags/example_subdag_operator.py for tasks to queue
[2023-02-11T13:38:30.854+0000] {logging_mixin.py:137} INFO - [2023-02-11T13:38:30.853+0000] {dagbag.py:538} INFO - Filling up the DagBag from /home/airflow/.local/lib/python3.10/site-packages/airflow/example_dags/example_subdag_operator.py
[2023-02-11T13:38:30.916+0000] {processor.py:753} INFO - DAG(s) dict_keys(['example_subdag_operator.section-1', 'example_subdag_operator.section-2', 'example_subdag_operator']) retrieved from /home/airflow/.local/lib/python3.10/site-packages/airflow/example_dags/example_subdag_operator.py
[2023-02-11T13:38:30.977+0000] {logging_mixin.py:137} INFO - [2023-02-11T13:38:30.976+0000] {dag.py:2690} INFO - Sync 3 DAGs
[2023-02-11T13:38:31.042+0000] {logging_mixin.py:137} INFO - [2023-02-11T13:38:31.042+0000] {dag.py:3437} INFO - Setting next_dagrun for example_subdag_operator to 2022-01-01T00:00:00+00:00, run_after=2022-01-01T00:00:00+00:00
[2023-02-11T13:38:31.053+0000] {logging_mixin.py:137} INFO - [2023-02-11T13:38:31.053+0000] {dag.py:3437} INFO - Setting next_dagrun for example_subdag_operator.section-1 to None, run_after=None
[2023-02-11T13:38:31.058+0000] {logging_mixin.py:137} INFO - [2023-02-11T13:38:31.057+0000] {dag.py:3437} INFO - Setting next_dagrun for example_subdag_operator.section-2 to None, run_after=None
[2023-02-11T13:38:31.078+0000] {logging_mixin.py:137} INFO - [2023-02-11T13:38:31.078+0000] {dag.py:2690} INFO - Sync 2 DAGs
[2023-02-11T13:38:31.127+0000] {logging_mixin.py:137} INFO - [2023-02-11T13:38:31.126+0000] {dag.py:3437} INFO - Setting next_dagrun for example_subdag_operator.section-1 to None, run_after=None
[2023-02-11T13:38:31.128+0000] {logging_mixin.py:137} INFO - [2023-02-11T13:38:31.128+0000] {dag.py:3437} INFO - Setting next_dagrun for example_subdag_operator.section-2 to None, run_after=None
[2023-02-11T13:38:31.309+0000] {processor.py:175} INFO - Processing /home/airflow/.local/lib/python3.10/site-packages/airflow/example_dags/example_subdag_operator.py took 0.476 seconds
