[2023-02-11T13:36:27.587+0000] {processor.py:153} INFO - Started process (PID=66) to work on /home/airflow/.local/lib/python3.10/site-packages/airflow/example_dags/example_kubernetes_executor.py
[2023-02-11T13:36:27.603+0000] {processor.py:743} INFO - Processing file /home/airflow/.local/lib/python3.10/site-packages/airflow/example_dags/example_kubernetes_executor.py for tasks to queue
[2023-02-11T13:36:27.624+0000] {logging_mixin.py:137} INFO - [2023-02-11T13:36:27.623+0000] {dagbag.py:538} INFO - Filling up the DagBag from /home/airflow/.local/lib/python3.10/site-packages/airflow/example_dags/example_kubernetes_executor.py
[2023-02-11T13:36:28.307+0000] {processor.py:753} INFO - DAG(s) dict_keys(['example_kubernetes_executor']) retrieved from /home/airflow/.local/lib/python3.10/site-packages/airflow/example_dags/example_kubernetes_executor.py
[2023-02-11T13:36:28.617+0000] {logging_mixin.py:137} INFO - [2023-02-11T13:36:28.617+0000] {dag.py:2690} INFO - Sync 1 DAGs
[2023-02-11T13:36:28.839+0000] {logging_mixin.py:137} INFO - [2023-02-11T13:36:28.833+0000] {dag.py:3437} INFO - Setting next_dagrun for example_kubernetes_executor to None, run_after=None
[2023-02-11T13:36:29.135+0000] {processor.py:175} INFO - Processing /home/airflow/.local/lib/python3.10/site-packages/airflow/example_dags/example_kubernetes_executor.py took 1.570 seconds
[2023-02-11T13:36:59.803+0000] {processor.py:153} INFO - Started process (PID=122) to work on /home/airflow/.local/lib/python3.10/site-packages/airflow/example_dags/example_kubernetes_executor.py
[2023-02-11T13:36:59.812+0000] {processor.py:743} INFO - Processing file /home/airflow/.local/lib/python3.10/site-packages/airflow/example_dags/example_kubernetes_executor.py for tasks to queue
[2023-02-11T13:36:59.816+0000] {logging_mixin.py:137} INFO - [2023-02-11T13:36:59.815+0000] {dagbag.py:538} INFO - Filling up the DagBag from /home/airflow/.local/lib/python3.10/site-packages/airflow/example_dags/example_kubernetes_executor.py
[2023-02-11T13:37:00.448+0000] {processor.py:753} INFO - DAG(s) dict_keys(['example_kubernetes_executor']) retrieved from /home/airflow/.local/lib/python3.10/site-packages/airflow/example_dags/example_kubernetes_executor.py
[2023-02-11T13:37:00.790+0000] {logging_mixin.py:137} INFO - [2023-02-11T13:37:00.789+0000] {dag.py:2690} INFO - Sync 1 DAGs
[2023-02-11T13:37:01.040+0000] {logging_mixin.py:137} INFO - [2023-02-11T13:37:01.039+0000] {dag.py:3437} INFO - Setting next_dagrun for example_kubernetes_executor to None, run_after=None
[2023-02-11T13:37:01.207+0000] {processor.py:175} INFO - Processing /home/airflow/.local/lib/python3.10/site-packages/airflow/example_dags/example_kubernetes_executor.py took 1.424 seconds
[2023-02-11T13:37:31.482+0000] {processor.py:153} INFO - Started process (PID=171) to work on /home/airflow/.local/lib/python3.10/site-packages/airflow/example_dags/example_kubernetes_executor.py
[2023-02-11T13:37:31.492+0000] {processor.py:743} INFO - Processing file /home/airflow/.local/lib/python3.10/site-packages/airflow/example_dags/example_kubernetes_executor.py for tasks to queue
[2023-02-11T13:37:31.512+0000] {logging_mixin.py:137} INFO - [2023-02-11T13:37:31.507+0000] {dagbag.py:538} INFO - Filling up the DagBag from /home/airflow/.local/lib/python3.10/site-packages/airflow/example_dags/example_kubernetes_executor.py
[2023-02-11T13:37:31.808+0000] {processor.py:753} INFO - DAG(s) dict_keys(['example_kubernetes_executor']) retrieved from /home/airflow/.local/lib/python3.10/site-packages/airflow/example_dags/example_kubernetes_executor.py
[2023-02-11T13:37:32.375+0000] {logging_mixin.py:137} INFO - [2023-02-11T13:37:32.375+0000] {dag.py:2690} INFO - Sync 1 DAGs
[2023-02-11T13:37:32.703+0000] {logging_mixin.py:137} INFO - [2023-02-11T13:37:32.703+0000] {dag.py:3437} INFO - Setting next_dagrun for example_kubernetes_executor to None, run_after=None
[2023-02-11T13:37:32.933+0000] {processor.py:175} INFO - Processing /home/airflow/.local/lib/python3.10/site-packages/airflow/example_dags/example_kubernetes_executor.py took 1.495 seconds
[2023-02-11T13:38:03.403+0000] {processor.py:153} INFO - Started process (PID=228) to work on /home/airflow/.local/lib/python3.10/site-packages/airflow/example_dags/example_kubernetes_executor.py
[2023-02-11T13:38:03.532+0000] {processor.py:743} INFO - Processing file /home/airflow/.local/lib/python3.10/site-packages/airflow/example_dags/example_kubernetes_executor.py for tasks to queue
[2023-02-11T13:38:03.544+0000] {logging_mixin.py:137} INFO - [2023-02-11T13:38:03.543+0000] {dagbag.py:538} INFO - Filling up the DagBag from /home/airflow/.local/lib/python3.10/site-packages/airflow/example_dags/example_kubernetes_executor.py
[2023-02-11T13:38:03.671+0000] {processor.py:753} INFO - DAG(s) dict_keys(['example_kubernetes_executor']) retrieved from /home/airflow/.local/lib/python3.10/site-packages/airflow/example_dags/example_kubernetes_executor.py
[2023-02-11T13:38:03.791+0000] {logging_mixin.py:137} INFO - [2023-02-11T13:38:03.791+0000] {dag.py:2690} INFO - Sync 1 DAGs
[2023-02-11T13:38:03.845+0000] {logging_mixin.py:137} INFO - [2023-02-11T13:38:03.845+0000] {dag.py:3437} INFO - Setting next_dagrun for example_kubernetes_executor to None, run_after=None
[2023-02-11T13:38:03.893+0000] {processor.py:175} INFO - Processing /home/airflow/.local/lib/python3.10/site-packages/airflow/example_dags/example_kubernetes_executor.py took 0.511 seconds
[2023-02-11T13:38:34.536+0000] {processor.py:153} INFO - Started process (PID=285) to work on /home/airflow/.local/lib/python3.10/site-packages/airflow/example_dags/example_kubernetes_executor.py
[2023-02-11T13:38:34.538+0000] {processor.py:743} INFO - Processing file /home/airflow/.local/lib/python3.10/site-packages/airflow/example_dags/example_kubernetes_executor.py for tasks to queue
[2023-02-11T13:38:34.540+0000] {logging_mixin.py:137} INFO - [2023-02-11T13:38:34.540+0000] {dagbag.py:538} INFO - Filling up the DagBag from /home/airflow/.local/lib/python3.10/site-packages/airflow/example_dags/example_kubernetes_executor.py
[2023-02-11T13:38:34.614+0000] {processor.py:753} INFO - DAG(s) dict_keys(['example_kubernetes_executor']) retrieved from /home/airflow/.local/lib/python3.10/site-packages/airflow/example_dags/example_kubernetes_executor.py
[2023-02-11T13:38:34.711+0000] {logging_mixin.py:137} INFO - [2023-02-11T13:38:34.710+0000] {dag.py:2690} INFO - Sync 1 DAGs
[2023-02-11T13:38:34.888+0000] {logging_mixin.py:137} INFO - [2023-02-11T13:38:34.888+0000] {dag.py:3437} INFO - Setting next_dagrun for example_kubernetes_executor to None, run_after=None
[2023-02-11T13:38:35.139+0000] {processor.py:175} INFO - Processing /home/airflow/.local/lib/python3.10/site-packages/airflow/example_dags/example_kubernetes_executor.py took 0.610 seconds
