[2023-02-11T13:36:17.550+0000] {processor.py:153} INFO - Started process (PID=47) to work on /home/airflow/.local/lib/python3.10/site-packages/airflow/example_dags/example_branch_python_dop_operator_3.py
[2023-02-11T13:36:17.571+0000] {processor.py:743} INFO - Processing file /home/airflow/.local/lib/python3.10/site-packages/airflow/example_dags/example_branch_python_dop_operator_3.py for tasks to queue
[2023-02-11T13:36:17.591+0000] {logging_mixin.py:137} INFO - [2023-02-11T13:36:17.591+0000] {dagbag.py:538} INFO - Filling up the DagBag from /home/airflow/.local/lib/python3.10/site-packages/airflow/example_dags/example_branch_python_dop_operator_3.py
[2023-02-11T13:36:19.521+0000] {processor.py:753} INFO - DAG(s) dict_keys(['example_branch_dop_operator_v3']) retrieved from /home/airflow/.local/lib/python3.10/site-packages/airflow/example_dags/example_branch_python_dop_operator_3.py
[2023-02-11T13:36:19.708+0000] {logging_mixin.py:137} INFO - [2023-02-11T13:36:19.708+0000] {dag.py:2690} INFO - Sync 1 DAGs
[2023-02-11T13:36:19.848+0000] {logging_mixin.py:137} INFO - [2023-02-11T13:36:19.847+0000] {dag.py:3437} INFO - Setting next_dagrun for example_branch_dop_operator_v3 to 2023-02-11T13:35:00+00:00, run_after=2023-02-11T13:36:00+00:00
[2023-02-11T13:36:19.929+0000] {processor.py:175} INFO - Processing /home/airflow/.local/lib/python3.10/site-packages/airflow/example_dags/example_branch_python_dop_operator_3.py took 2.413 seconds
[2023-02-11T13:36:50.159+0000] {processor.py:153} INFO - Started process (PID=102) to work on /home/airflow/.local/lib/python3.10/site-packages/airflow/example_dags/example_branch_python_dop_operator_3.py
[2023-02-11T13:36:50.161+0000] {processor.py:743} INFO - Processing file /home/airflow/.local/lib/python3.10/site-packages/airflow/example_dags/example_branch_python_dop_operator_3.py for tasks to queue
[2023-02-11T13:36:50.166+0000] {logging_mixin.py:137} INFO - [2023-02-11T13:36:50.165+0000] {dagbag.py:538} INFO - Filling up the DagBag from /home/airflow/.local/lib/python3.10/site-packages/airflow/example_dags/example_branch_python_dop_operator_3.py
[2023-02-11T13:36:50.236+0000] {processor.py:753} INFO - DAG(s) dict_keys(['example_branch_dop_operator_v3']) retrieved from /home/airflow/.local/lib/python3.10/site-packages/airflow/example_dags/example_branch_python_dop_operator_3.py
[2023-02-11T13:36:50.301+0000] {logging_mixin.py:137} INFO - [2023-02-11T13:36:50.301+0000] {dag.py:2690} INFO - Sync 1 DAGs
[2023-02-11T13:36:50.345+0000] {logging_mixin.py:137} INFO - [2023-02-11T13:36:50.345+0000] {dag.py:3437} INFO - Setting next_dagrun for example_branch_dop_operator_v3 to 2023-02-11T13:35:00+00:00, run_after=2023-02-11T13:36:00+00:00
[2023-02-11T13:36:50.387+0000] {processor.py:175} INFO - Processing /home/airflow/.local/lib/python3.10/site-packages/airflow/example_dags/example_branch_python_dop_operator_3.py took 0.233 seconds
[2023-02-11T13:37:21.022+0000] {processor.py:153} INFO - Started process (PID=158) to work on /home/airflow/.local/lib/python3.10/site-packages/airflow/example_dags/example_branch_python_dop_operator_3.py
[2023-02-11T13:37:21.026+0000] {processor.py:743} INFO - Processing file /home/airflow/.local/lib/python3.10/site-packages/airflow/example_dags/example_branch_python_dop_operator_3.py for tasks to queue
[2023-02-11T13:37:21.042+0000] {logging_mixin.py:137} INFO - [2023-02-11T13:37:21.039+0000] {dagbag.py:538} INFO - Filling up the DagBag from /home/airflow/.local/lib/python3.10/site-packages/airflow/example_dags/example_branch_python_dop_operator_3.py
[2023-02-11T13:37:21.107+0000] {processor.py:753} INFO - DAG(s) dict_keys(['example_branch_dop_operator_v3']) retrieved from /home/airflow/.local/lib/python3.10/site-packages/airflow/example_dags/example_branch_python_dop_operator_3.py
[2023-02-11T13:37:21.160+0000] {logging_mixin.py:137} INFO - [2023-02-11T13:37:21.159+0000] {dag.py:2690} INFO - Sync 1 DAGs
[2023-02-11T13:37:21.223+0000] {logging_mixin.py:137} INFO - [2023-02-11T13:37:21.223+0000] {dag.py:3437} INFO - Setting next_dagrun for example_branch_dop_operator_v3 to 2023-02-11T13:36:00+00:00, run_after=2023-02-11T13:37:00+00:00
[2023-02-11T13:37:21.269+0000] {processor.py:175} INFO - Processing /home/airflow/.local/lib/python3.10/site-packages/airflow/example_dags/example_branch_python_dop_operator_3.py took 0.284 seconds
[2023-02-11T13:37:52.243+0000] {processor.py:153} INFO - Started process (PID=206) to work on /home/airflow/.local/lib/python3.10/site-packages/airflow/example_dags/example_branch_python_dop_operator_3.py
[2023-02-11T13:37:52.263+0000] {processor.py:743} INFO - Processing file /home/airflow/.local/lib/python3.10/site-packages/airflow/example_dags/example_branch_python_dop_operator_3.py for tasks to queue
[2023-02-11T13:37:52.271+0000] {logging_mixin.py:137} INFO - [2023-02-11T13:37:52.271+0000] {dagbag.py:538} INFO - Filling up the DagBag from /home/airflow/.local/lib/python3.10/site-packages/airflow/example_dags/example_branch_python_dop_operator_3.py
[2023-02-11T13:37:52.441+0000] {processor.py:753} INFO - DAG(s) dict_keys(['example_branch_dop_operator_v3']) retrieved from /home/airflow/.local/lib/python3.10/site-packages/airflow/example_dags/example_branch_python_dop_operator_3.py
[2023-02-11T13:37:52.517+0000] {logging_mixin.py:137} INFO - [2023-02-11T13:37:52.517+0000] {dag.py:2690} INFO - Sync 1 DAGs
[2023-02-11T13:37:52.617+0000] {logging_mixin.py:137} INFO - [2023-02-11T13:37:52.617+0000] {dag.py:3437} INFO - Setting next_dagrun for example_branch_dop_operator_v3 to 2023-02-11T13:36:00+00:00, run_after=2023-02-11T13:37:00+00:00
[2023-02-11T13:37:52.693+0000] {processor.py:175} INFO - Processing /home/airflow/.local/lib/python3.10/site-packages/airflow/example_dags/example_branch_python_dop_operator_3.py took 0.515 seconds
[2023-02-11T13:38:22.979+0000] {processor.py:153} INFO - Started process (PID=262) to work on /home/airflow/.local/lib/python3.10/site-packages/airflow/example_dags/example_branch_python_dop_operator_3.py
[2023-02-11T13:38:22.985+0000] {processor.py:743} INFO - Processing file /home/airflow/.local/lib/python3.10/site-packages/airflow/example_dags/example_branch_python_dop_operator_3.py for tasks to queue
[2023-02-11T13:38:22.990+0000] {logging_mixin.py:137} INFO - [2023-02-11T13:38:22.990+0000] {dagbag.py:538} INFO - Filling up the DagBag from /home/airflow/.local/lib/python3.10/site-packages/airflow/example_dags/example_branch_python_dop_operator_3.py
[2023-02-11T13:38:23.073+0000] {processor.py:753} INFO - DAG(s) dict_keys(['example_branch_dop_operator_v3']) retrieved from /home/airflow/.local/lib/python3.10/site-packages/airflow/example_dags/example_branch_python_dop_operator_3.py
[2023-02-11T13:38:23.134+0000] {logging_mixin.py:137} INFO - [2023-02-11T13:38:23.134+0000] {dag.py:2690} INFO - Sync 1 DAGs
[2023-02-11T13:38:23.187+0000] {logging_mixin.py:137} INFO - [2023-02-11T13:38:23.187+0000] {dag.py:3437} INFO - Setting next_dagrun for example_branch_dop_operator_v3 to 2023-02-11T13:37:00+00:00, run_after=2023-02-11T13:38:00+00:00
[2023-02-11T13:38:23.230+0000] {processor.py:175} INFO - Processing /home/airflow/.local/lib/python3.10/site-packages/airflow/example_dags/example_branch_python_dop_operator_3.py took 0.267 seconds
