[2023-02-11T13:36:22.720+0000] {processor.py:153} INFO - Started process (PID=59) to work on /home/airflow/.local/lib/python3.10/site-packages/airflow/example_dags/example_latest_only_with_trigger.py
[2023-02-11T13:36:22.734+0000] {processor.py:743} INFO - Processing file /home/airflow/.local/lib/python3.10/site-packages/airflow/example_dags/example_latest_only_with_trigger.py for tasks to queue
[2023-02-11T13:36:22.743+0000] {logging_mixin.py:137} INFO - [2023-02-11T13:36:22.742+0000] {dagbag.py:538} INFO - Filling up the DagBag from /home/airflow/.local/lib/python3.10/site-packages/airflow/example_dags/example_latest_only_with_trigger.py
[2023-02-11T13:36:22.928+0000] {processor.py:753} INFO - DAG(s) dict_keys(['latest_only_with_trigger']) retrieved from /home/airflow/.local/lib/python3.10/site-packages/airflow/example_dags/example_latest_only_with_trigger.py
[2023-02-11T13:36:23.153+0000] {logging_mixin.py:137} INFO - [2023-02-11T13:36:23.153+0000] {dag.py:2690} INFO - Sync 1 DAGs
[2023-02-11T13:36:23.430+0000] {logging_mixin.py:137} INFO - [2023-02-11T13:36:23.430+0000] {dag.py:3437} INFO - Setting next_dagrun for latest_only_with_trigger to 2023-02-11T09:36:23.430421+00:00, run_after=2023-02-11T13:36:23.430421+00:00
[2023-02-11T13:36:23.585+0000] {processor.py:175} INFO - Processing /home/airflow/.local/lib/python3.10/site-packages/airflow/example_dags/example_latest_only_with_trigger.py took 0.899 seconds
[2023-02-11T13:36:53.987+0000] {processor.py:153} INFO - Started process (PID=109) to work on /home/airflow/.local/lib/python3.10/site-packages/airflow/example_dags/example_latest_only_with_trigger.py
[2023-02-11T13:36:53.990+0000] {processor.py:743} INFO - Processing file /home/airflow/.local/lib/python3.10/site-packages/airflow/example_dags/example_latest_only_with_trigger.py for tasks to queue
[2023-02-11T13:36:53.994+0000] {logging_mixin.py:137} INFO - [2023-02-11T13:36:53.994+0000] {dagbag.py:538} INFO - Filling up the DagBag from /home/airflow/.local/lib/python3.10/site-packages/airflow/example_dags/example_latest_only_with_trigger.py
[2023-02-11T13:36:54.024+0000] {processor.py:753} INFO - DAG(s) dict_keys(['latest_only_with_trigger']) retrieved from /home/airflow/.local/lib/python3.10/site-packages/airflow/example_dags/example_latest_only_with_trigger.py
[2023-02-11T13:36:54.091+0000] {logging_mixin.py:137} INFO - [2023-02-11T13:36:54.091+0000] {dag.py:2690} INFO - Sync 1 DAGs
[2023-02-11T13:36:54.130+0000] {logging_mixin.py:137} INFO - [2023-02-11T13:36:54.130+0000] {dag.py:3437} INFO - Setting next_dagrun for latest_only_with_trigger to 2023-02-11T09:36:54.130077+00:00, run_after=2023-02-11T13:36:54.130077+00:00
[2023-02-11T13:36:54.164+0000] {processor.py:175} INFO - Processing /home/airflow/.local/lib/python3.10/site-packages/airflow/example_dags/example_latest_only_with_trigger.py took 0.184 seconds
[2023-02-11T13:37:24.982+0000] {processor.py:153} INFO - Started process (PID=165) to work on /home/airflow/.local/lib/python3.10/site-packages/airflow/example_dags/example_latest_only_with_trigger.py
[2023-02-11T13:37:24.985+0000] {processor.py:743} INFO - Processing file /home/airflow/.local/lib/python3.10/site-packages/airflow/example_dags/example_latest_only_with_trigger.py for tasks to queue
[2023-02-11T13:37:24.988+0000] {logging_mixin.py:137} INFO - [2023-02-11T13:37:24.988+0000] {dagbag.py:538} INFO - Filling up the DagBag from /home/airflow/.local/lib/python3.10/site-packages/airflow/example_dags/example_latest_only_with_trigger.py
[2023-02-11T13:37:25.019+0000] {processor.py:753} INFO - DAG(s) dict_keys(['latest_only_with_trigger']) retrieved from /home/airflow/.local/lib/python3.10/site-packages/airflow/example_dags/example_latest_only_with_trigger.py
[2023-02-11T13:37:25.095+0000] {logging_mixin.py:137} INFO - [2023-02-11T13:37:25.095+0000] {dag.py:2690} INFO - Sync 1 DAGs
[2023-02-11T13:37:25.145+0000] {logging_mixin.py:137} INFO - [2023-02-11T13:37:25.145+0000] {dag.py:3437} INFO - Setting next_dagrun for latest_only_with_trigger to 2023-02-11T09:37:25.144858+00:00, run_after=2023-02-11T13:37:25.144858+00:00
[2023-02-11T13:37:25.191+0000] {processor.py:175} INFO - Processing /home/airflow/.local/lib/python3.10/site-packages/airflow/example_dags/example_latest_only_with_trigger.py took 0.219 seconds
[2023-02-11T13:37:57.894+0000] {processor.py:153} INFO - Started process (PID=220) to work on /home/airflow/.local/lib/python3.10/site-packages/airflow/example_dags/example_latest_only_with_trigger.py
[2023-02-11T13:37:57.896+0000] {processor.py:743} INFO - Processing file /home/airflow/.local/lib/python3.10/site-packages/airflow/example_dags/example_latest_only_with_trigger.py for tasks to queue
[2023-02-11T13:37:57.902+0000] {logging_mixin.py:137} INFO - [2023-02-11T13:37:57.900+0000] {dagbag.py:538} INFO - Filling up the DagBag from /home/airflow/.local/lib/python3.10/site-packages/airflow/example_dags/example_latest_only_with_trigger.py
[2023-02-11T13:37:57.970+0000] {processor.py:753} INFO - DAG(s) dict_keys(['latest_only_with_trigger']) retrieved from /home/airflow/.local/lib/python3.10/site-packages/airflow/example_dags/example_latest_only_with_trigger.py
[2023-02-11T13:37:58.126+0000] {logging_mixin.py:137} INFO - [2023-02-11T13:37:58.126+0000] {dag.py:2690} INFO - Sync 1 DAGs
[2023-02-11T13:37:58.277+0000] {logging_mixin.py:137} INFO - [2023-02-11T13:37:58.276+0000] {dag.py:3437} INFO - Setting next_dagrun for latest_only_with_trigger to 2023-02-11T09:37:58.276347+00:00, run_after=2023-02-11T13:37:58.276347+00:00
[2023-02-11T13:37:58.403+0000] {processor.py:175} INFO - Processing /home/airflow/.local/lib/python3.10/site-packages/airflow/example_dags/example_latest_only_with_trigger.py took 0.517 seconds
[2023-02-11T13:38:29.164+0000] {processor.py:153} INFO - Started process (PID=269) to work on /home/airflow/.local/lib/python3.10/site-packages/airflow/example_dags/example_latest_only_with_trigger.py
[2023-02-11T13:38:29.184+0000] {processor.py:743} INFO - Processing file /home/airflow/.local/lib/python3.10/site-packages/airflow/example_dags/example_latest_only_with_trigger.py for tasks to queue
[2023-02-11T13:38:29.191+0000] {logging_mixin.py:137} INFO - [2023-02-11T13:38:29.190+0000] {dagbag.py:538} INFO - Filling up the DagBag from /home/airflow/.local/lib/python3.10/site-packages/airflow/example_dags/example_latest_only_with_trigger.py
[2023-02-11T13:38:29.304+0000] {processor.py:753} INFO - DAG(s) dict_keys(['latest_only_with_trigger']) retrieved from /home/airflow/.local/lib/python3.10/site-packages/airflow/example_dags/example_latest_only_with_trigger.py
[2023-02-11T13:38:29.478+0000] {logging_mixin.py:137} INFO - [2023-02-11T13:38:29.478+0000] {dag.py:2690} INFO - Sync 1 DAGs
[2023-02-11T13:38:29.565+0000] {logging_mixin.py:137} INFO - [2023-02-11T13:38:29.565+0000] {dag.py:3437} INFO - Setting next_dagrun for latest_only_with_trigger to 2023-02-11T09:38:29.564874+00:00, run_after=2023-02-11T13:38:29.564874+00:00
[2023-02-11T13:38:29.676+0000] {processor.py:175} INFO - Processing /home/airflow/.local/lib/python3.10/site-packages/airflow/example_dags/example_latest_only_with_trigger.py took 0.529 seconds
