[2023-02-11T13:36:21.539+0000] {processor.py:153} INFO - Started process (PID=51) to work on /home/airflow/.local/lib/python3.10/site-packages/airflow/example_dags/example_branch_operator_decorator.py
[2023-02-11T13:36:21.605+0000] {processor.py:743} INFO - Processing file /home/airflow/.local/lib/python3.10/site-packages/airflow/example_dags/example_branch_operator_decorator.py for tasks to queue
[2023-02-11T13:36:21.608+0000] {logging_mixin.py:137} INFO - [2023-02-11T13:36:21.607+0000] {dagbag.py:538} INFO - Filling up the DagBag from /home/airflow/.local/lib/python3.10/site-packages/airflow/example_dags/example_branch_operator_decorator.py
[2023-02-11T13:36:21.858+0000] {processor.py:753} INFO - DAG(s) dict_keys(['example_branch_python_operator_decorator']) retrieved from /home/airflow/.local/lib/python3.10/site-packages/airflow/example_dags/example_branch_operator_decorator.py
[2023-02-11T13:36:22.052+0000] {logging_mixin.py:137} INFO - [2023-02-11T13:36:22.051+0000] {dag.py:2690} INFO - Sync 1 DAGs
[2023-02-11T13:36:22.239+0000] {logging_mixin.py:137} INFO - [2023-02-11T13:36:22.239+0000] {dag.py:3437} INFO - Setting next_dagrun for example_branch_python_operator_decorator to 2023-02-10T00:00:00+00:00, run_after=2023-02-11T00:00:00+00:00
[2023-02-11T13:36:22.398+0000] {processor.py:175} INFO - Processing /home/airflow/.local/lib/python3.10/site-packages/airflow/example_dags/example_branch_operator_decorator.py took 0.894 seconds
[2023-02-11T13:36:52.731+0000] {processor.py:153} INFO - Started process (PID=107) to work on /home/airflow/.local/lib/python3.10/site-packages/airflow/example_dags/example_branch_operator_decorator.py
[2023-02-11T13:36:52.733+0000] {processor.py:743} INFO - Processing file /home/airflow/.local/lib/python3.10/site-packages/airflow/example_dags/example_branch_operator_decorator.py for tasks to queue
[2023-02-11T13:36:52.735+0000] {logging_mixin.py:137} INFO - [2023-02-11T13:36:52.735+0000] {dagbag.py:538} INFO - Filling up the DagBag from /home/airflow/.local/lib/python3.10/site-packages/airflow/example_dags/example_branch_operator_decorator.py
[2023-02-11T13:36:52.779+0000] {processor.py:753} INFO - DAG(s) dict_keys(['example_branch_python_operator_decorator']) retrieved from /home/airflow/.local/lib/python3.10/site-packages/airflow/example_dags/example_branch_operator_decorator.py
[2023-02-11T13:36:52.836+0000] {logging_mixin.py:137} INFO - [2023-02-11T13:36:52.836+0000] {dag.py:2690} INFO - Sync 1 DAGs
[2023-02-11T13:36:52.873+0000] {logging_mixin.py:137} INFO - [2023-02-11T13:36:52.872+0000] {dag.py:3437} INFO - Setting next_dagrun for example_branch_python_operator_decorator to 2023-02-10T00:00:00+00:00, run_after=2023-02-11T00:00:00+00:00
[2023-02-11T13:36:52.906+0000] {processor.py:175} INFO - Processing /home/airflow/.local/lib/python3.10/site-packages/airflow/example_dags/example_branch_operator_decorator.py took 0.182 seconds
[2023-02-11T13:37:23.640+0000] {processor.py:153} INFO - Started process (PID=163) to work on /home/airflow/.local/lib/python3.10/site-packages/airflow/example_dags/example_branch_operator_decorator.py
[2023-02-11T13:37:23.658+0000] {processor.py:743} INFO - Processing file /home/airflow/.local/lib/python3.10/site-packages/airflow/example_dags/example_branch_operator_decorator.py for tasks to queue
[2023-02-11T13:37:23.671+0000] {logging_mixin.py:137} INFO - [2023-02-11T13:37:23.671+0000] {dagbag.py:538} INFO - Filling up the DagBag from /home/airflow/.local/lib/python3.10/site-packages/airflow/example_dags/example_branch_operator_decorator.py
[2023-02-11T13:37:23.760+0000] {processor.py:753} INFO - DAG(s) dict_keys(['example_branch_python_operator_decorator']) retrieved from /home/airflow/.local/lib/python3.10/site-packages/airflow/example_dags/example_branch_operator_decorator.py
[2023-02-11T13:37:23.843+0000] {logging_mixin.py:137} INFO - [2023-02-11T13:37:23.843+0000] {dag.py:2690} INFO - Sync 1 DAGs
[2023-02-11T13:37:23.890+0000] {logging_mixin.py:137} INFO - [2023-02-11T13:37:23.889+0000] {dag.py:3437} INFO - Setting next_dagrun for example_branch_python_operator_decorator to 2023-02-10T00:00:00+00:00, run_after=2023-02-11T00:00:00+00:00
[2023-02-11T13:37:23.928+0000] {processor.py:175} INFO - Processing /home/airflow/.local/lib/python3.10/site-packages/airflow/example_dags/example_branch_operator_decorator.py took 0.295 seconds
[2023-02-11T13:37:56.777+0000] {processor.py:153} INFO - Started process (PID=218) to work on /home/airflow/.local/lib/python3.10/site-packages/airflow/example_dags/example_branch_operator_decorator.py
[2023-02-11T13:37:56.783+0000] {processor.py:743} INFO - Processing file /home/airflow/.local/lib/python3.10/site-packages/airflow/example_dags/example_branch_operator_decorator.py for tasks to queue
[2023-02-11T13:37:56.794+0000] {logging_mixin.py:137} INFO - [2023-02-11T13:37:56.793+0000] {dagbag.py:538} INFO - Filling up the DagBag from /home/airflow/.local/lib/python3.10/site-packages/airflow/example_dags/example_branch_operator_decorator.py
[2023-02-11T13:37:57.036+0000] {processor.py:753} INFO - DAG(s) dict_keys(['example_branch_python_operator_decorator']) retrieved from /home/airflow/.local/lib/python3.10/site-packages/airflow/example_dags/example_branch_operator_decorator.py
[2023-02-11T13:37:57.251+0000] {logging_mixin.py:137} INFO - [2023-02-11T13:37:57.250+0000] {dag.py:2690} INFO - Sync 1 DAGs
[2023-02-11T13:37:57.493+0000] {logging_mixin.py:137} INFO - [2023-02-11T13:37:57.492+0000] {dag.py:3437} INFO - Setting next_dagrun for example_branch_python_operator_decorator to 2023-02-10T00:00:00+00:00, run_after=2023-02-11T00:00:00+00:00
[2023-02-11T13:37:57.706+0000] {processor.py:175} INFO - Processing /home/airflow/.local/lib/python3.10/site-packages/airflow/example_dags/example_branch_operator_decorator.py took 0.992 seconds
[2023-02-11T13:38:28.395+0000] {processor.py:153} INFO - Started process (PID=267) to work on /home/airflow/.local/lib/python3.10/site-packages/airflow/example_dags/example_branch_operator_decorator.py
[2023-02-11T13:38:28.402+0000] {processor.py:743} INFO - Processing file /home/airflow/.local/lib/python3.10/site-packages/airflow/example_dags/example_branch_operator_decorator.py for tasks to queue
[2023-02-11T13:38:28.419+0000] {logging_mixin.py:137} INFO - [2023-02-11T13:38:28.413+0000] {dagbag.py:538} INFO - Filling up the DagBag from /home/airflow/.local/lib/python3.10/site-packages/airflow/example_dags/example_branch_operator_decorator.py
[2023-02-11T13:38:28.605+0000] {processor.py:753} INFO - DAG(s) dict_keys(['example_branch_python_operator_decorator']) retrieved from /home/airflow/.local/lib/python3.10/site-packages/airflow/example_dags/example_branch_operator_decorator.py
[2023-02-11T13:38:28.743+0000] {logging_mixin.py:137} INFO - [2023-02-11T13:38:28.743+0000] {dag.py:2690} INFO - Sync 1 DAGs
[2023-02-11T13:38:28.856+0000] {logging_mixin.py:137} INFO - [2023-02-11T13:38:28.856+0000] {dag.py:3437} INFO - Setting next_dagrun for example_branch_python_operator_decorator to 2023-02-10T00:00:00+00:00, run_after=2023-02-11T00:00:00+00:00
[2023-02-11T13:38:28.978+0000] {processor.py:175} INFO - Processing /home/airflow/.local/lib/python3.10/site-packages/airflow/example_dags/example_branch_operator_decorator.py took 0.618 seconds
