[2023-02-11T13:36:21.109+0000] {processor.py:153} INFO - Started process (PID=50) to work on /home/airflow/.local/lib/python3.10/site-packages/airflow/example_dags/example_short_circuit_operator.py
[2023-02-11T13:36:21.115+0000] {processor.py:743} INFO - Processing file /home/airflow/.local/lib/python3.10/site-packages/airflow/example_dags/example_short_circuit_operator.py for tasks to queue
[2023-02-11T13:36:21.118+0000] {logging_mixin.py:137} INFO - [2023-02-11T13:36:21.117+0000] {dagbag.py:538} INFO - Filling up the DagBag from /home/airflow/.local/lib/python3.10/site-packages/airflow/example_dags/example_short_circuit_operator.py
[2023-02-11T13:36:21.248+0000] {processor.py:753} INFO - DAG(s) dict_keys(['example_short_circuit_operator']) retrieved from /home/airflow/.local/lib/python3.10/site-packages/airflow/example_dags/example_short_circuit_operator.py
[2023-02-11T13:36:21.374+0000] {logging_mixin.py:137} INFO - [2023-02-11T13:36:21.374+0000] {dag.py:2690} INFO - Sync 1 DAGs
[2023-02-11T13:36:21.682+0000] {logging_mixin.py:137} INFO - [2023-02-11T13:36:21.681+0000] {dag.py:3437} INFO - Setting next_dagrun for example_short_circuit_operator to 2023-02-10T13:36:21.681429+00:00, run_after=2023-02-11T13:36:21.681429+00:00
[2023-02-11T13:36:21.819+0000] {processor.py:175} INFO - Processing /home/airflow/.local/lib/python3.10/site-packages/airflow/example_dags/example_short_circuit_operator.py took 0.732 seconds
[2023-02-11T13:36:52.704+0000] {processor.py:153} INFO - Started process (PID=106) to work on /home/airflow/.local/lib/python3.10/site-packages/airflow/example_dags/example_short_circuit_operator.py
[2023-02-11T13:36:52.706+0000] {processor.py:743} INFO - Processing file /home/airflow/.local/lib/python3.10/site-packages/airflow/example_dags/example_short_circuit_operator.py for tasks to queue
[2023-02-11T13:36:52.709+0000] {logging_mixin.py:137} INFO - [2023-02-11T13:36:52.708+0000] {dagbag.py:538} INFO - Filling up the DagBag from /home/airflow/.local/lib/python3.10/site-packages/airflow/example_dags/example_short_circuit_operator.py
[2023-02-11T13:36:52.749+0000] {processor.py:753} INFO - DAG(s) dict_keys(['example_short_circuit_operator']) retrieved from /home/airflow/.local/lib/python3.10/site-packages/airflow/example_dags/example_short_circuit_operator.py
[2023-02-11T13:36:52.809+0000] {logging_mixin.py:137} INFO - [2023-02-11T13:36:52.809+0000] {dag.py:2690} INFO - Sync 1 DAGs
[2023-02-11T13:36:52.849+0000] {logging_mixin.py:137} INFO - [2023-02-11T13:36:52.849+0000] {dag.py:3437} INFO - Setting next_dagrun for example_short_circuit_operator to 2023-02-10T13:36:52.849157+00:00, run_after=2023-02-11T13:36:52.849157+00:00
[2023-02-11T13:36:52.886+0000] {processor.py:175} INFO - Processing /home/airflow/.local/lib/python3.10/site-packages/airflow/example_dags/example_short_circuit_operator.py took 0.192 seconds
[2023-02-11T13:37:23.625+0000] {processor.py:153} INFO - Started process (PID=162) to work on /home/airflow/.local/lib/python3.10/site-packages/airflow/example_dags/example_short_circuit_operator.py
[2023-02-11T13:37:23.629+0000] {processor.py:743} INFO - Processing file /home/airflow/.local/lib/python3.10/site-packages/airflow/example_dags/example_short_circuit_operator.py for tasks to queue
[2023-02-11T13:37:23.639+0000] {logging_mixin.py:137} INFO - [2023-02-11T13:37:23.639+0000] {dagbag.py:538} INFO - Filling up the DagBag from /home/airflow/.local/lib/python3.10/site-packages/airflow/example_dags/example_short_circuit_operator.py
[2023-02-11T13:37:23.723+0000] {processor.py:753} INFO - DAG(s) dict_keys(['example_short_circuit_operator']) retrieved from /home/airflow/.local/lib/python3.10/site-packages/airflow/example_dags/example_short_circuit_operator.py
[2023-02-11T13:37:23.778+0000] {logging_mixin.py:137} INFO - [2023-02-11T13:37:23.778+0000] {dag.py:2690} INFO - Sync 1 DAGs
[2023-02-11T13:37:23.847+0000] {logging_mixin.py:137} INFO - [2023-02-11T13:37:23.847+0000] {dag.py:3437} INFO - Setting next_dagrun for example_short_circuit_operator to 2023-02-10T13:37:23.846860+00:00, run_after=2023-02-11T13:37:23.846860+00:00
[2023-02-11T13:37:23.875+0000] {processor.py:175} INFO - Processing /home/airflow/.local/lib/python3.10/site-packages/airflow/example_dags/example_short_circuit_operator.py took 0.262 seconds
[2023-02-11T13:37:55.806+0000] {processor.py:153} INFO - Started process (PID=217) to work on /home/airflow/.local/lib/python3.10/site-packages/airflow/example_dags/example_short_circuit_operator.py
[2023-02-11T13:37:55.827+0000] {processor.py:743} INFO - Processing file /home/airflow/.local/lib/python3.10/site-packages/airflow/example_dags/example_short_circuit_operator.py for tasks to queue
[2023-02-11T13:37:56.139+0000] {logging_mixin.py:137} INFO - [2023-02-11T13:37:56.138+0000] {dagbag.py:538} INFO - Filling up the DagBag from /home/airflow/.local/lib/python3.10/site-packages/airflow/example_dags/example_short_circuit_operator.py
[2023-02-11T13:37:56.770+0000] {processor.py:753} INFO - DAG(s) dict_keys(['example_short_circuit_operator']) retrieved from /home/airflow/.local/lib/python3.10/site-packages/airflow/example_dags/example_short_circuit_operator.py
[2023-02-11T13:37:57.000+0000] {logging_mixin.py:137} INFO - [2023-02-11T13:37:56.999+0000] {dag.py:2690} INFO - Sync 1 DAGs
[2023-02-11T13:37:57.209+0000] {logging_mixin.py:137} INFO - [2023-02-11T13:37:57.194+0000] {dag.py:3437} INFO - Setting next_dagrun for example_short_circuit_operator to 2023-02-10T13:37:57.177755+00:00, run_after=2023-02-11T13:37:57.177755+00:00
[2023-02-11T13:37:57.390+0000] {processor.py:175} INFO - Processing /home/airflow/.local/lib/python3.10/site-packages/airflow/example_dags/example_short_circuit_operator.py took 1.701 seconds
[2023-02-11T13:38:27.887+0000] {processor.py:153} INFO - Started process (PID=266) to work on /home/airflow/.local/lib/python3.10/site-packages/airflow/example_dags/example_short_circuit_operator.py
[2023-02-11T13:38:27.897+0000] {processor.py:743} INFO - Processing file /home/airflow/.local/lib/python3.10/site-packages/airflow/example_dags/example_short_circuit_operator.py for tasks to queue
[2023-02-11T13:38:27.902+0000] {logging_mixin.py:137} INFO - [2023-02-11T13:38:27.902+0000] {dagbag.py:538} INFO - Filling up the DagBag from /home/airflow/.local/lib/python3.10/site-packages/airflow/example_dags/example_short_circuit_operator.py
[2023-02-11T13:38:27.999+0000] {processor.py:753} INFO - DAG(s) dict_keys(['example_short_circuit_operator']) retrieved from /home/airflow/.local/lib/python3.10/site-packages/airflow/example_dags/example_short_circuit_operator.py
[2023-02-11T13:38:28.135+0000] {logging_mixin.py:137} INFO - [2023-02-11T13:38:28.135+0000] {dag.py:2690} INFO - Sync 1 DAGs
[2023-02-11T13:38:28.287+0000] {logging_mixin.py:137} INFO - [2023-02-11T13:38:28.287+0000] {dag.py:3437} INFO - Setting next_dagrun for example_short_circuit_operator to 2023-02-10T13:38:28.287201+00:00, run_after=2023-02-11T13:38:28.287201+00:00
[2023-02-11T13:38:28.413+0000] {processor.py:175} INFO - Processing /home/airflow/.local/lib/python3.10/site-packages/airflow/example_dags/example_short_circuit_operator.py took 0.543 seconds
