[2023-02-11T13:36:23.297+0000] {processor.py:153} INFO - Started process (PID=61) to work on /home/airflow/.local/lib/python3.10/site-packages/airflow/example_dags/example_task_group_decorator.py
[2023-02-11T13:36:23.319+0000] {processor.py:743} INFO - Processing file /home/airflow/.local/lib/python3.10/site-packages/airflow/example_dags/example_task_group_decorator.py for tasks to queue
[2023-02-11T13:36:23.327+0000] {logging_mixin.py:137} INFO - [2023-02-11T13:36:23.324+0000] {dagbag.py:538} INFO - Filling up the DagBag from /home/airflow/.local/lib/python3.10/site-packages/airflow/example_dags/example_task_group_decorator.py
[2023-02-11T13:36:23.630+0000] {processor.py:753} INFO - DAG(s) dict_keys(['example_task_group_decorator']) retrieved from /home/airflow/.local/lib/python3.10/site-packages/airflow/example_dags/example_task_group_decorator.py
[2023-02-11T13:36:24.127+0000] {logging_mixin.py:137} INFO - [2023-02-11T13:36:24.126+0000] {dag.py:2690} INFO - Sync 1 DAGs
[2023-02-11T13:36:24.519+0000] {logging_mixin.py:137} INFO - [2023-02-11T13:36:24.519+0000] {dag.py:3437} INFO - Setting next_dagrun for example_task_group_decorator to 2023-02-10T13:36:24.518877+00:00, run_after=2023-02-11T13:36:24.518877+00:00
[2023-02-11T13:36:24.775+0000] {processor.py:175} INFO - Processing /home/airflow/.local/lib/python3.10/site-packages/airflow/example_dags/example_task_group_decorator.py took 1.506 seconds
[2023-02-11T13:36:55.020+0000] {processor.py:153} INFO - Started process (PID=110) to work on /home/airflow/.local/lib/python3.10/site-packages/airflow/example_dags/example_task_group_decorator.py
[2023-02-11T13:36:55.022+0000] {processor.py:743} INFO - Processing file /home/airflow/.local/lib/python3.10/site-packages/airflow/example_dags/example_task_group_decorator.py for tasks to queue
[2023-02-11T13:36:55.025+0000] {logging_mixin.py:137} INFO - [2023-02-11T13:36:55.025+0000] {dagbag.py:538} INFO - Filling up the DagBag from /home/airflow/.local/lib/python3.10/site-packages/airflow/example_dags/example_task_group_decorator.py
[2023-02-11T13:36:55.108+0000] {processor.py:753} INFO - DAG(s) dict_keys(['example_task_group_decorator']) retrieved from /home/airflow/.local/lib/python3.10/site-packages/airflow/example_dags/example_task_group_decorator.py
[2023-02-11T13:36:55.154+0000] {logging_mixin.py:137} INFO - [2023-02-11T13:36:55.154+0000] {dag.py:2690} INFO - Sync 1 DAGs
[2023-02-11T13:36:55.196+0000] {logging_mixin.py:137} INFO - [2023-02-11T13:36:55.195+0000] {dag.py:3437} INFO - Setting next_dagrun for example_task_group_decorator to 2023-02-10T13:36:55.195302+00:00, run_after=2023-02-11T13:36:55.195302+00:00
[2023-02-11T13:36:55.236+0000] {processor.py:175} INFO - Processing /home/airflow/.local/lib/python3.10/site-packages/airflow/example_dags/example_task_group_decorator.py took 0.226 seconds
[2023-02-11T13:37:26.168+0000] {processor.py:153} INFO - Started process (PID=166) to work on /home/airflow/.local/lib/python3.10/site-packages/airflow/example_dags/example_task_group_decorator.py
[2023-02-11T13:37:26.170+0000] {processor.py:743} INFO - Processing file /home/airflow/.local/lib/python3.10/site-packages/airflow/example_dags/example_task_group_decorator.py for tasks to queue
[2023-02-11T13:37:26.172+0000] {logging_mixin.py:137} INFO - [2023-02-11T13:37:26.172+0000] {dagbag.py:538} INFO - Filling up the DagBag from /home/airflow/.local/lib/python3.10/site-packages/airflow/example_dags/example_task_group_decorator.py
[2023-02-11T13:37:26.222+0000] {processor.py:753} INFO - DAG(s) dict_keys(['example_task_group_decorator']) retrieved from /home/airflow/.local/lib/python3.10/site-packages/airflow/example_dags/example_task_group_decorator.py
[2023-02-11T13:37:26.263+0000] {logging_mixin.py:137} INFO - [2023-02-11T13:37:26.263+0000] {dag.py:2690} INFO - Sync 1 DAGs
[2023-02-11T13:37:26.298+0000] {logging_mixin.py:137} INFO - [2023-02-11T13:37:26.298+0000] {dag.py:3437} INFO - Setting next_dagrun for example_task_group_decorator to 2023-02-10T13:37:26.298074+00:00, run_after=2023-02-11T13:37:26.298074+00:00
[2023-02-11T13:37:26.326+0000] {processor.py:175} INFO - Processing /home/airflow/.local/lib/python3.10/site-packages/airflow/example_dags/example_task_group_decorator.py took 0.164 seconds
[2023-02-11T13:37:58.416+0000] {processor.py:153} INFO - Started process (PID=221) to work on /home/airflow/.local/lib/python3.10/site-packages/airflow/example_dags/example_task_group_decorator.py
[2023-02-11T13:37:58.422+0000] {processor.py:743} INFO - Processing file /home/airflow/.local/lib/python3.10/site-packages/airflow/example_dags/example_task_group_decorator.py for tasks to queue
[2023-02-11T13:37:58.431+0000] {logging_mixin.py:137} INFO - [2023-02-11T13:37:58.430+0000] {dagbag.py:538} INFO - Filling up the DagBag from /home/airflow/.local/lib/python3.10/site-packages/airflow/example_dags/example_task_group_decorator.py
[2023-02-11T13:37:58.535+0000] {processor.py:753} INFO - DAG(s) dict_keys(['example_task_group_decorator']) retrieved from /home/airflow/.local/lib/python3.10/site-packages/airflow/example_dags/example_task_group_decorator.py
[2023-02-11T13:37:58.675+0000] {logging_mixin.py:137} INFO - [2023-02-11T13:37:58.674+0000] {dag.py:2690} INFO - Sync 1 DAGs
[2023-02-11T13:37:58.795+0000] {logging_mixin.py:137} INFO - [2023-02-11T13:37:58.795+0000] {dag.py:3437} INFO - Setting next_dagrun for example_task_group_decorator to 2023-02-10T13:37:58.794887+00:00, run_after=2023-02-11T13:37:58.794887+00:00
[2023-02-11T13:37:58.910+0000] {processor.py:175} INFO - Processing /home/airflow/.local/lib/python3.10/site-packages/airflow/example_dags/example_task_group_decorator.py took 0.520 seconds
[2023-02-11T13:38:29.300+0000] {processor.py:153} INFO - Started process (PID=270) to work on /home/airflow/.local/lib/python3.10/site-packages/airflow/example_dags/example_task_group_decorator.py
[2023-02-11T13:38:29.306+0000] {processor.py:743} INFO - Processing file /home/airflow/.local/lib/python3.10/site-packages/airflow/example_dags/example_task_group_decorator.py for tasks to queue
[2023-02-11T13:38:29.322+0000] {logging_mixin.py:137} INFO - [2023-02-11T13:38:29.321+0000] {dagbag.py:538} INFO - Filling up the DagBag from /home/airflow/.local/lib/python3.10/site-packages/airflow/example_dags/example_task_group_decorator.py
[2023-02-11T13:38:29.544+0000] {processor.py:753} INFO - DAG(s) dict_keys(['example_task_group_decorator']) retrieved from /home/airflow/.local/lib/python3.10/site-packages/airflow/example_dags/example_task_group_decorator.py
[2023-02-11T13:38:29.713+0000] {logging_mixin.py:137} INFO - [2023-02-11T13:38:29.713+0000] {dag.py:2690} INFO - Sync 1 DAGs
[2023-02-11T13:38:29.865+0000] {logging_mixin.py:137} INFO - [2023-02-11T13:38:29.861+0000] {dag.py:3437} INFO - Setting next_dagrun for example_task_group_decorator to 2023-02-10T13:38:29.861432+00:00, run_after=2023-02-11T13:38:29.861432+00:00
[2023-02-11T13:38:29.970+0000] {processor.py:175} INFO - Processing /home/airflow/.local/lib/python3.10/site-packages/airflow/example_dags/example_task_group_decorator.py took 0.699 seconds
