[2023-02-11T13:36:35.789+0000] {processor.py:153} INFO - Started process (PID=86) to work on /home/airflow/.local/lib/python3.10/site-packages/airflow/example_dags/example_branch_operator.py
[2023-02-11T13:36:35.796+0000] {processor.py:743} INFO - Processing file /home/airflow/.local/lib/python3.10/site-packages/airflow/example_dags/example_branch_operator.py for tasks to queue
[2023-02-11T13:36:35.802+0000] {logging_mixin.py:137} INFO - [2023-02-11T13:36:35.801+0000] {dagbag.py:538} INFO - Filling up the DagBag from /home/airflow/.local/lib/python3.10/site-packages/airflow/example_dags/example_branch_operator.py
[2023-02-11T13:36:35.956+0000] {processor.py:753} INFO - DAG(s) dict_keys(['example_branch_operator']) retrieved from /home/airflow/.local/lib/python3.10/site-packages/airflow/example_dags/example_branch_operator.py
[2023-02-11T13:36:36.052+0000] {logging_mixin.py:137} INFO - [2023-02-11T13:36:36.052+0000] {dag.py:2690} INFO - Sync 1 DAGs
[2023-02-11T13:36:36.563+0000] {logging_mixin.py:137} INFO - [2023-02-11T13:36:36.562+0000] {dag.py:3437} INFO - Setting next_dagrun for example_branch_operator to 2023-02-10T00:00:00+00:00, run_after=2023-02-11T00:00:00+00:00
[2023-02-11T13:36:36.938+0000] {processor.py:175} INFO - Processing /home/airflow/.local/lib/python3.10/site-packages/airflow/example_dags/example_branch_operator.py took 1.161 seconds
[2023-02-11T13:37:07.518+0000] {processor.py:153} INFO - Started process (PID=142) to work on /home/airflow/.local/lib/python3.10/site-packages/airflow/example_dags/example_branch_operator.py
[2023-02-11T13:37:07.522+0000] {processor.py:743} INFO - Processing file /home/airflow/.local/lib/python3.10/site-packages/airflow/example_dags/example_branch_operator.py for tasks to queue
[2023-02-11T13:37:07.527+0000] {logging_mixin.py:137} INFO - [2023-02-11T13:37:07.526+0000] {dagbag.py:538} INFO - Filling up the DagBag from /home/airflow/.local/lib/python3.10/site-packages/airflow/example_dags/example_branch_operator.py
[2023-02-11T13:37:07.567+0000] {processor.py:753} INFO - DAG(s) dict_keys(['example_branch_operator']) retrieved from /home/airflow/.local/lib/python3.10/site-packages/airflow/example_dags/example_branch_operator.py
[2023-02-11T13:37:07.649+0000] {logging_mixin.py:137} INFO - [2023-02-11T13:37:07.649+0000] {dag.py:2690} INFO - Sync 1 DAGs
[2023-02-11T13:37:07.710+0000] {logging_mixin.py:137} INFO - [2023-02-11T13:37:07.709+0000] {dag.py:3437} INFO - Setting next_dagrun for example_branch_operator to 2023-02-10T00:00:00+00:00, run_after=2023-02-11T00:00:00+00:00
[2023-02-11T13:37:07.809+0000] {processor.py:175} INFO - Processing /home/airflow/.local/lib/python3.10/site-packages/airflow/example_dags/example_branch_operator.py took 0.302 seconds
[2023-02-11T13:37:40.232+0000] {processor.py:153} INFO - Started process (PID=197) to work on /home/airflow/.local/lib/python3.10/site-packages/airflow/example_dags/example_branch_operator.py
[2023-02-11T13:37:40.234+0000] {processor.py:743} INFO - Processing file /home/airflow/.local/lib/python3.10/site-packages/airflow/example_dags/example_branch_operator.py for tasks to queue
[2023-02-11T13:37:40.238+0000] {logging_mixin.py:137} INFO - [2023-02-11T13:37:40.238+0000] {dagbag.py:538} INFO - Filling up the DagBag from /home/airflow/.local/lib/python3.10/site-packages/airflow/example_dags/example_branch_operator.py
[2023-02-11T13:37:40.322+0000] {processor.py:753} INFO - DAG(s) dict_keys(['example_branch_operator']) retrieved from /home/airflow/.local/lib/python3.10/site-packages/airflow/example_dags/example_branch_operator.py
[2023-02-11T13:37:40.555+0000] {logging_mixin.py:137} INFO - [2023-02-11T13:37:40.554+0000] {dag.py:2690} INFO - Sync 1 DAGs
[2023-02-11T13:37:40.755+0000] {logging_mixin.py:137} INFO - [2023-02-11T13:37:40.755+0000] {dag.py:3437} INFO - Setting next_dagrun for example_branch_operator to 2023-02-10T00:00:00+00:00, run_after=2023-02-11T00:00:00+00:00
[2023-02-11T13:37:41.005+0000] {processor.py:175} INFO - Processing /home/airflow/.local/lib/python3.10/site-packages/airflow/example_dags/example_branch_operator.py took 0.786 seconds
[2023-02-11T13:38:13.254+0000] {processor.py:153} INFO - Started process (PID=246) to work on /home/airflow/.local/lib/python3.10/site-packages/airflow/example_dags/example_branch_operator.py
[2023-02-11T13:38:13.265+0000] {processor.py:743} INFO - Processing file /home/airflow/.local/lib/python3.10/site-packages/airflow/example_dags/example_branch_operator.py for tasks to queue
[2023-02-11T13:38:13.268+0000] {logging_mixin.py:137} INFO - [2023-02-11T13:38:13.267+0000] {dagbag.py:538} INFO - Filling up the DagBag from /home/airflow/.local/lib/python3.10/site-packages/airflow/example_dags/example_branch_operator.py
[2023-02-11T13:38:13.379+0000] {processor.py:753} INFO - DAG(s) dict_keys(['example_branch_operator']) retrieved from /home/airflow/.local/lib/python3.10/site-packages/airflow/example_dags/example_branch_operator.py
[2023-02-11T13:38:13.542+0000] {logging_mixin.py:137} INFO - [2023-02-11T13:38:13.541+0000] {dag.py:2690} INFO - Sync 1 DAGs
[2023-02-11T13:38:13.685+0000] {logging_mixin.py:137} INFO - [2023-02-11T13:38:13.685+0000] {dag.py:3437} INFO - Setting next_dagrun for example_branch_operator to 2023-02-10T00:00:00+00:00, run_after=2023-02-11T00:00:00+00:00
[2023-02-11T13:38:13.825+0000] {processor.py:175} INFO - Processing /home/airflow/.local/lib/python3.10/site-packages/airflow/example_dags/example_branch_operator.py took 0.596 seconds
