[2023-02-11T13:36:31.810+0000] {processor.py:153} INFO - Started process (PID=74) to work on /home/airflow/.local/lib/python3.10/site-packages/airflow/example_dags/example_bash_operator.py
[2023-02-11T13:36:31.819+0000] {processor.py:743} INFO - Processing file /home/airflow/.local/lib/python3.10/site-packages/airflow/example_dags/example_bash_operator.py for tasks to queue
[2023-02-11T13:36:31.828+0000] {logging_mixin.py:137} INFO - [2023-02-11T13:36:31.827+0000] {dagbag.py:538} INFO - Filling up the DagBag from /home/airflow/.local/lib/python3.10/site-packages/airflow/example_dags/example_bash_operator.py
[2023-02-11T13:36:32.162+0000] {processor.py:753} INFO - DAG(s) dict_keys(['example_bash_operator']) retrieved from /home/airflow/.local/lib/python3.10/site-packages/airflow/example_dags/example_bash_operator.py
[2023-02-11T13:36:32.408+0000] {logging_mixin.py:137} INFO - [2023-02-11T13:36:32.407+0000] {dag.py:2690} INFO - Sync 1 DAGs
[2023-02-11T13:36:32.518+0000] {logging_mixin.py:137} INFO - [2023-02-11T13:36:32.518+0000] {dag.py:3437} INFO - Setting next_dagrun for example_bash_operator to 2023-02-10T00:00:00+00:00, run_after=2023-02-11T00:00:00+00:00
[2023-02-11T13:36:32.585+0000] {processor.py:175} INFO - Processing /home/airflow/.local/lib/python3.10/site-packages/airflow/example_dags/example_bash_operator.py took 0.805 seconds
[2023-02-11T13:37:03.345+0000] {processor.py:153} INFO - Started process (PID=129) to work on /home/airflow/.local/lib/python3.10/site-packages/airflow/example_dags/example_bash_operator.py
[2023-02-11T13:37:03.348+0000] {processor.py:743} INFO - Processing file /home/airflow/.local/lib/python3.10/site-packages/airflow/example_dags/example_bash_operator.py for tasks to queue
[2023-02-11T13:37:03.354+0000] {logging_mixin.py:137} INFO - [2023-02-11T13:37:03.353+0000] {dagbag.py:538} INFO - Filling up the DagBag from /home/airflow/.local/lib/python3.10/site-packages/airflow/example_dags/example_bash_operator.py
[2023-02-11T13:37:03.449+0000] {processor.py:753} INFO - DAG(s) dict_keys(['example_bash_operator']) retrieved from /home/airflow/.local/lib/python3.10/site-packages/airflow/example_dags/example_bash_operator.py
[2023-02-11T13:37:03.564+0000] {logging_mixin.py:137} INFO - [2023-02-11T13:37:03.564+0000] {dag.py:2690} INFO - Sync 1 DAGs
[2023-02-11T13:37:03.614+0000] {logging_mixin.py:137} INFO - [2023-02-11T13:37:03.614+0000] {dag.py:3437} INFO - Setting next_dagrun for example_bash_operator to 2023-02-10T00:00:00+00:00, run_after=2023-02-11T00:00:00+00:00
[2023-02-11T13:37:03.680+0000] {processor.py:175} INFO - Processing /home/airflow/.local/lib/python3.10/site-packages/airflow/example_dags/example_bash_operator.py took 0.356 seconds
[2023-02-11T13:37:35.691+0000] {processor.py:153} INFO - Started process (PID=185) to work on /home/airflow/.local/lib/python3.10/site-packages/airflow/example_dags/example_bash_operator.py
[2023-02-11T13:37:35.706+0000] {processor.py:743} INFO - Processing file /home/airflow/.local/lib/python3.10/site-packages/airflow/example_dags/example_bash_operator.py for tasks to queue
[2023-02-11T13:37:35.717+0000] {logging_mixin.py:137} INFO - [2023-02-11T13:37:35.717+0000] {dagbag.py:538} INFO - Filling up the DagBag from /home/airflow/.local/lib/python3.10/site-packages/airflow/example_dags/example_bash_operator.py
[2023-02-11T13:37:35.841+0000] {processor.py:753} INFO - DAG(s) dict_keys(['example_bash_operator']) retrieved from /home/airflow/.local/lib/python3.10/site-packages/airflow/example_dags/example_bash_operator.py
[2023-02-11T13:37:35.985+0000] {logging_mixin.py:137} INFO - [2023-02-11T13:37:35.985+0000] {dag.py:2690} INFO - Sync 1 DAGs
[2023-02-11T13:37:36.080+0000] {logging_mixin.py:137} INFO - [2023-02-11T13:37:36.080+0000] {dag.py:3437} INFO - Setting next_dagrun for example_bash_operator to 2023-02-10T00:00:00+00:00, run_after=2023-02-11T00:00:00+00:00
[2023-02-11T13:37:36.170+0000] {processor.py:175} INFO - Processing /home/airflow/.local/lib/python3.10/site-packages/airflow/example_dags/example_bash_operator.py took 0.513 seconds
[2023-02-11T13:38:07.045+0000] {processor.py:153} INFO - Started process (PID=234) to work on /home/airflow/.local/lib/python3.10/site-packages/airflow/example_dags/example_bash_operator.py
[2023-02-11T13:38:07.048+0000] {processor.py:743} INFO - Processing file /home/airflow/.local/lib/python3.10/site-packages/airflow/example_dags/example_bash_operator.py for tasks to queue
[2023-02-11T13:38:07.055+0000] {logging_mixin.py:137} INFO - [2023-02-11T13:38:07.054+0000] {dagbag.py:538} INFO - Filling up the DagBag from /home/airflow/.local/lib/python3.10/site-packages/airflow/example_dags/example_bash_operator.py
[2023-02-11T13:38:07.093+0000] {processor.py:753} INFO - DAG(s) dict_keys(['example_bash_operator']) retrieved from /home/airflow/.local/lib/python3.10/site-packages/airflow/example_dags/example_bash_operator.py
[2023-02-11T13:38:07.172+0000] {logging_mixin.py:137} INFO - [2023-02-11T13:38:07.172+0000] {dag.py:2690} INFO - Sync 1 DAGs
[2023-02-11T13:38:07.213+0000] {logging_mixin.py:137} INFO - [2023-02-11T13:38:07.212+0000] {dag.py:3437} INFO - Setting next_dagrun for example_bash_operator to 2023-02-10T00:00:00+00:00, run_after=2023-02-11T00:00:00+00:00
[2023-02-11T13:38:07.247+0000] {processor.py:175} INFO - Processing /home/airflow/.local/lib/python3.10/site-packages/airflow/example_dags/example_bash_operator.py took 0.216 seconds
