[2023-02-11T13:36:30.983+0000] {processor.py:153} INFO - Started process (PID=71) to work on /home/airflow/.local/lib/python3.10/site-packages/airflow/example_dags/example_skip_dag.py
[2023-02-11T13:36:30.991+0000] {processor.py:743} INFO - Processing file /home/airflow/.local/lib/python3.10/site-packages/airflow/example_dags/example_skip_dag.py for tasks to queue
[2023-02-11T13:36:31.002+0000] {logging_mixin.py:137} INFO - [2023-02-11T13:36:30.999+0000] {dagbag.py:538} INFO - Filling up the DagBag from /home/airflow/.local/lib/python3.10/site-packages/airflow/example_dags/example_skip_dag.py
[2023-02-11T13:36:31.113+0000] {processor.py:753} INFO - DAG(s) dict_keys(['example_skip_dag']) retrieved from /home/airflow/.local/lib/python3.10/site-packages/airflow/example_dags/example_skip_dag.py
[2023-02-11T13:36:31.218+0000] {logging_mixin.py:137} INFO - [2023-02-11T13:36:31.218+0000] {dag.py:2690} INFO - Sync 1 DAGs
[2023-02-11T13:36:31.356+0000] {logging_mixin.py:137} INFO - [2023-02-11T13:36:31.356+0000] {dag.py:3437} INFO - Setting next_dagrun for example_skip_dag to 2023-02-10T13:36:31.356214+00:00, run_after=2023-02-11T13:36:31.356214+00:00
[2023-02-11T13:36:31.450+0000] {processor.py:175} INFO - Processing /home/airflow/.local/lib/python3.10/site-packages/airflow/example_dags/example_skip_dag.py took 0.502 seconds
[2023-02-11T13:37:02.271+0000] {processor.py:153} INFO - Started process (PID=127) to work on /home/airflow/.local/lib/python3.10/site-packages/airflow/example_dags/example_skip_dag.py
[2023-02-11T13:37:02.284+0000] {processor.py:743} INFO - Processing file /home/airflow/.local/lib/python3.10/site-packages/airflow/example_dags/example_skip_dag.py for tasks to queue
[2023-02-11T13:37:02.290+0000] {logging_mixin.py:137} INFO - [2023-02-11T13:37:02.290+0000] {dagbag.py:538} INFO - Filling up the DagBag from /home/airflow/.local/lib/python3.10/site-packages/airflow/example_dags/example_skip_dag.py
[2023-02-11T13:37:02.372+0000] {processor.py:753} INFO - DAG(s) dict_keys(['example_skip_dag']) retrieved from /home/airflow/.local/lib/python3.10/site-packages/airflow/example_dags/example_skip_dag.py
[2023-02-11T13:37:02.573+0000] {logging_mixin.py:137} INFO - [2023-02-11T13:37:02.573+0000] {dag.py:2690} INFO - Sync 1 DAGs
[2023-02-11T13:37:02.694+0000] {logging_mixin.py:137} INFO - [2023-02-11T13:37:02.693+0000] {dag.py:3437} INFO - Setting next_dagrun for example_skip_dag to 2023-02-10T13:37:02.693532+00:00, run_after=2023-02-11T13:37:02.693532+00:00
[2023-02-11T13:37:02.803+0000] {processor.py:175} INFO - Processing /home/airflow/.local/lib/python3.10/site-packages/airflow/example_dags/example_skip_dag.py took 0.547 seconds
[2023-02-11T13:37:34.618+0000] {processor.py:153} INFO - Started process (PID=183) to work on /home/airflow/.local/lib/python3.10/site-packages/airflow/example_dags/example_skip_dag.py
[2023-02-11T13:37:34.635+0000] {processor.py:743} INFO - Processing file /home/airflow/.local/lib/python3.10/site-packages/airflow/example_dags/example_skip_dag.py for tasks to queue
[2023-02-11T13:37:34.647+0000] {logging_mixin.py:137} INFO - [2023-02-11T13:37:34.647+0000] {dagbag.py:538} INFO - Filling up the DagBag from /home/airflow/.local/lib/python3.10/site-packages/airflow/example_dags/example_skip_dag.py
[2023-02-11T13:37:34.789+0000] {processor.py:753} INFO - DAG(s) dict_keys(['example_skip_dag']) retrieved from /home/airflow/.local/lib/python3.10/site-packages/airflow/example_dags/example_skip_dag.py
[2023-02-11T13:37:34.982+0000] {logging_mixin.py:137} INFO - [2023-02-11T13:37:34.982+0000] {dag.py:2690} INFO - Sync 1 DAGs
[2023-02-11T13:37:35.150+0000] {logging_mixin.py:137} INFO - [2023-02-11T13:37:35.149+0000] {dag.py:3437} INFO - Setting next_dagrun for example_skip_dag to 2023-02-10T13:37:35.149266+00:00, run_after=2023-02-11T13:37:35.149266+00:00
[2023-02-11T13:37:35.272+0000] {processor.py:175} INFO - Processing /home/airflow/.local/lib/python3.10/site-packages/airflow/example_dags/example_skip_dag.py took 0.677 seconds
[2023-02-11T13:38:05.721+0000] {processor.py:153} INFO - Started process (PID=232) to work on /home/airflow/.local/lib/python3.10/site-packages/airflow/example_dags/example_skip_dag.py
[2023-02-11T13:38:05.724+0000] {processor.py:743} INFO - Processing file /home/airflow/.local/lib/python3.10/site-packages/airflow/example_dags/example_skip_dag.py for tasks to queue
[2023-02-11T13:38:05.726+0000] {logging_mixin.py:137} INFO - [2023-02-11T13:38:05.726+0000] {dagbag.py:538} INFO - Filling up the DagBag from /home/airflow/.local/lib/python3.10/site-packages/airflow/example_dags/example_skip_dag.py
[2023-02-11T13:38:05.752+0000] {processor.py:753} INFO - DAG(s) dict_keys(['example_skip_dag']) retrieved from /home/airflow/.local/lib/python3.10/site-packages/airflow/example_dags/example_skip_dag.py
[2023-02-11T13:38:05.810+0000] {logging_mixin.py:137} INFO - [2023-02-11T13:38:05.810+0000] {dag.py:2690} INFO - Sync 1 DAGs
[2023-02-11T13:38:05.888+0000] {logging_mixin.py:137} INFO - [2023-02-11T13:38:05.887+0000] {dag.py:3437} INFO - Setting next_dagrun for example_skip_dag to 2023-02-10T13:38:05.887555+00:00, run_after=2023-02-11T13:38:05.887555+00:00
[2023-02-11T13:38:05.926+0000] {processor.py:175} INFO - Processing /home/airflow/.local/lib/python3.10/site-packages/airflow/example_dags/example_skip_dag.py took 0.215 seconds
[2023-02-11T13:38:37.825+0000] {processor.py:153} INFO - Started process (PID=289) to work on /home/airflow/.local/lib/python3.10/site-packages/airflow/example_dags/example_skip_dag.py
[2023-02-11T13:38:37.855+0000] {processor.py:743} INFO - Processing file /home/airflow/.local/lib/python3.10/site-packages/airflow/example_dags/example_skip_dag.py for tasks to queue
[2023-02-11T13:38:37.905+0000] {logging_mixin.py:137} INFO - [2023-02-11T13:38:37.905+0000] {dagbag.py:538} INFO - Filling up the DagBag from /home/airflow/.local/lib/python3.10/site-packages/airflow/example_dags/example_skip_dag.py
[2023-02-11T13:38:46.910+0000] {logging_mixin.py:137} INFO - [2023-02-11T13:38:46.910+0000] {process_utils.py:256} INFO - Waiting up to 5 seconds for processes to exit...
