[2023-02-11T13:36:32.558+0000] {processor.py:153} INFO - Started process (PID=75) to work on /home/airflow/.local/lib/python3.10/site-packages/airflow/example_dags/example_trigger_target_dag.py
[2023-02-11T13:36:32.563+0000] {processor.py:743} INFO - Processing file /home/airflow/.local/lib/python3.10/site-packages/airflow/example_dags/example_trigger_target_dag.py for tasks to queue
[2023-02-11T13:36:32.568+0000] {logging_mixin.py:137} INFO - [2023-02-11T13:36:32.567+0000] {dagbag.py:538} INFO - Filling up the DagBag from /home/airflow/.local/lib/python3.10/site-packages/airflow/example_dags/example_trigger_target_dag.py
[2023-02-11T13:36:32.614+0000] {processor.py:753} INFO - DAG(s) dict_keys(['example_trigger_target_dag']) retrieved from /home/airflow/.local/lib/python3.10/site-packages/airflow/example_dags/example_trigger_target_dag.py
[2023-02-11T13:36:32.767+0000] {logging_mixin.py:137} INFO - [2023-02-11T13:36:32.766+0000] {dag.py:2690} INFO - Sync 1 DAGs
[2023-02-11T13:36:33.048+0000] {logging_mixin.py:137} INFO - [2023-02-11T13:36:33.047+0000] {dag.py:3437} INFO - Setting next_dagrun for example_trigger_target_dag to None, run_after=None
[2023-02-11T13:36:33.534+0000] {processor.py:175} INFO - Processing /home/airflow/.local/lib/python3.10/site-packages/airflow/example_dags/example_trigger_target_dag.py took 0.984 seconds
[2023-02-11T13:37:03.739+0000] {processor.py:153} INFO - Started process (PID=131) to work on /home/airflow/.local/lib/python3.10/site-packages/airflow/example_dags/example_trigger_target_dag.py
[2023-02-11T13:37:03.744+0000] {processor.py:743} INFO - Processing file /home/airflow/.local/lib/python3.10/site-packages/airflow/example_dags/example_trigger_target_dag.py for tasks to queue
[2023-02-11T13:37:03.748+0000] {logging_mixin.py:137} INFO - [2023-02-11T13:37:03.748+0000] {dagbag.py:538} INFO - Filling up the DagBag from /home/airflow/.local/lib/python3.10/site-packages/airflow/example_dags/example_trigger_target_dag.py
[2023-02-11T13:37:03.827+0000] {processor.py:753} INFO - DAG(s) dict_keys(['example_trigger_target_dag']) retrieved from /home/airflow/.local/lib/python3.10/site-packages/airflow/example_dags/example_trigger_target_dag.py
[2023-02-11T13:37:03.875+0000] {logging_mixin.py:137} INFO - [2023-02-11T13:37:03.874+0000] {dag.py:2690} INFO - Sync 1 DAGs
[2023-02-11T13:37:03.918+0000] {logging_mixin.py:137} INFO - [2023-02-11T13:37:03.918+0000] {dag.py:3437} INFO - Setting next_dagrun for example_trigger_target_dag to None, run_after=None
[2023-02-11T13:37:03.950+0000] {processor.py:175} INFO - Processing /home/airflow/.local/lib/python3.10/site-packages/airflow/example_dags/example_trigger_target_dag.py took 0.223 seconds
[2023-02-11T13:37:36.335+0000] {processor.py:153} INFO - Started process (PID=186) to work on /home/airflow/.local/lib/python3.10/site-packages/airflow/example_dags/example_trigger_target_dag.py
[2023-02-11T13:37:36.339+0000] {processor.py:743} INFO - Processing file /home/airflow/.local/lib/python3.10/site-packages/airflow/example_dags/example_trigger_target_dag.py for tasks to queue
[2023-02-11T13:37:36.342+0000] {logging_mixin.py:137} INFO - [2023-02-11T13:37:36.341+0000] {dagbag.py:538} INFO - Filling up the DagBag from /home/airflow/.local/lib/python3.10/site-packages/airflow/example_dags/example_trigger_target_dag.py
[2023-02-11T13:37:36.673+0000] {processor.py:753} INFO - DAG(s) dict_keys(['example_trigger_target_dag']) retrieved from /home/airflow/.local/lib/python3.10/site-packages/airflow/example_dags/example_trigger_target_dag.py
[2023-02-11T13:37:37.255+0000] {logging_mixin.py:137} INFO - [2023-02-11T13:37:37.255+0000] {dag.py:2690} INFO - Sync 1 DAGs
[2023-02-11T13:37:37.442+0000] {logging_mixin.py:137} INFO - [2023-02-11T13:37:37.441+0000] {dag.py:3437} INFO - Setting next_dagrun for example_trigger_target_dag to None, run_after=None
[2023-02-11T13:37:37.491+0000] {processor.py:175} INFO - Processing /home/airflow/.local/lib/python3.10/site-packages/airflow/example_dags/example_trigger_target_dag.py took 1.177 seconds
[2023-02-11T13:38:08.105+0000] {processor.py:153} INFO - Started process (PID=235) to work on /home/airflow/.local/lib/python3.10/site-packages/airflow/example_dags/example_trigger_target_dag.py
[2023-02-11T13:38:08.116+0000] {processor.py:743} INFO - Processing file /home/airflow/.local/lib/python3.10/site-packages/airflow/example_dags/example_trigger_target_dag.py for tasks to queue
[2023-02-11T13:38:08.135+0000] {logging_mixin.py:137} INFO - [2023-02-11T13:38:08.129+0000] {dagbag.py:538} INFO - Filling up the DagBag from /home/airflow/.local/lib/python3.10/site-packages/airflow/example_dags/example_trigger_target_dag.py
[2023-02-11T13:38:08.295+0000] {processor.py:753} INFO - DAG(s) dict_keys(['example_trigger_target_dag']) retrieved from /home/airflow/.local/lib/python3.10/site-packages/airflow/example_dags/example_trigger_target_dag.py
[2023-02-11T13:38:08.427+0000] {logging_mixin.py:137} INFO - [2023-02-11T13:38:08.427+0000] {dag.py:2690} INFO - Sync 1 DAGs
[2023-02-11T13:38:08.587+0000] {logging_mixin.py:137} INFO - [2023-02-11T13:38:08.587+0000] {dag.py:3437} INFO - Setting next_dagrun for example_trigger_target_dag to None, run_after=None
[2023-02-11T13:38:09.020+0000] {processor.py:175} INFO - Processing /home/airflow/.local/lib/python3.10/site-packages/airflow/example_dags/example_trigger_target_dag.py took 0.931 seconds
