[2023-02-11T13:36:35.629+0000] {processor.py:153} INFO - Started process (PID=85) to work on /home/airflow/.local/lib/python3.10/site-packages/airflow/example_dags/example_local_kubernetes_executor.py
[2023-02-11T13:36:35.640+0000] {processor.py:743} INFO - Processing file /home/airflow/.local/lib/python3.10/site-packages/airflow/example_dags/example_local_kubernetes_executor.py for tasks to queue
[2023-02-11T13:36:35.645+0000] {logging_mixin.py:137} INFO - [2023-02-11T13:36:35.644+0000] {dagbag.py:538} INFO - Filling up the DagBag from /home/airflow/.local/lib/python3.10/site-packages/airflow/example_dags/example_local_kubernetes_executor.py
[2023-02-11T13:36:35.742+0000] {processor.py:753} INFO - DAG(s) dict_keys(['example_local_kubernetes_executor']) retrieved from /home/airflow/.local/lib/python3.10/site-packages/airflow/example_dags/example_local_kubernetes_executor.py
[2023-02-11T13:36:35.804+0000] {logging_mixin.py:137} INFO - [2023-02-11T13:36:35.803+0000] {dag.py:2690} INFO - Sync 1 DAGs
[2023-02-11T13:36:35.895+0000] {logging_mixin.py:137} INFO - [2023-02-11T13:36:35.894+0000] {dag.py:3437} INFO - Setting next_dagrun for example_local_kubernetes_executor to None, run_after=None
[2023-02-11T13:36:35.933+0000] {processor.py:175} INFO - Processing /home/airflow/.local/lib/python3.10/site-packages/airflow/example_dags/example_local_kubernetes_executor.py took 0.312 seconds
[2023-02-11T13:37:06.327+0000] {processor.py:153} INFO - Started process (PID=141) to work on /home/airflow/.local/lib/python3.10/site-packages/airflow/example_dags/example_local_kubernetes_executor.py
[2023-02-11T13:37:06.331+0000] {processor.py:743} INFO - Processing file /home/airflow/.local/lib/python3.10/site-packages/airflow/example_dags/example_local_kubernetes_executor.py for tasks to queue
[2023-02-11T13:37:06.334+0000] {logging_mixin.py:137} INFO - [2023-02-11T13:37:06.334+0000] {dagbag.py:538} INFO - Filling up the DagBag from /home/airflow/.local/lib/python3.10/site-packages/airflow/example_dags/example_local_kubernetes_executor.py
[2023-02-11T13:37:06.445+0000] {processor.py:753} INFO - DAG(s) dict_keys(['example_local_kubernetes_executor']) retrieved from /home/airflow/.local/lib/python3.10/site-packages/airflow/example_dags/example_local_kubernetes_executor.py
[2023-02-11T13:37:06.538+0000] {logging_mixin.py:137} INFO - [2023-02-11T13:37:06.537+0000] {dag.py:2690} INFO - Sync 1 DAGs
[2023-02-11T13:37:06.658+0000] {logging_mixin.py:137} INFO - [2023-02-11T13:37:06.658+0000] {dag.py:3437} INFO - Setting next_dagrun for example_local_kubernetes_executor to None, run_after=None
[2023-02-11T13:37:06.701+0000] {processor.py:175} INFO - Processing /home/airflow/.local/lib/python3.10/site-packages/airflow/example_dags/example_local_kubernetes_executor.py took 0.398 seconds
[2023-02-11T13:37:40.020+0000] {processor.py:153} INFO - Started process (PID=196) to work on /home/airflow/.local/lib/python3.10/site-packages/airflow/example_dags/example_local_kubernetes_executor.py
[2023-02-11T13:37:40.105+0000] {processor.py:743} INFO - Processing file /home/airflow/.local/lib/python3.10/site-packages/airflow/example_dags/example_local_kubernetes_executor.py for tasks to queue
[2023-02-11T13:37:40.113+0000] {logging_mixin.py:137} INFO - [2023-02-11T13:37:40.113+0000] {dagbag.py:538} INFO - Filling up the DagBag from /home/airflow/.local/lib/python3.10/site-packages/airflow/example_dags/example_local_kubernetes_executor.py
[2023-02-11T13:37:40.310+0000] {processor.py:753} INFO - DAG(s) dict_keys(['example_local_kubernetes_executor']) retrieved from /home/airflow/.local/lib/python3.10/site-packages/airflow/example_dags/example_local_kubernetes_executor.py
[2023-02-11T13:37:40.422+0000] {logging_mixin.py:137} INFO - [2023-02-11T13:37:40.421+0000] {dag.py:2690} INFO - Sync 1 DAGs
[2023-02-11T13:37:40.662+0000] {logging_mixin.py:137} INFO - [2023-02-11T13:37:40.661+0000] {dag.py:3437} INFO - Setting next_dagrun for example_local_kubernetes_executor to None, run_after=None
[2023-02-11T13:37:40.906+0000] {processor.py:175} INFO - Processing /home/airflow/.local/lib/python3.10/site-packages/airflow/example_dags/example_local_kubernetes_executor.py took 0.934 seconds
[2023-02-11T13:38:12.803+0000] {processor.py:153} INFO - Started process (PID=245) to work on /home/airflow/.local/lib/python3.10/site-packages/airflow/example_dags/example_local_kubernetes_executor.py
[2023-02-11T13:38:12.814+0000] {processor.py:743} INFO - Processing file /home/airflow/.local/lib/python3.10/site-packages/airflow/example_dags/example_local_kubernetes_executor.py for tasks to queue
[2023-02-11T13:38:12.820+0000] {logging_mixin.py:137} INFO - [2023-02-11T13:38:12.817+0000] {dagbag.py:538} INFO - Filling up the DagBag from /home/airflow/.local/lib/python3.10/site-packages/airflow/example_dags/example_local_kubernetes_executor.py
[2023-02-11T13:38:13.020+0000] {processor.py:753} INFO - DAG(s) dict_keys(['example_local_kubernetes_executor']) retrieved from /home/airflow/.local/lib/python3.10/site-packages/airflow/example_dags/example_local_kubernetes_executor.py
[2023-02-11T13:38:13.192+0000] {logging_mixin.py:137} INFO - [2023-02-11T13:38:13.192+0000] {dag.py:2690} INFO - Sync 1 DAGs
[2023-02-11T13:38:13.347+0000] {logging_mixin.py:137} INFO - [2023-02-11T13:38:13.346+0000] {dag.py:3437} INFO - Setting next_dagrun for example_local_kubernetes_executor to None, run_after=None
[2023-02-11T13:38:13.451+0000] {processor.py:175} INFO - Processing /home/airflow/.local/lib/python3.10/site-packages/airflow/example_dags/example_local_kubernetes_executor.py took 0.675 seconds
