[2023-02-11T13:36:37.230+0000] {processor.py:153} INFO - Started process (PID=89) to work on /home/airflow/.local/lib/python3.10/site-packages/airflow/example_dags/example_dag_decorator.py
[2023-02-11T13:36:37.234+0000] {processor.py:743} INFO - Processing file /home/airflow/.local/lib/python3.10/site-packages/airflow/example_dags/example_dag_decorator.py for tasks to queue
[2023-02-11T13:36:37.238+0000] {logging_mixin.py:137} INFO - [2023-02-11T13:36:37.238+0000] {dagbag.py:538} INFO - Filling up the DagBag from /home/airflow/.local/lib/python3.10/site-packages/airflow/example_dags/example_dag_decorator.py
[2023-02-11T13:36:37.272+0000] {logging_mixin.py:137} INFO - [2023-02-11T13:36:37.272+0000] {taskmixin.py:205} WARNING - Dependency <Task(_PythonDecoratedOperator): prepare_email>, send_email already registered for DAG: example_dag_decorator
[2023-02-11T13:36:37.274+0000] {logging_mixin.py:137} INFO - [2023-02-11T13:36:37.273+0000] {taskmixin.py:205} WARNING - Dependency <Task(EmailOperator): send_email>, prepare_email already registered for DAG: example_dag_decorator
[2023-02-11T13:36:37.303+0000] {processor.py:753} INFO - DAG(s) dict_keys(['example_dag_decorator']) retrieved from /home/airflow/.local/lib/python3.10/site-packages/airflow/example_dags/example_dag_decorator.py
[2023-02-11T13:36:37.455+0000] {logging_mixin.py:137} INFO - [2023-02-11T13:36:37.454+0000] {dag.py:2690} INFO - Sync 1 DAGs
[2023-02-11T13:36:37.494+0000] {logging_mixin.py:137} INFO - [2023-02-11T13:36:37.494+0000] {dag.py:3437} INFO - Setting next_dagrun for example_dag_decorator to None, run_after=None
[2023-02-11T13:36:37.534+0000] {processor.py:175} INFO - Processing /home/airflow/.local/lib/python3.10/site-packages/airflow/example_dags/example_dag_decorator.py took 0.323 seconds
[2023-02-11T13:37:08.222+0000] {processor.py:153} INFO - Started process (PID=145) to work on /home/airflow/.local/lib/python3.10/site-packages/airflow/example_dags/example_dag_decorator.py
[2023-02-11T13:37:08.226+0000] {processor.py:743} INFO - Processing file /home/airflow/.local/lib/python3.10/site-packages/airflow/example_dags/example_dag_decorator.py for tasks to queue
[2023-02-11T13:37:08.229+0000] {logging_mixin.py:137} INFO - [2023-02-11T13:37:08.229+0000] {dagbag.py:538} INFO - Filling up the DagBag from /home/airflow/.local/lib/python3.10/site-packages/airflow/example_dags/example_dag_decorator.py
[2023-02-11T13:37:08.268+0000] {logging_mixin.py:137} INFO - [2023-02-11T13:37:08.267+0000] {taskmixin.py:205} WARNING - Dependency <Task(_PythonDecoratedOperator): prepare_email>, send_email already registered for DAG: example_dag_decorator
[2023-02-11T13:37:08.271+0000] {logging_mixin.py:137} INFO - [2023-02-11T13:37:08.270+0000] {taskmixin.py:205} WARNING - Dependency <Task(EmailOperator): send_email>, prepare_email already registered for DAG: example_dag_decorator
[2023-02-11T13:37:08.297+0000] {processor.py:753} INFO - DAG(s) dict_keys(['example_dag_decorator']) retrieved from /home/airflow/.local/lib/python3.10/site-packages/airflow/example_dags/example_dag_decorator.py
[2023-02-11T13:37:08.382+0000] {logging_mixin.py:137} INFO - [2023-02-11T13:37:08.382+0000] {dag.py:2690} INFO - Sync 1 DAGs
[2023-02-11T13:37:08.415+0000] {logging_mixin.py:137} INFO - [2023-02-11T13:37:08.415+0000] {dag.py:3437} INFO - Setting next_dagrun for example_dag_decorator to None, run_after=None
[2023-02-11T13:37:08.451+0000] {processor.py:175} INFO - Processing /home/airflow/.local/lib/python3.10/site-packages/airflow/example_dags/example_dag_decorator.py took 0.241 seconds
[2023-02-11T13:37:42.332+0000] {processor.py:153} INFO - Started process (PID=201) to work on /home/airflow/.local/lib/python3.10/site-packages/airflow/example_dags/example_dag_decorator.py
[2023-02-11T13:37:42.346+0000] {processor.py:743} INFO - Processing file /home/airflow/.local/lib/python3.10/site-packages/airflow/example_dags/example_dag_decorator.py for tasks to queue
[2023-02-11T13:37:42.363+0000] {logging_mixin.py:137} INFO - [2023-02-11T13:37:42.363+0000] {dagbag.py:538} INFO - Filling up the DagBag from /home/airflow/.local/lib/python3.10/site-packages/airflow/example_dags/example_dag_decorator.py
[2023-02-11T13:37:42.527+0000] {logging_mixin.py:137} INFO - [2023-02-11T13:37:42.526+0000] {taskmixin.py:205} WARNING - Dependency <Task(_PythonDecoratedOperator): prepare_email>, send_email already registered for DAG: example_dag_decorator
[2023-02-11T13:37:42.531+0000] {logging_mixin.py:137} INFO - [2023-02-11T13:37:42.531+0000] {taskmixin.py:205} WARNING - Dependency <Task(EmailOperator): send_email>, prepare_email already registered for DAG: example_dag_decorator
[2023-02-11T13:37:42.687+0000] {processor.py:753} INFO - DAG(s) dict_keys(['example_dag_decorator']) retrieved from /home/airflow/.local/lib/python3.10/site-packages/airflow/example_dags/example_dag_decorator.py
[2023-02-11T13:37:43.181+0000] {logging_mixin.py:137} INFO - [2023-02-11T13:37:43.181+0000] {dag.py:2690} INFO - Sync 1 DAGs
[2023-02-11T13:37:43.473+0000] {logging_mixin.py:137} INFO - [2023-02-11T13:37:43.461+0000] {dag.py:3437} INFO - Setting next_dagrun for example_dag_decorator to None, run_after=None
[2023-02-11T13:37:43.755+0000] {processor.py:175} INFO - Processing /home/airflow/.local/lib/python3.10/site-packages/airflow/example_dags/example_dag_decorator.py took 1.445 seconds
[2023-02-11T13:38:14.560+0000] {processor.py:153} INFO - Started process (PID=256) to work on /home/airflow/.local/lib/python3.10/site-packages/airflow/example_dags/example_dag_decorator.py
[2023-02-11T13:38:14.577+0000] {processor.py:743} INFO - Processing file /home/airflow/.local/lib/python3.10/site-packages/airflow/example_dags/example_dag_decorator.py for tasks to queue
[2023-02-11T13:38:14.590+0000] {logging_mixin.py:137} INFO - [2023-02-11T13:38:14.590+0000] {dagbag.py:538} INFO - Filling up the DagBag from /home/airflow/.local/lib/python3.10/site-packages/airflow/example_dags/example_dag_decorator.py
[2023-02-11T13:38:14.731+0000] {logging_mixin.py:137} INFO - [2023-02-11T13:38:14.731+0000] {taskmixin.py:205} WARNING - Dependency <Task(_PythonDecoratedOperator): prepare_email>, send_email already registered for DAG: example_dag_decorator
[2023-02-11T13:38:14.748+0000] {logging_mixin.py:137} INFO - [2023-02-11T13:38:14.742+0000] {taskmixin.py:205} WARNING - Dependency <Task(EmailOperator): send_email>, prepare_email already registered for DAG: example_dag_decorator
[2023-02-11T13:38:14.876+0000] {processor.py:753} INFO - DAG(s) dict_keys(['example_dag_decorator']) retrieved from /home/airflow/.local/lib/python3.10/site-packages/airflow/example_dags/example_dag_decorator.py
[2023-02-11T13:38:15.233+0000] {logging_mixin.py:137} INFO - [2023-02-11T13:38:15.233+0000] {dag.py:2690} INFO - Sync 1 DAGs
[2023-02-11T13:38:15.304+0000] {logging_mixin.py:137} INFO - [2023-02-11T13:38:15.304+0000] {dag.py:3437} INFO - Setting next_dagrun for example_dag_decorator to None, run_after=None
[2023-02-11T13:38:15.382+0000] {processor.py:175} INFO - Processing /home/airflow/.local/lib/python3.10/site-packages/airflow/example_dags/example_dag_decorator.py took 0.840 seconds
