[2023-02-11T13:36:30.753+0000] {processor.py:153} INFO - Started process (PID=70) to work on /home/airflow/.local/lib/python3.10/site-packages/airflow/example_dags/example_xcom.py
[2023-02-11T13:36:30.765+0000] {processor.py:743} INFO - Processing file /home/airflow/.local/lib/python3.10/site-packages/airflow/example_dags/example_xcom.py for tasks to queue
[2023-02-11T13:36:30.783+0000] {logging_mixin.py:137} INFO - [2023-02-11T13:36:30.782+0000] {dagbag.py:538} INFO - Filling up the DagBag from /home/airflow/.local/lib/python3.10/site-packages/airflow/example_dags/example_xcom.py
[2023-02-11T13:36:31.007+0000] {processor.py:753} INFO - DAG(s) dict_keys(['example_xcom']) retrieved from /home/airflow/.local/lib/python3.10/site-packages/airflow/example_dags/example_xcom.py
[2023-02-11T13:36:31.248+0000] {logging_mixin.py:137} INFO - [2023-02-11T13:36:31.246+0000] {dag.py:2690} INFO - Sync 1 DAGs
[2023-02-11T13:36:31.429+0000] {logging_mixin.py:137} INFO - [2023-02-11T13:36:31.428+0000] {dag.py:3437} INFO - Setting next_dagrun for example_xcom to 2021-01-01T00:00:00+00:00, run_after=2021-01-01T00:00:00+00:00
[2023-02-11T13:36:31.575+0000] {processor.py:175} INFO - Processing /home/airflow/.local/lib/python3.10/site-packages/airflow/example_dags/example_xcom.py took 0.848 seconds
[2023-02-11T13:37:02.150+0000] {processor.py:153} INFO - Started process (PID=126) to work on /home/airflow/.local/lib/python3.10/site-packages/airflow/example_dags/example_xcom.py
[2023-02-11T13:37:02.165+0000] {processor.py:743} INFO - Processing file /home/airflow/.local/lib/python3.10/site-packages/airflow/example_dags/example_xcom.py for tasks to queue
[2023-02-11T13:37:02.169+0000] {logging_mixin.py:137} INFO - [2023-02-11T13:37:02.169+0000] {dagbag.py:538} INFO - Filling up the DagBag from /home/airflow/.local/lib/python3.10/site-packages/airflow/example_dags/example_xcom.py
[2023-02-11T13:37:02.318+0000] {processor.py:753} INFO - DAG(s) dict_keys(['example_xcom']) retrieved from /home/airflow/.local/lib/python3.10/site-packages/airflow/example_dags/example_xcom.py
[2023-02-11T13:37:02.462+0000] {logging_mixin.py:137} INFO - [2023-02-11T13:37:02.462+0000] {dag.py:2690} INFO - Sync 1 DAGs
[2023-02-11T13:37:02.625+0000] {logging_mixin.py:137} INFO - [2023-02-11T13:37:02.625+0000] {dag.py:3437} INFO - Setting next_dagrun for example_xcom to 2021-01-01T00:00:00+00:00, run_after=2021-01-01T00:00:00+00:00
[2023-02-11T13:37:02.711+0000] {processor.py:175} INFO - Processing /home/airflow/.local/lib/python3.10/site-packages/airflow/example_dags/example_xcom.py took 0.578 seconds
[2023-02-11T13:37:34.273+0000] {processor.py:153} INFO - Started process (PID=182) to work on /home/airflow/.local/lib/python3.10/site-packages/airflow/example_dags/example_xcom.py
[2023-02-11T13:37:34.287+0000] {processor.py:743} INFO - Processing file /home/airflow/.local/lib/python3.10/site-packages/airflow/example_dags/example_xcom.py for tasks to queue
[2023-02-11T13:37:34.290+0000] {logging_mixin.py:137} INFO - [2023-02-11T13:37:34.290+0000] {dagbag.py:538} INFO - Filling up the DagBag from /home/airflow/.local/lib/python3.10/site-packages/airflow/example_dags/example_xcom.py
[2023-02-11T13:37:34.555+0000] {processor.py:753} INFO - DAG(s) dict_keys(['example_xcom']) retrieved from /home/airflow/.local/lib/python3.10/site-packages/airflow/example_dags/example_xcom.py
[2023-02-11T13:37:34.753+0000] {logging_mixin.py:137} INFO - [2023-02-11T13:37:34.753+0000] {dag.py:2690} INFO - Sync 1 DAGs
[2023-02-11T13:37:34.957+0000] {logging_mixin.py:137} INFO - [2023-02-11T13:37:34.957+0000] {dag.py:3437} INFO - Setting next_dagrun for example_xcom to 2021-01-01T00:00:00+00:00, run_after=2021-01-01T00:00:00+00:00
[2023-02-11T13:37:35.112+0000] {processor.py:175} INFO - Processing /home/airflow/.local/lib/python3.10/site-packages/airflow/example_dags/example_xcom.py took 0.876 seconds
[2023-02-11T13:38:05.701+0000] {processor.py:153} INFO - Started process (PID=231) to work on /home/airflow/.local/lib/python3.10/site-packages/airflow/example_dags/example_xcom.py
[2023-02-11T13:38:05.711+0000] {processor.py:743} INFO - Processing file /home/airflow/.local/lib/python3.10/site-packages/airflow/example_dags/example_xcom.py for tasks to queue
[2023-02-11T13:38:05.716+0000] {logging_mixin.py:137} INFO - [2023-02-11T13:38:05.716+0000] {dagbag.py:538} INFO - Filling up the DagBag from /home/airflow/.local/lib/python3.10/site-packages/airflow/example_dags/example_xcom.py
[2023-02-11T13:38:05.767+0000] {processor.py:753} INFO - DAG(s) dict_keys(['example_xcom']) retrieved from /home/airflow/.local/lib/python3.10/site-packages/airflow/example_dags/example_xcom.py
[2023-02-11T13:38:05.882+0000] {logging_mixin.py:137} INFO - [2023-02-11T13:38:05.882+0000] {dag.py:2690} INFO - Sync 1 DAGs
[2023-02-11T13:38:05.954+0000] {logging_mixin.py:137} INFO - [2023-02-11T13:38:05.953+0000] {dag.py:3437} INFO - Setting next_dagrun for example_xcom to 2021-01-01T00:00:00+00:00, run_after=2021-01-01T00:00:00+00:00
[2023-02-11T13:38:05.999+0000] {processor.py:175} INFO - Processing /home/airflow/.local/lib/python3.10/site-packages/airflow/example_dags/example_xcom.py took 0.309 seconds
[2023-02-11T13:38:36.607+0000] {processor.py:153} INFO - Started process (PID=288) to work on /home/airflow/.local/lib/python3.10/site-packages/airflow/example_dags/example_xcom.py
[2023-02-11T13:38:36.610+0000] {processor.py:743} INFO - Processing file /home/airflow/.local/lib/python3.10/site-packages/airflow/example_dags/example_xcom.py for tasks to queue
[2023-02-11T13:38:36.629+0000] {logging_mixin.py:137} INFO - [2023-02-11T13:38:36.627+0000] {dagbag.py:538} INFO - Filling up the DagBag from /home/airflow/.local/lib/python3.10/site-packages/airflow/example_dags/example_xcom.py
[2023-02-11T13:38:37.172+0000] {processor.py:753} INFO - DAG(s) dict_keys(['example_xcom']) retrieved from /home/airflow/.local/lib/python3.10/site-packages/airflow/example_dags/example_xcom.py
[2023-02-11T13:38:37.580+0000] {logging_mixin.py:137} INFO - [2023-02-11T13:38:37.580+0000] {dag.py:2690} INFO - Sync 1 DAGs
[2023-02-11T13:38:38.014+0000] {logging_mixin.py:137} INFO - [2023-02-11T13:38:38.013+0000] {dag.py:3437} INFO - Setting next_dagrun for example_xcom to 2021-01-01T00:00:00+00:00, run_after=2021-01-01T00:00:00+00:00
[2023-02-11T13:38:44.031+0000] {logging_mixin.py:137} INFO - [2023-02-11T13:38:44.031+0000] {process_utils.py:256} INFO - Waiting up to 5 seconds for processes to exit...
