[2023-02-11T13:36:27.958+0000] {processor.py:153} INFO - Started process (PID=67) to work on /home/airflow/.local/lib/python3.10/site-packages/airflow/example_dags/example_latest_only.py
[2023-02-11T13:36:27.970+0000] {processor.py:743} INFO - Processing file /home/airflow/.local/lib/python3.10/site-packages/airflow/example_dags/example_latest_only.py for tasks to queue
[2023-02-11T13:36:27.987+0000] {logging_mixin.py:137} INFO - [2023-02-11T13:36:27.985+0000] {dagbag.py:538} INFO - Filling up the DagBag from /home/airflow/.local/lib/python3.10/site-packages/airflow/example_dags/example_latest_only.py
[2023-02-11T13:36:28.325+0000] {processor.py:753} INFO - DAG(s) dict_keys(['latest_only']) retrieved from /home/airflow/.local/lib/python3.10/site-packages/airflow/example_dags/example_latest_only.py
[2023-02-11T13:36:28.501+0000] {logging_mixin.py:137} INFO - [2023-02-11T13:36:28.501+0000] {dag.py:2690} INFO - Sync 1 DAGs
[2023-02-11T13:36:28.685+0000] {logging_mixin.py:137} INFO - [2023-02-11T13:36:28.685+0000] {dag.py:3437} INFO - Setting next_dagrun for latest_only to 2023-02-11T09:36:28.685259+00:00, run_after=2023-02-11T13:36:28.685259+00:00
[2023-02-11T13:36:29.036+0000] {processor.py:175} INFO - Processing /home/airflow/.local/lib/python3.10/site-packages/airflow/example_dags/example_latest_only.py took 1.113 seconds
[2023-02-11T13:36:59.980+0000] {processor.py:153} INFO - Started process (PID=123) to work on /home/airflow/.local/lib/python3.10/site-packages/airflow/example_dags/example_latest_only.py
[2023-02-11T13:36:59.994+0000] {processor.py:743} INFO - Processing file /home/airflow/.local/lib/python3.10/site-packages/airflow/example_dags/example_latest_only.py for tasks to queue
[2023-02-11T13:37:00.056+0000] {logging_mixin.py:137} INFO - [2023-02-11T13:37:00.056+0000] {dagbag.py:538} INFO - Filling up the DagBag from /home/airflow/.local/lib/python3.10/site-packages/airflow/example_dags/example_latest_only.py
[2023-02-11T13:37:00.321+0000] {processor.py:753} INFO - DAG(s) dict_keys(['latest_only']) retrieved from /home/airflow/.local/lib/python3.10/site-packages/airflow/example_dags/example_latest_only.py
[2023-02-11T13:37:00.554+0000] {logging_mixin.py:137} INFO - [2023-02-11T13:37:00.553+0000] {dag.py:2690} INFO - Sync 1 DAGs
[2023-02-11T13:37:00.878+0000] {logging_mixin.py:137} INFO - [2023-02-11T13:37:00.878+0000] {dag.py:3437} INFO - Setting next_dagrun for latest_only to 2023-02-11T09:37:00.877543+00:00, run_after=2023-02-11T13:37:00.877543+00:00
[2023-02-11T13:37:01.070+0000] {processor.py:175} INFO - Processing /home/airflow/.local/lib/python3.10/site-packages/airflow/example_dags/example_latest_only.py took 1.207 seconds
[2023-02-11T13:37:31.577+0000] {processor.py:153} INFO - Started process (PID=172) to work on /home/airflow/.local/lib/python3.10/site-packages/airflow/example_dags/example_latest_only.py
[2023-02-11T13:37:31.597+0000] {processor.py:743} INFO - Processing file /home/airflow/.local/lib/python3.10/site-packages/airflow/example_dags/example_latest_only.py for tasks to queue
[2023-02-11T13:37:31.607+0000] {logging_mixin.py:137} INFO - [2023-02-11T13:37:31.604+0000] {dagbag.py:538} INFO - Filling up the DagBag from /home/airflow/.local/lib/python3.10/site-packages/airflow/example_dags/example_latest_only.py
[2023-02-11T13:37:31.739+0000] {processor.py:753} INFO - DAG(s) dict_keys(['latest_only']) retrieved from /home/airflow/.local/lib/python3.10/site-packages/airflow/example_dags/example_latest_only.py
[2023-02-11T13:37:32.144+0000] {logging_mixin.py:137} INFO - [2023-02-11T13:37:32.144+0000] {dag.py:2690} INFO - Sync 1 DAGs
[2023-02-11T13:37:32.456+0000] {logging_mixin.py:137} INFO - [2023-02-11T13:37:32.456+0000] {dag.py:3437} INFO - Setting next_dagrun for latest_only to 2023-02-11T09:37:32.455691+00:00, run_after=2023-02-11T13:37:32.455691+00:00
[2023-02-11T13:37:32.731+0000] {processor.py:175} INFO - Processing /home/airflow/.local/lib/python3.10/site-packages/airflow/example_dags/example_latest_only.py took 1.188 seconds
[2023-02-11T13:38:03.070+0000] {processor.py:153} INFO - Started process (PID=227) to work on /home/airflow/.local/lib/python3.10/site-packages/airflow/example_dags/example_latest_only.py
[2023-02-11T13:38:03.075+0000] {processor.py:743} INFO - Processing file /home/airflow/.local/lib/python3.10/site-packages/airflow/example_dags/example_latest_only.py for tasks to queue
[2023-02-11T13:38:03.078+0000] {logging_mixin.py:137} INFO - [2023-02-11T13:38:03.077+0000] {dagbag.py:538} INFO - Filling up the DagBag from /home/airflow/.local/lib/python3.10/site-packages/airflow/example_dags/example_latest_only.py
[2023-02-11T13:38:03.112+0000] {processor.py:753} INFO - DAG(s) dict_keys(['latest_only']) retrieved from /home/airflow/.local/lib/python3.10/site-packages/airflow/example_dags/example_latest_only.py
[2023-02-11T13:38:03.177+0000] {logging_mixin.py:137} INFO - [2023-02-11T13:38:03.177+0000] {dag.py:2690} INFO - Sync 1 DAGs
[2023-02-11T13:38:03.217+0000] {logging_mixin.py:137} INFO - [2023-02-11T13:38:03.217+0000] {dag.py:3437} INFO - Setting next_dagrun for latest_only to 2023-02-11T09:38:03.216920+00:00, run_after=2023-02-11T13:38:03.216920+00:00
[2023-02-11T13:38:03.251+0000] {processor.py:175} INFO - Processing /home/airflow/.local/lib/python3.10/site-packages/airflow/example_dags/example_latest_only.py took 0.190 seconds
[2023-02-11T13:38:33.562+0000] {processor.py:153} INFO - Started process (PID=283) to work on /home/airflow/.local/lib/python3.10/site-packages/airflow/example_dags/example_latest_only.py
[2023-02-11T13:38:33.568+0000] {processor.py:743} INFO - Processing file /home/airflow/.local/lib/python3.10/site-packages/airflow/example_dags/example_latest_only.py for tasks to queue
[2023-02-11T13:38:33.570+0000] {logging_mixin.py:137} INFO - [2023-02-11T13:38:33.570+0000] {dagbag.py:538} INFO - Filling up the DagBag from /home/airflow/.local/lib/python3.10/site-packages/airflow/example_dags/example_latest_only.py
[2023-02-11T13:38:33.636+0000] {processor.py:753} INFO - DAG(s) dict_keys(['latest_only']) retrieved from /home/airflow/.local/lib/python3.10/site-packages/airflow/example_dags/example_latest_only.py
[2023-02-11T13:38:33.714+0000] {logging_mixin.py:137} INFO - [2023-02-11T13:38:33.714+0000] {dag.py:2690} INFO - Sync 1 DAGs
[2023-02-11T13:38:33.783+0000] {logging_mixin.py:137} INFO - [2023-02-11T13:38:33.783+0000] {dag.py:3437} INFO - Setting next_dagrun for latest_only to 2023-02-11T09:38:33.782661+00:00, run_after=2023-02-11T13:38:33.782661+00:00
[2023-02-11T13:38:33.848+0000] {processor.py:175} INFO - Processing /home/airflow/.local/lib/python3.10/site-packages/airflow/example_dags/example_latest_only.py took 0.314 seconds
