[2023-02-11T13:36:29.952+0000] {processor.py:153} INFO - Started process (PID=69) to work on /home/airflow/.local/lib/python3.10/site-packages/airflow/example_dags/example_complex.py
[2023-02-11T13:36:29.959+0000] {processor.py:743} INFO - Processing file /home/airflow/.local/lib/python3.10/site-packages/airflow/example_dags/example_complex.py for tasks to queue
[2023-02-11T13:36:29.966+0000] {logging_mixin.py:137} INFO - [2023-02-11T13:36:29.966+0000] {dagbag.py:538} INFO - Filling up the DagBag from /home/airflow/.local/lib/python3.10/site-packages/airflow/example_dags/example_complex.py
[2023-02-11T13:36:30.058+0000] {logging_mixin.py:137} INFO - [2023-02-11T13:36:30.058+0000] {taskmixin.py:205} WARNING - Dependency <Task(BashOperator): create_entry_group>, delete_entry_group already registered for DAG: example_complex
[2023-02-11T13:36:30.067+0000] {logging_mixin.py:137} INFO - [2023-02-11T13:36:30.065+0000] {taskmixin.py:205} WARNING - Dependency <Task(BashOperator): delete_entry_group>, create_entry_group already registered for DAG: example_complex
[2023-02-11T13:36:30.073+0000] {logging_mixin.py:137} INFO - [2023-02-11T13:36:30.072+0000] {taskmixin.py:205} WARNING - Dependency <Task(BashOperator): create_entry_gcs>, delete_entry already registered for DAG: example_complex
[2023-02-11T13:36:30.080+0000] {logging_mixin.py:137} INFO - [2023-02-11T13:36:30.075+0000] {taskmixin.py:205} WARNING - Dependency <Task(BashOperator): delete_entry>, create_entry_gcs already registered for DAG: example_complex
[2023-02-11T13:36:30.088+0000] {logging_mixin.py:137} INFO - [2023-02-11T13:36:30.087+0000] {taskmixin.py:205} WARNING - Dependency <Task(BashOperator): create_tag>, delete_tag already registered for DAG: example_complex
[2023-02-11T13:36:30.093+0000] {logging_mixin.py:137} INFO - [2023-02-11T13:36:30.091+0000] {taskmixin.py:205} WARNING - Dependency <Task(BashOperator): delete_tag>, create_tag already registered for DAG: example_complex
[2023-02-11T13:36:30.143+0000] {processor.py:753} INFO - DAG(s) dict_keys(['example_complex']) retrieved from /home/airflow/.local/lib/python3.10/site-packages/airflow/example_dags/example_complex.py
[2023-02-11T13:36:30.320+0000] {logging_mixin.py:137} INFO - [2023-02-11T13:36:30.320+0000] {dag.py:2690} INFO - Sync 1 DAGs
[2023-02-11T13:36:30.549+0000] {logging_mixin.py:137} INFO - [2023-02-11T13:36:30.549+0000] {dag.py:3437} INFO - Setting next_dagrun for example_complex to None, run_after=None
[2023-02-11T13:36:30.764+0000] {processor.py:175} INFO - Processing /home/airflow/.local/lib/python3.10/site-packages/airflow/example_dags/example_complex.py took 0.820 seconds
[2023-02-11T13:37:01.465+0000] {processor.py:153} INFO - Started process (PID=125) to work on /home/airflow/.local/lib/python3.10/site-packages/airflow/example_dags/example_complex.py
[2023-02-11T13:37:01.469+0000] {processor.py:743} INFO - Processing file /home/airflow/.local/lib/python3.10/site-packages/airflow/example_dags/example_complex.py for tasks to queue
[2023-02-11T13:37:01.480+0000] {logging_mixin.py:137} INFO - [2023-02-11T13:37:01.479+0000] {dagbag.py:538} INFO - Filling up the DagBag from /home/airflow/.local/lib/python3.10/site-packages/airflow/example_dags/example_complex.py
[2023-02-11T13:37:01.559+0000] {logging_mixin.py:137} INFO - [2023-02-11T13:37:01.558+0000] {taskmixin.py:205} WARNING - Dependency <Task(BashOperator): create_entry_group>, delete_entry_group already registered for DAG: example_complex
[2023-02-11T13:37:01.562+0000] {logging_mixin.py:137} INFO - [2023-02-11T13:37:01.561+0000] {taskmixin.py:205} WARNING - Dependency <Task(BashOperator): delete_entry_group>, create_entry_group already registered for DAG: example_complex
[2023-02-11T13:37:01.574+0000] {logging_mixin.py:137} INFO - [2023-02-11T13:37:01.572+0000] {taskmixin.py:205} WARNING - Dependency <Task(BashOperator): create_entry_gcs>, delete_entry already registered for DAG: example_complex
[2023-02-11T13:37:01.583+0000] {logging_mixin.py:137} INFO - [2023-02-11T13:37:01.581+0000] {taskmixin.py:205} WARNING - Dependency <Task(BashOperator): delete_entry>, create_entry_gcs already registered for DAG: example_complex
[2023-02-11T13:37:01.598+0000] {logging_mixin.py:137} INFO - [2023-02-11T13:37:01.595+0000] {taskmixin.py:205} WARNING - Dependency <Task(BashOperator): create_tag>, delete_tag already registered for DAG: example_complex
[2023-02-11T13:37:01.607+0000] {logging_mixin.py:137} INFO - [2023-02-11T13:37:01.602+0000] {taskmixin.py:205} WARNING - Dependency <Task(BashOperator): delete_tag>, create_tag already registered for DAG: example_complex
[2023-02-11T13:37:01.690+0000] {processor.py:753} INFO - DAG(s) dict_keys(['example_complex']) retrieved from /home/airflow/.local/lib/python3.10/site-packages/airflow/example_dags/example_complex.py
[2023-02-11T13:37:01.860+0000] {logging_mixin.py:137} INFO - [2023-02-11T13:37:01.860+0000] {dag.py:2690} INFO - Sync 1 DAGs
[2023-02-11T13:37:01.985+0000] {logging_mixin.py:137} INFO - [2023-02-11T13:37:01.985+0000] {dag.py:3437} INFO - Setting next_dagrun for example_complex to None, run_after=None
[2023-02-11T13:37:02.082+0000] {processor.py:175} INFO - Processing /home/airflow/.local/lib/python3.10/site-packages/airflow/example_dags/example_complex.py took 0.635 seconds
[2023-02-11T13:37:33.415+0000] {processor.py:153} INFO - Started process (PID=174) to work on /home/airflow/.local/lib/python3.10/site-packages/airflow/example_dags/example_complex.py
[2023-02-11T13:37:33.428+0000] {processor.py:743} INFO - Processing file /home/airflow/.local/lib/python3.10/site-packages/airflow/example_dags/example_complex.py for tasks to queue
[2023-02-11T13:37:33.430+0000] {logging_mixin.py:137} INFO - [2023-02-11T13:37:33.430+0000] {dagbag.py:538} INFO - Filling up the DagBag from /home/airflow/.local/lib/python3.10/site-packages/airflow/example_dags/example_complex.py
[2023-02-11T13:37:33.515+0000] {logging_mixin.py:137} INFO - [2023-02-11T13:37:33.515+0000] {taskmixin.py:205} WARNING - Dependency <Task(BashOperator): create_entry_group>, delete_entry_group already registered for DAG: example_complex
[2023-02-11T13:37:33.518+0000] {logging_mixin.py:137} INFO - [2023-02-11T13:37:33.518+0000] {taskmixin.py:205} WARNING - Dependency <Task(BashOperator): delete_entry_group>, create_entry_group already registered for DAG: example_complex
[2023-02-11T13:37:33.527+0000] {logging_mixin.py:137} INFO - [2023-02-11T13:37:33.527+0000] {taskmixin.py:205} WARNING - Dependency <Task(BashOperator): create_entry_gcs>, delete_entry already registered for DAG: example_complex
[2023-02-11T13:37:33.529+0000] {logging_mixin.py:137} INFO - [2023-02-11T13:37:33.528+0000] {taskmixin.py:205} WARNING - Dependency <Task(BashOperator): delete_entry>, create_entry_gcs already registered for DAG: example_complex
[2023-02-11T13:37:33.530+0000] {logging_mixin.py:137} INFO - [2023-02-11T13:37:33.530+0000] {taskmixin.py:205} WARNING - Dependency <Task(BashOperator): create_tag>, delete_tag already registered for DAG: example_complex
[2023-02-11T13:37:33.532+0000] {logging_mixin.py:137} INFO - [2023-02-11T13:37:33.532+0000] {taskmixin.py:205} WARNING - Dependency <Task(BashOperator): delete_tag>, create_tag already registered for DAG: example_complex
[2023-02-11T13:37:33.607+0000] {processor.py:753} INFO - DAG(s) dict_keys(['example_complex']) retrieved from /home/airflow/.local/lib/python3.10/site-packages/airflow/example_dags/example_complex.py
[2023-02-11T13:37:33.919+0000] {logging_mixin.py:137} INFO - [2023-02-11T13:37:33.919+0000] {dag.py:2690} INFO - Sync 1 DAGs
[2023-02-11T13:37:34.104+0000] {logging_mixin.py:137} INFO - [2023-02-11T13:37:34.104+0000] {dag.py:3437} INFO - Setting next_dagrun for example_complex to None, run_after=None
[2023-02-11T13:37:34.313+0000] {processor.py:175} INFO - Processing /home/airflow/.local/lib/python3.10/site-packages/airflow/example_dags/example_complex.py took 0.937 seconds
[2023-02-11T13:38:04.713+0000] {processor.py:153} INFO - Started process (PID=230) to work on /home/airflow/.local/lib/python3.10/site-packages/airflow/example_dags/example_complex.py
[2023-02-11T13:38:04.717+0000] {processor.py:743} INFO - Processing file /home/airflow/.local/lib/python3.10/site-packages/airflow/example_dags/example_complex.py for tasks to queue
[2023-02-11T13:38:04.728+0000] {logging_mixin.py:137} INFO - [2023-02-11T13:38:04.728+0000] {dagbag.py:538} INFO - Filling up the DagBag from /home/airflow/.local/lib/python3.10/site-packages/airflow/example_dags/example_complex.py
[2023-02-11T13:38:04.762+0000] {logging_mixin.py:137} INFO - [2023-02-11T13:38:04.762+0000] {taskmixin.py:205} WARNING - Dependency <Task(BashOperator): create_entry_group>, delete_entry_group already registered for DAG: example_complex
[2023-02-11T13:38:04.765+0000] {logging_mixin.py:137} INFO - [2023-02-11T13:38:04.764+0000] {taskmixin.py:205} WARNING - Dependency <Task(BashOperator): delete_entry_group>, create_entry_group already registered for DAG: example_complex
[2023-02-11T13:38:04.769+0000] {logging_mixin.py:137} INFO - [2023-02-11T13:38:04.766+0000] {taskmixin.py:205} WARNING - Dependency <Task(BashOperator): create_entry_gcs>, delete_entry already registered for DAG: example_complex
[2023-02-11T13:38:04.772+0000] {logging_mixin.py:137} INFO - [2023-02-11T13:38:04.770+0000] {taskmixin.py:205} WARNING - Dependency <Task(BashOperator): delete_entry>, create_entry_gcs already registered for DAG: example_complex
[2023-02-11T13:38:04.774+0000] {logging_mixin.py:137} INFO - [2023-02-11T13:38:04.774+0000] {taskmixin.py:205} WARNING - Dependency <Task(BashOperator): create_tag>, delete_tag already registered for DAG: example_complex
[2023-02-11T13:38:04.776+0000] {logging_mixin.py:137} INFO - [2023-02-11T13:38:04.775+0000] {taskmixin.py:205} WARNING - Dependency <Task(BashOperator): delete_tag>, create_tag already registered for DAG: example_complex
[2023-02-11T13:38:04.793+0000] {processor.py:753} INFO - DAG(s) dict_keys(['example_complex']) retrieved from /home/airflow/.local/lib/python3.10/site-packages/airflow/example_dags/example_complex.py
[2023-02-11T13:38:04.867+0000] {logging_mixin.py:137} INFO - [2023-02-11T13:38:04.866+0000] {dag.py:2690} INFO - Sync 1 DAGs
[2023-02-11T13:38:04.925+0000] {logging_mixin.py:137} INFO - [2023-02-11T13:38:04.925+0000] {dag.py:3437} INFO - Setting next_dagrun for example_complex to None, run_after=None
[2023-02-11T13:38:04.969+0000] {processor.py:175} INFO - Processing /home/airflow/.local/lib/python3.10/site-packages/airflow/example_dags/example_complex.py took 0.271 seconds
[2023-02-11T13:38:35.440+0000] {processor.py:153} INFO - Started process (PID=287) to work on /home/airflow/.local/lib/python3.10/site-packages/airflow/example_dags/example_complex.py
[2023-02-11T13:38:35.443+0000] {processor.py:743} INFO - Processing file /home/airflow/.local/lib/python3.10/site-packages/airflow/example_dags/example_complex.py for tasks to queue
[2023-02-11T13:38:35.446+0000] {logging_mixin.py:137} INFO - [2023-02-11T13:38:35.445+0000] {dagbag.py:538} INFO - Filling up the DagBag from /home/airflow/.local/lib/python3.10/site-packages/airflow/example_dags/example_complex.py
[2023-02-11T13:38:35.482+0000] {logging_mixin.py:137} INFO - [2023-02-11T13:38:35.481+0000] {taskmixin.py:205} WARNING - Dependency <Task(BashOperator): create_entry_group>, delete_entry_group already registered for DAG: example_complex
[2023-02-11T13:38:35.484+0000] {logging_mixin.py:137} INFO - [2023-02-11T13:38:35.484+0000] {taskmixin.py:205} WARNING - Dependency <Task(BashOperator): delete_entry_group>, create_entry_group already registered for DAG: example_complex
[2023-02-11T13:38:35.486+0000] {logging_mixin.py:137} INFO - [2023-02-11T13:38:35.485+0000] {taskmixin.py:205} WARNING - Dependency <Task(BashOperator): create_entry_gcs>, delete_entry already registered for DAG: example_complex
[2023-02-11T13:38:35.487+0000] {logging_mixin.py:137} INFO - [2023-02-11T13:38:35.487+0000] {taskmixin.py:205} WARNING - Dependency <Task(BashOperator): delete_entry>, create_entry_gcs already registered for DAG: example_complex
[2023-02-11T13:38:35.489+0000] {logging_mixin.py:137} INFO - [2023-02-11T13:38:35.489+0000] {taskmixin.py:205} WARNING - Dependency <Task(BashOperator): create_tag>, delete_tag already registered for DAG: example_complex
[2023-02-11T13:38:35.492+0000] {logging_mixin.py:137} INFO - [2023-02-11T13:38:35.491+0000] {taskmixin.py:205} WARNING - Dependency <Task(BashOperator): delete_tag>, create_tag already registered for DAG: example_complex
[2023-02-11T13:38:35.531+0000] {processor.py:753} INFO - DAG(s) dict_keys(['example_complex']) retrieved from /home/airflow/.local/lib/python3.10/site-packages/airflow/example_dags/example_complex.py
[2023-02-11T13:38:35.977+0000] {logging_mixin.py:137} INFO - [2023-02-11T13:38:35.977+0000] {dag.py:2690} INFO - Sync 1 DAGs
[2023-02-11T13:38:36.082+0000] {logging_mixin.py:137} INFO - [2023-02-11T13:38:36.081+0000] {dag.py:3437} INFO - Setting next_dagrun for example_complex to None, run_after=None
[2023-02-11T13:38:36.274+0000] {processor.py:175} INFO - Processing /home/airflow/.local/lib/python3.10/site-packages/airflow/example_dags/example_complex.py took 0.855 seconds
