[2023-02-11T13:36:35.334+0000] {processor.py:153} INFO - Started process (PID=84) to work on /home/airflow/.local/lib/python3.10/site-packages/airflow/example_dags/example_sensors.py
[2023-02-11T13:36:35.352+0000] {processor.py:743} INFO - Processing file /home/airflow/.local/lib/python3.10/site-packages/airflow/example_dags/example_sensors.py for tasks to queue
[2023-02-11T13:36:35.357+0000] {logging_mixin.py:137} INFO - [2023-02-11T13:36:35.356+0000] {dagbag.py:538} INFO - Filling up the DagBag from /home/airflow/.local/lib/python3.10/site-packages/airflow/example_dags/example_sensors.py
[2023-02-11T13:36:35.441+0000] {processor.py:753} INFO - DAG(s) dict_keys(['example_sensors']) retrieved from /home/airflow/.local/lib/python3.10/site-packages/airflow/example_dags/example_sensors.py
[2023-02-11T13:36:35.537+0000] {logging_mixin.py:137} INFO - [2023-02-11T13:36:35.536+0000] {dag.py:2690} INFO - Sync 1 DAGs
[2023-02-11T13:36:35.599+0000] {logging_mixin.py:137} INFO - [2023-02-11T13:36:35.599+0000] {dag.py:3437} INFO - Setting next_dagrun for example_sensors to None, run_after=None
[2023-02-11T13:36:35.667+0000] {processor.py:175} INFO - Processing /home/airflow/.local/lib/python3.10/site-packages/airflow/example_dags/example_sensors.py took 0.344 seconds
[2023-02-11T13:37:05.983+0000] {processor.py:153} INFO - Started process (PID=140) to work on /home/airflow/.local/lib/python3.10/site-packages/airflow/example_dags/example_sensors.py
[2023-02-11T13:37:05.993+0000] {processor.py:743} INFO - Processing file /home/airflow/.local/lib/python3.10/site-packages/airflow/example_dags/example_sensors.py for tasks to queue
[2023-02-11T13:37:05.998+0000] {logging_mixin.py:137} INFO - [2023-02-11T13:37:05.997+0000] {dagbag.py:538} INFO - Filling up the DagBag from /home/airflow/.local/lib/python3.10/site-packages/airflow/example_dags/example_sensors.py
[2023-02-11T13:37:06.208+0000] {processor.py:753} INFO - DAG(s) dict_keys(['example_sensors']) retrieved from /home/airflow/.local/lib/python3.10/site-packages/airflow/example_dags/example_sensors.py
[2023-02-11T13:37:06.307+0000] {logging_mixin.py:137} INFO - [2023-02-11T13:37:06.306+0000] {dag.py:2690} INFO - Sync 1 DAGs
[2023-02-11T13:37:06.374+0000] {logging_mixin.py:137} INFO - [2023-02-11T13:37:06.374+0000] {dag.py:3437} INFO - Setting next_dagrun for example_sensors to None, run_after=None
[2023-02-11T13:37:06.423+0000] {processor.py:175} INFO - Processing /home/airflow/.local/lib/python3.10/site-packages/airflow/example_dags/example_sensors.py took 0.453 seconds
[2023-02-11T13:37:39.369+0000] {processor.py:153} INFO - Started process (PID=195) to work on /home/airflow/.local/lib/python3.10/site-packages/airflow/example_dags/example_sensors.py
[2023-02-11T13:37:39.372+0000] {processor.py:743} INFO - Processing file /home/airflow/.local/lib/python3.10/site-packages/airflow/example_dags/example_sensors.py for tasks to queue
[2023-02-11T13:37:39.374+0000] {logging_mixin.py:137} INFO - [2023-02-11T13:37:39.374+0000] {dagbag.py:538} INFO - Filling up the DagBag from /home/airflow/.local/lib/python3.10/site-packages/airflow/example_dags/example_sensors.py
[2023-02-11T13:37:39.476+0000] {processor.py:753} INFO - DAG(s) dict_keys(['example_sensors']) retrieved from /home/airflow/.local/lib/python3.10/site-packages/airflow/example_dags/example_sensors.py
[2023-02-11T13:37:39.600+0000] {logging_mixin.py:137} INFO - [2023-02-11T13:37:39.600+0000] {dag.py:2690} INFO - Sync 1 DAGs
[2023-02-11T13:37:39.747+0000] {logging_mixin.py:137} INFO - [2023-02-11T13:37:39.746+0000] {dag.py:3437} INFO - Setting next_dagrun for example_sensors to None, run_after=None
[2023-02-11T13:37:39.848+0000] {processor.py:175} INFO - Processing /home/airflow/.local/lib/python3.10/site-packages/airflow/example_dags/example_sensors.py took 0.493 seconds
[2023-02-11T13:38:12.340+0000] {processor.py:153} INFO - Started process (PID=244) to work on /home/airflow/.local/lib/python3.10/site-packages/airflow/example_dags/example_sensors.py
[2023-02-11T13:38:12.356+0000] {processor.py:743} INFO - Processing file /home/airflow/.local/lib/python3.10/site-packages/airflow/example_dags/example_sensors.py for tasks to queue
[2023-02-11T13:38:12.362+0000] {logging_mixin.py:137} INFO - [2023-02-11T13:38:12.362+0000] {dagbag.py:538} INFO - Filling up the DagBag from /home/airflow/.local/lib/python3.10/site-packages/airflow/example_dags/example_sensors.py
[2023-02-11T13:38:12.629+0000] {processor.py:753} INFO - DAG(s) dict_keys(['example_sensors']) retrieved from /home/airflow/.local/lib/python3.10/site-packages/airflow/example_dags/example_sensors.py
[2023-02-11T13:38:12.863+0000] {logging_mixin.py:137} INFO - [2023-02-11T13:38:12.863+0000] {dag.py:2690} INFO - Sync 1 DAGs
[2023-02-11T13:38:12.973+0000] {logging_mixin.py:137} INFO - [2023-02-11T13:38:12.973+0000] {dag.py:3437} INFO - Setting next_dagrun for example_sensors to None, run_after=None
[2023-02-11T13:38:13.058+0000] {processor.py:175} INFO - Processing /home/airflow/.local/lib/python3.10/site-packages/airflow/example_dags/example_sensors.py took 0.746 seconds
