[2023-02-11T13:36:35.283+0000] {processor.py:153} INFO - Started process (PID=83) to work on /home/airflow/.local/lib/python3.10/site-packages/airflow/example_dags/example_trigger_controller_dag.py
[2023-02-11T13:36:35.286+0000] {processor.py:743} INFO - Processing file /home/airflow/.local/lib/python3.10/site-packages/airflow/example_dags/example_trigger_controller_dag.py for tasks to queue
[2023-02-11T13:36:35.289+0000] {logging_mixin.py:137} INFO - [2023-02-11T13:36:35.289+0000] {dagbag.py:538} INFO - Filling up the DagBag from /home/airflow/.local/lib/python3.10/site-packages/airflow/example_dags/example_trigger_controller_dag.py
[2023-02-11T13:36:35.329+0000] {processor.py:753} INFO - DAG(s) dict_keys(['example_trigger_controller_dag']) retrieved from /home/airflow/.local/lib/python3.10/site-packages/airflow/example_dags/example_trigger_controller_dag.py
[2023-02-11T13:36:35.395+0000] {logging_mixin.py:137} INFO - [2023-02-11T13:36:35.395+0000] {dag.py:2690} INFO - Sync 1 DAGs
[2023-02-11T13:36:35.435+0000] {logging_mixin.py:137} INFO - [2023-02-11T13:36:35.435+0000] {dag.py:3437} INFO - Setting next_dagrun for example_trigger_controller_dag to 2021-01-01T00:00:00+00:00, run_after=2021-01-01T00:00:00+00:00
[2023-02-11T13:36:35.517+0000] {processor.py:175} INFO - Processing /home/airflow/.local/lib/python3.10/site-packages/airflow/example_dags/example_trigger_controller_dag.py took 0.242 seconds
[2023-02-11T13:37:05.696+0000] {processor.py:153} INFO - Started process (PID=139) to work on /home/airflow/.local/lib/python3.10/site-packages/airflow/example_dags/example_trigger_controller_dag.py
[2023-02-11T13:37:05.698+0000] {processor.py:743} INFO - Processing file /home/airflow/.local/lib/python3.10/site-packages/airflow/example_dags/example_trigger_controller_dag.py for tasks to queue
[2023-02-11T13:37:05.700+0000] {logging_mixin.py:137} INFO - [2023-02-11T13:37:05.700+0000] {dagbag.py:538} INFO - Filling up the DagBag from /home/airflow/.local/lib/python3.10/site-packages/airflow/example_dags/example_trigger_controller_dag.py
[2023-02-11T13:37:05.722+0000] {processor.py:753} INFO - DAG(s) dict_keys(['example_trigger_controller_dag']) retrieved from /home/airflow/.local/lib/python3.10/site-packages/airflow/example_dags/example_trigger_controller_dag.py
[2023-02-11T13:37:05.764+0000] {logging_mixin.py:137} INFO - [2023-02-11T13:37:05.764+0000] {dag.py:2690} INFO - Sync 1 DAGs
[2023-02-11T13:37:05.802+0000] {logging_mixin.py:137} INFO - [2023-02-11T13:37:05.801+0000] {dag.py:3437} INFO - Setting next_dagrun for example_trigger_controller_dag to 2021-01-01T00:00:00+00:00, run_after=2021-01-01T00:00:00+00:00
[2023-02-11T13:37:05.835+0000] {processor.py:175} INFO - Processing /home/airflow/.local/lib/python3.10/site-packages/airflow/example_dags/example_trigger_controller_dag.py took 0.149 seconds
[2023-02-11T13:37:39.024+0000] {processor.py:153} INFO - Started process (PID=193) to work on /home/airflow/.local/lib/python3.10/site-packages/airflow/example_dags/example_trigger_controller_dag.py
[2023-02-11T13:37:39.029+0000] {processor.py:743} INFO - Processing file /home/airflow/.local/lib/python3.10/site-packages/airflow/example_dags/example_trigger_controller_dag.py for tasks to queue
[2023-02-11T13:37:39.033+0000] {logging_mixin.py:137} INFO - [2023-02-11T13:37:39.032+0000] {dagbag.py:538} INFO - Filling up the DagBag from /home/airflow/.local/lib/python3.10/site-packages/airflow/example_dags/example_trigger_controller_dag.py
[2023-02-11T13:37:39.060+0000] {processor.py:753} INFO - DAG(s) dict_keys(['example_trigger_controller_dag']) retrieved from /home/airflow/.local/lib/python3.10/site-packages/airflow/example_dags/example_trigger_controller_dag.py
[2023-02-11T13:37:39.122+0000] {logging_mixin.py:137} INFO - [2023-02-11T13:37:39.122+0000] {dag.py:2690} INFO - Sync 1 DAGs
[2023-02-11T13:37:39.210+0000] {logging_mixin.py:137} INFO - [2023-02-11T13:37:39.210+0000] {dag.py:3437} INFO - Setting next_dagrun for example_trigger_controller_dag to 2021-01-01T00:00:00+00:00, run_after=2021-01-01T00:00:00+00:00
[2023-02-11T13:37:39.249+0000] {processor.py:175} INFO - Processing /home/airflow/.local/lib/python3.10/site-packages/airflow/example_dags/example_trigger_controller_dag.py took 0.238 seconds
[2023-02-11T13:38:11.672+0000] {processor.py:153} INFO - Started process (PID=242) to work on /home/airflow/.local/lib/python3.10/site-packages/airflow/example_dags/example_trigger_controller_dag.py
[2023-02-11T13:38:11.685+0000] {processor.py:743} INFO - Processing file /home/airflow/.local/lib/python3.10/site-packages/airflow/example_dags/example_trigger_controller_dag.py for tasks to queue
[2023-02-11T13:38:11.699+0000] {logging_mixin.py:137} INFO - [2023-02-11T13:38:11.696+0000] {dagbag.py:538} INFO - Filling up the DagBag from /home/airflow/.local/lib/python3.10/site-packages/airflow/example_dags/example_trigger_controller_dag.py
[2023-02-11T13:38:11.789+0000] {processor.py:753} INFO - DAG(s) dict_keys(['example_trigger_controller_dag']) retrieved from /home/airflow/.local/lib/python3.10/site-packages/airflow/example_dags/example_trigger_controller_dag.py
[2023-02-11T13:38:11.945+0000] {logging_mixin.py:137} INFO - [2023-02-11T13:38:11.945+0000] {dag.py:2690} INFO - Sync 1 DAGs
[2023-02-11T13:38:12.052+0000] {logging_mixin.py:137} INFO - [2023-02-11T13:38:12.052+0000] {dag.py:3437} INFO - Setting next_dagrun for example_trigger_controller_dag to 2021-01-01T00:00:00+00:00, run_after=2021-01-01T00:00:00+00:00
[2023-02-11T13:38:12.169+0000] {processor.py:175} INFO - Processing /home/airflow/.local/lib/python3.10/site-packages/airflow/example_dags/example_trigger_controller_dag.py took 0.534 seconds
