[2023-02-11T13:36:37.648+0000] {processor.py:153} INFO - Started process (PID=90) to work on /home/airflow/.local/lib/python3.10/site-packages/airflow/example_dags/example_short_circuit_decorator.py
[2023-02-11T13:36:37.652+0000] {processor.py:743} INFO - Processing file /home/airflow/.local/lib/python3.10/site-packages/airflow/example_dags/example_short_circuit_decorator.py for tasks to queue
[2023-02-11T13:36:37.657+0000] {logging_mixin.py:137} INFO - [2023-02-11T13:36:37.657+0000] {dagbag.py:538} INFO - Filling up the DagBag from /home/airflow/.local/lib/python3.10/site-packages/airflow/example_dags/example_short_circuit_decorator.py
[2023-02-11T13:36:37.720+0000] {processor.py:753} INFO - DAG(s) dict_keys(['example_short_circuit_decorator']) retrieved from /home/airflow/.local/lib/python3.10/site-packages/airflow/example_dags/example_short_circuit_decorator.py
[2023-02-11T13:36:37.760+0000] {logging_mixin.py:137} INFO - [2023-02-11T13:36:37.759+0000] {dag.py:2690} INFO - Sync 1 DAGs
[2023-02-11T13:36:37.800+0000] {logging_mixin.py:137} INFO - [2023-02-11T13:36:37.800+0000] {dag.py:3437} INFO - Setting next_dagrun for example_short_circuit_decorator to 2023-02-10T13:36:37.799848+00:00, run_after=2023-02-11T13:36:37.799848+00:00
[2023-02-11T13:36:37.838+0000] {processor.py:175} INFO - Processing /home/airflow/.local/lib/python3.10/site-packages/airflow/example_dags/example_short_circuit_decorator.py took 0.204 seconds
[2023-02-11T13:37:08.500+0000] {processor.py:153} INFO - Started process (PID=146) to work on /home/airflow/.local/lib/python3.10/site-packages/airflow/example_dags/example_short_circuit_decorator.py
[2023-02-11T13:37:08.502+0000] {processor.py:743} INFO - Processing file /home/airflow/.local/lib/python3.10/site-packages/airflow/example_dags/example_short_circuit_decorator.py for tasks to queue
[2023-02-11T13:37:08.505+0000] {logging_mixin.py:137} INFO - [2023-02-11T13:37:08.505+0000] {dagbag.py:538} INFO - Filling up the DagBag from /home/airflow/.local/lib/python3.10/site-packages/airflow/example_dags/example_short_circuit_decorator.py
[2023-02-11T13:37:08.552+0000] {processor.py:753} INFO - DAG(s) dict_keys(['example_short_circuit_decorator']) retrieved from /home/airflow/.local/lib/python3.10/site-packages/airflow/example_dags/example_short_circuit_decorator.py
[2023-02-11T13:37:08.599+0000] {logging_mixin.py:137} INFO - [2023-02-11T13:37:08.599+0000] {dag.py:2690} INFO - Sync 1 DAGs
[2023-02-11T13:37:08.636+0000] {logging_mixin.py:137} INFO - [2023-02-11T13:37:08.636+0000] {dag.py:3437} INFO - Setting next_dagrun for example_short_circuit_decorator to 2023-02-10T13:37:08.635850+00:00, run_after=2023-02-11T13:37:08.635850+00:00
[2023-02-11T13:37:08.693+0000] {processor.py:175} INFO - Processing /home/airflow/.local/lib/python3.10/site-packages/airflow/example_dags/example_short_circuit_decorator.py took 0.200 seconds
[2023-02-11T13:37:43.254+0000] {processor.py:153} INFO - Started process (PID=202) to work on /home/airflow/.local/lib/python3.10/site-packages/airflow/example_dags/example_short_circuit_decorator.py
[2023-02-11T13:37:43.267+0000] {processor.py:743} INFO - Processing file /home/airflow/.local/lib/python3.10/site-packages/airflow/example_dags/example_short_circuit_decorator.py for tasks to queue
[2023-02-11T13:37:43.272+0000] {logging_mixin.py:137} INFO - [2023-02-11T13:37:43.272+0000] {dagbag.py:538} INFO - Filling up the DagBag from /home/airflow/.local/lib/python3.10/site-packages/airflow/example_dags/example_short_circuit_decorator.py
[2023-02-11T13:37:43.836+0000] {processor.py:753} INFO - DAG(s) dict_keys(['example_short_circuit_decorator']) retrieved from /home/airflow/.local/lib/python3.10/site-packages/airflow/example_dags/example_short_circuit_decorator.py
[2023-02-11T13:37:43.988+0000] {logging_mixin.py:137} INFO - [2023-02-11T13:37:43.988+0000] {dag.py:2690} INFO - Sync 1 DAGs
[2023-02-11T13:37:44.117+0000] {logging_mixin.py:137} INFO - [2023-02-11T13:37:44.114+0000] {dag.py:3437} INFO - Setting next_dagrun for example_short_circuit_decorator to 2023-02-10T13:37:44.114329+00:00, run_after=2023-02-11T13:37:44.114329+00:00
[2023-02-11T13:37:44.288+0000] {processor.py:175} INFO - Processing /home/airflow/.local/lib/python3.10/site-packages/airflow/example_dags/example_short_circuit_decorator.py took 1.088 seconds
[2023-02-11T13:38:15.559+0000] {processor.py:153} INFO - Started process (PID=257) to work on /home/airflow/.local/lib/python3.10/site-packages/airflow/example_dags/example_short_circuit_decorator.py
[2023-02-11T13:38:15.568+0000] {processor.py:743} INFO - Processing file /home/airflow/.local/lib/python3.10/site-packages/airflow/example_dags/example_short_circuit_decorator.py for tasks to queue
[2023-02-11T13:38:15.574+0000] {logging_mixin.py:137} INFO - [2023-02-11T13:38:15.573+0000] {dagbag.py:538} INFO - Filling up the DagBag from /home/airflow/.local/lib/python3.10/site-packages/airflow/example_dags/example_short_circuit_decorator.py
[2023-02-11T13:38:15.743+0000] {processor.py:753} INFO - DAG(s) dict_keys(['example_short_circuit_decorator']) retrieved from /home/airflow/.local/lib/python3.10/site-packages/airflow/example_dags/example_short_circuit_decorator.py
[2023-02-11T13:38:15.824+0000] {logging_mixin.py:137} INFO - [2023-02-11T13:38:15.824+0000] {dag.py:2690} INFO - Sync 1 DAGs
[2023-02-11T13:38:15.893+0000] {logging_mixin.py:137} INFO - [2023-02-11T13:38:15.893+0000] {dag.py:3437} INFO - Setting next_dagrun for example_short_circuit_decorator to 2023-02-10T13:38:15.893405+00:00, run_after=2023-02-11T13:38:15.893405+00:00
[2023-02-11T13:38:15.965+0000] {processor.py:175} INFO - Processing /home/airflow/.local/lib/python3.10/site-packages/airflow/example_dags/example_short_circuit_decorator.py took 0.431 seconds
