[2023-02-11T13:36:34.342+0000] {processor.py:153} INFO - Started process (PID=80) to work on /home/airflow/.local/lib/python3.10/site-packages/airflow/example_dags/example_branch_labels.py
[2023-02-11T13:36:34.350+0000] {processor.py:743} INFO - Processing file /home/airflow/.local/lib/python3.10/site-packages/airflow/example_dags/example_branch_labels.py for tasks to queue
[2023-02-11T13:36:34.352+0000] {logging_mixin.py:137} INFO - [2023-02-11T13:36:34.352+0000] {dagbag.py:538} INFO - Filling up the DagBag from /home/airflow/.local/lib/python3.10/site-packages/airflow/example_dags/example_branch_labels.py
[2023-02-11T13:36:34.426+0000] {processor.py:753} INFO - DAG(s) dict_keys(['example_branch_labels']) retrieved from /home/airflow/.local/lib/python3.10/site-packages/airflow/example_dags/example_branch_labels.py
[2023-02-11T13:36:34.548+0000] {logging_mixin.py:137} INFO - [2023-02-11T13:36:34.548+0000] {dag.py:2690} INFO - Sync 1 DAGs
[2023-02-11T13:36:34.666+0000] {logging_mixin.py:137} INFO - [2023-02-11T13:36:34.666+0000] {dag.py:3437} INFO - Setting next_dagrun for example_branch_labels to 2023-02-10T00:00:00+00:00, run_after=2023-02-11T00:00:00+00:00
[2023-02-11T13:36:34.792+0000] {processor.py:175} INFO - Processing /home/airflow/.local/lib/python3.10/site-packages/airflow/example_dags/example_branch_labels.py took 0.469 seconds
[2023-02-11T13:37:05.238+0000] {processor.py:153} INFO - Started process (PID=136) to work on /home/airflow/.local/lib/python3.10/site-packages/airflow/example_dags/example_branch_labels.py
[2023-02-11T13:37:05.241+0000] {processor.py:743} INFO - Processing file /home/airflow/.local/lib/python3.10/site-packages/airflow/example_dags/example_branch_labels.py for tasks to queue
[2023-02-11T13:37:05.252+0000] {logging_mixin.py:137} INFO - [2023-02-11T13:37:05.251+0000] {dagbag.py:538} INFO - Filling up the DagBag from /home/airflow/.local/lib/python3.10/site-packages/airflow/example_dags/example_branch_labels.py
[2023-02-11T13:37:05.328+0000] {processor.py:753} INFO - DAG(s) dict_keys(['example_branch_labels']) retrieved from /home/airflow/.local/lib/python3.10/site-packages/airflow/example_dags/example_branch_labels.py
[2023-02-11T13:37:05.448+0000] {logging_mixin.py:137} INFO - [2023-02-11T13:37:05.448+0000] {dag.py:2690} INFO - Sync 1 DAGs
[2023-02-11T13:37:05.515+0000] {logging_mixin.py:137} INFO - [2023-02-11T13:37:05.514+0000] {dag.py:3437} INFO - Setting next_dagrun for example_branch_labels to 2023-02-10T00:00:00+00:00, run_after=2023-02-11T00:00:00+00:00
[2023-02-11T13:37:05.608+0000] {processor.py:175} INFO - Processing /home/airflow/.local/lib/python3.10/site-packages/airflow/example_dags/example_branch_labels.py took 0.379 seconds
[2023-02-11T13:37:38.473+0000] {processor.py:153} INFO - Started process (PID=191) to work on /home/airflow/.local/lib/python3.10/site-packages/airflow/example_dags/example_branch_labels.py
[2023-02-11T13:37:38.495+0000] {processor.py:743} INFO - Processing file /home/airflow/.local/lib/python3.10/site-packages/airflow/example_dags/example_branch_labels.py for tasks to queue
[2023-02-11T13:37:38.501+0000] {logging_mixin.py:137} INFO - [2023-02-11T13:37:38.501+0000] {dagbag.py:538} INFO - Filling up the DagBag from /home/airflow/.local/lib/python3.10/site-packages/airflow/example_dags/example_branch_labels.py
[2023-02-11T13:37:38.609+0000] {processor.py:753} INFO - DAG(s) dict_keys(['example_branch_labels']) retrieved from /home/airflow/.local/lib/python3.10/site-packages/airflow/example_dags/example_branch_labels.py
[2023-02-11T13:37:38.720+0000] {logging_mixin.py:137} INFO - [2023-02-11T13:37:38.720+0000] {dag.py:2690} INFO - Sync 1 DAGs
[2023-02-11T13:37:38.868+0000] {logging_mixin.py:137} INFO - [2023-02-11T13:37:38.868+0000] {dag.py:3437} INFO - Setting next_dagrun for example_branch_labels to 2023-02-10T00:00:00+00:00, run_after=2023-02-11T00:00:00+00:00
[2023-02-11T13:37:38.921+0000] {processor.py:175} INFO - Processing /home/airflow/.local/lib/python3.10/site-packages/airflow/example_dags/example_branch_labels.py took 0.472 seconds
[2023-02-11T13:38:10.840+0000] {processor.py:153} INFO - Started process (PID=240) to work on /home/airflow/.local/lib/python3.10/site-packages/airflow/example_dags/example_branch_labels.py
[2023-02-11T13:38:10.863+0000] {processor.py:743} INFO - Processing file /home/airflow/.local/lib/python3.10/site-packages/airflow/example_dags/example_branch_labels.py for tasks to queue
[2023-02-11T13:38:10.873+0000] {logging_mixin.py:137} INFO - [2023-02-11T13:38:10.872+0000] {dagbag.py:538} INFO - Filling up the DagBag from /home/airflow/.local/lib/python3.10/site-packages/airflow/example_dags/example_branch_labels.py
[2023-02-11T13:38:10.991+0000] {processor.py:753} INFO - DAG(s) dict_keys(['example_branch_labels']) retrieved from /home/airflow/.local/lib/python3.10/site-packages/airflow/example_dags/example_branch_labels.py
[2023-02-11T13:38:11.095+0000] {logging_mixin.py:137} INFO - [2023-02-11T13:38:11.095+0000] {dag.py:2690} INFO - Sync 1 DAGs
[2023-02-11T13:38:11.214+0000] {logging_mixin.py:137} INFO - [2023-02-11T13:38:11.211+0000] {dag.py:3437} INFO - Setting next_dagrun for example_branch_labels to 2023-02-10T00:00:00+00:00, run_after=2023-02-11T00:00:00+00:00
[2023-02-11T13:38:11.338+0000] {processor.py:175} INFO - Processing /home/airflow/.local/lib/python3.10/site-packages/airflow/example_dags/example_branch_labels.py took 0.515 seconds
