[2023-02-11T13:36:34.305+0000] {processor.py:153} INFO - Started process (PID=79) to work on /home/airflow/.local/lib/python3.10/site-packages/airflow/example_dags/tutorial_taskflow_api.py
[2023-02-11T13:36:34.309+0000] {processor.py:743} INFO - Processing file /home/airflow/.local/lib/python3.10/site-packages/airflow/example_dags/tutorial_taskflow_api.py for tasks to queue
[2023-02-11T13:36:34.312+0000] {logging_mixin.py:137} INFO - [2023-02-11T13:36:34.311+0000] {dagbag.py:538} INFO - Filling up the DagBag from /home/airflow/.local/lib/python3.10/site-packages/airflow/example_dags/tutorial_taskflow_api.py
[2023-02-11T13:36:34.475+0000] {processor.py:753} INFO - DAG(s) dict_keys(['tutorial_taskflow_api']) retrieved from /home/airflow/.local/lib/python3.10/site-packages/airflow/example_dags/tutorial_taskflow_api.py
[2023-02-11T13:36:34.572+0000] {logging_mixin.py:137} INFO - [2023-02-11T13:36:34.571+0000] {dag.py:2690} INFO - Sync 1 DAGs
[2023-02-11T13:36:34.634+0000] {logging_mixin.py:137} INFO - [2023-02-11T13:36:34.634+0000] {dag.py:3437} INFO - Setting next_dagrun for tutorial_taskflow_api to None, run_after=None
[2023-02-11T13:36:34.716+0000] {processor.py:175} INFO - Processing /home/airflow/.local/lib/python3.10/site-packages/airflow/example_dags/tutorial_taskflow_api.py took 0.417 seconds
[2023-02-11T13:37:04.890+0000] {processor.py:153} INFO - Started process (PID=135) to work on /home/airflow/.local/lib/python3.10/site-packages/airflow/example_dags/tutorial_taskflow_api.py
[2023-02-11T13:37:04.893+0000] {processor.py:743} INFO - Processing file /home/airflow/.local/lib/python3.10/site-packages/airflow/example_dags/tutorial_taskflow_api.py for tasks to queue
[2023-02-11T13:37:04.898+0000] {logging_mixin.py:137} INFO - [2023-02-11T13:37:04.897+0000] {dagbag.py:538} INFO - Filling up the DagBag from /home/airflow/.local/lib/python3.10/site-packages/airflow/example_dags/tutorial_taskflow_api.py
[2023-02-11T13:37:05.010+0000] {processor.py:753} INFO - DAG(s) dict_keys(['tutorial_taskflow_api']) retrieved from /home/airflow/.local/lib/python3.10/site-packages/airflow/example_dags/tutorial_taskflow_api.py
[2023-02-11T13:37:05.056+0000] {logging_mixin.py:137} INFO - [2023-02-11T13:37:05.056+0000] {dag.py:2690} INFO - Sync 1 DAGs
[2023-02-11T13:37:05.099+0000] {logging_mixin.py:137} INFO - [2023-02-11T13:37:05.099+0000] {dag.py:3437} INFO - Setting next_dagrun for tutorial_taskflow_api to None, run_after=None
[2023-02-11T13:37:05.149+0000] {processor.py:175} INFO - Processing /home/airflow/.local/lib/python3.10/site-packages/airflow/example_dags/tutorial_taskflow_api.py took 0.267 seconds
[2023-02-11T13:37:38.327+0000] {processor.py:153} INFO - Started process (PID=190) to work on /home/airflow/.local/lib/python3.10/site-packages/airflow/example_dags/tutorial_taskflow_api.py
[2023-02-11T13:37:38.331+0000] {processor.py:743} INFO - Processing file /home/airflow/.local/lib/python3.10/site-packages/airflow/example_dags/tutorial_taskflow_api.py for tasks to queue
[2023-02-11T13:37:38.335+0000] {logging_mixin.py:137} INFO - [2023-02-11T13:37:38.334+0000] {dagbag.py:538} INFO - Filling up the DagBag from /home/airflow/.local/lib/python3.10/site-packages/airflow/example_dags/tutorial_taskflow_api.py
[2023-02-11T13:37:38.408+0000] {processor.py:753} INFO - DAG(s) dict_keys(['tutorial_taskflow_api']) retrieved from /home/airflow/.local/lib/python3.10/site-packages/airflow/example_dags/tutorial_taskflow_api.py
[2023-02-11T13:37:38.491+0000] {logging_mixin.py:137} INFO - [2023-02-11T13:37:38.490+0000] {dag.py:2690} INFO - Sync 1 DAGs
[2023-02-11T13:37:38.547+0000] {logging_mixin.py:137} INFO - [2023-02-11T13:37:38.547+0000] {dag.py:3437} INFO - Setting next_dagrun for tutorial_taskflow_api to None, run_after=None
[2023-02-11T13:37:38.641+0000] {processor.py:175} INFO - Processing /home/airflow/.local/lib/python3.10/site-packages/airflow/example_dags/tutorial_taskflow_api.py took 0.324 seconds
[2023-02-11T13:38:10.014+0000] {processor.py:153} INFO - Started process (PID=239) to work on /home/airflow/.local/lib/python3.10/site-packages/airflow/example_dags/tutorial_taskflow_api.py
[2023-02-11T13:38:10.042+0000] {processor.py:743} INFO - Processing file /home/airflow/.local/lib/python3.10/site-packages/airflow/example_dags/tutorial_taskflow_api.py for tasks to queue
[2023-02-11T13:38:10.045+0000] {logging_mixin.py:137} INFO - [2023-02-11T13:38:10.044+0000] {dagbag.py:538} INFO - Filling up the DagBag from /home/airflow/.local/lib/python3.10/site-packages/airflow/example_dags/tutorial_taskflow_api.py
[2023-02-11T13:38:10.331+0000] {processor.py:753} INFO - DAG(s) dict_keys(['tutorial_taskflow_api']) retrieved from /home/airflow/.local/lib/python3.10/site-packages/airflow/example_dags/tutorial_taskflow_api.py
[2023-02-11T13:38:10.455+0000] {logging_mixin.py:137} INFO - [2023-02-11T13:38:10.455+0000] {dag.py:2690} INFO - Sync 1 DAGs
[2023-02-11T13:38:10.574+0000] {logging_mixin.py:137} INFO - [2023-02-11T13:38:10.574+0000] {dag.py:3437} INFO - Setting next_dagrun for tutorial_taskflow_api to None, run_after=None
[2023-02-11T13:38:10.661+0000] {processor.py:175} INFO - Processing /home/airflow/.local/lib/python3.10/site-packages/airflow/example_dags/tutorial_taskflow_api.py took 0.731 seconds
