[2023-02-11T13:36:37.714+0000] {processor.py:153} INFO - Started process (PID=91) to work on /home/airflow/.local/lib/python3.10/site-packages/airflow/example_dags/tutorial_dag.py
[2023-02-11T13:36:37.723+0000] {processor.py:743} INFO - Processing file /home/airflow/.local/lib/python3.10/site-packages/airflow/example_dags/tutorial_dag.py for tasks to queue
[2023-02-11T13:36:37.728+0000] {logging_mixin.py:137} INFO - [2023-02-11T13:36:37.728+0000] {dagbag.py:538} INFO - Filling up the DagBag from /home/airflow/.local/lib/python3.10/site-packages/airflow/example_dags/tutorial_dag.py
[2023-02-11T13:36:37.794+0000] {processor.py:753} INFO - DAG(s) dict_keys(['tutorial_dag']) retrieved from /home/airflow/.local/lib/python3.10/site-packages/airflow/example_dags/tutorial_dag.py
[2023-02-11T13:36:37.862+0000] {logging_mixin.py:137} INFO - [2023-02-11T13:36:37.862+0000] {dag.py:2690} INFO - Sync 1 DAGs
[2023-02-11T13:36:37.956+0000] {logging_mixin.py:137} INFO - [2023-02-11T13:36:37.956+0000] {dag.py:3437} INFO - Setting next_dagrun for tutorial_dag to None, run_after=None
[2023-02-11T13:36:38.024+0000] {processor.py:175} INFO - Processing /home/airflow/.local/lib/python3.10/site-packages/airflow/example_dags/tutorial_dag.py took 0.322 seconds
[2023-02-11T13:37:08.527+0000] {processor.py:153} INFO - Started process (PID=147) to work on /home/airflow/.local/lib/python3.10/site-packages/airflow/example_dags/tutorial_dag.py
[2023-02-11T13:37:08.530+0000] {processor.py:743} INFO - Processing file /home/airflow/.local/lib/python3.10/site-packages/airflow/example_dags/tutorial_dag.py for tasks to queue
[2023-02-11T13:37:08.533+0000] {logging_mixin.py:137} INFO - [2023-02-11T13:37:08.533+0000] {dagbag.py:538} INFO - Filling up the DagBag from /home/airflow/.local/lib/python3.10/site-packages/airflow/example_dags/tutorial_dag.py
[2023-02-11T13:37:08.560+0000] {processor.py:753} INFO - DAG(s) dict_keys(['tutorial_dag']) retrieved from /home/airflow/.local/lib/python3.10/site-packages/airflow/example_dags/tutorial_dag.py
[2023-02-11T13:37:08.615+0000] {logging_mixin.py:137} INFO - [2023-02-11T13:37:08.615+0000] {dag.py:2690} INFO - Sync 1 DAGs
[2023-02-11T13:37:08.673+0000] {logging_mixin.py:137} INFO - [2023-02-11T13:37:08.673+0000] {dag.py:3437} INFO - Setting next_dagrun for tutorial_dag to None, run_after=None
[2023-02-11T13:37:08.741+0000] {processor.py:175} INFO - Processing /home/airflow/.local/lib/python3.10/site-packages/airflow/example_dags/tutorial_dag.py took 0.222 seconds
[2023-02-11T13:37:44.005+0000] {processor.py:153} INFO - Started process (PID=203) to work on /home/airflow/.local/lib/python3.10/site-packages/airflow/example_dags/tutorial_dag.py
[2023-02-11T13:37:44.018+0000] {processor.py:743} INFO - Processing file /home/airflow/.local/lib/python3.10/site-packages/airflow/example_dags/tutorial_dag.py for tasks to queue
[2023-02-11T13:37:44.035+0000] {logging_mixin.py:137} INFO - [2023-02-11T13:37:44.035+0000] {dagbag.py:538} INFO - Filling up the DagBag from /home/airflow/.local/lib/python3.10/site-packages/airflow/example_dags/tutorial_dag.py
[2023-02-11T13:37:44.195+0000] {processor.py:753} INFO - DAG(s) dict_keys(['tutorial_dag']) retrieved from /home/airflow/.local/lib/python3.10/site-packages/airflow/example_dags/tutorial_dag.py
[2023-02-11T13:37:44.335+0000] {logging_mixin.py:137} INFO - [2023-02-11T13:37:44.335+0000] {dag.py:2690} INFO - Sync 1 DAGs
[2023-02-11T13:37:44.487+0000] {logging_mixin.py:137} INFO - [2023-02-11T13:37:44.487+0000] {dag.py:3437} INFO - Setting next_dagrun for tutorial_dag to None, run_after=None
[2023-02-11T13:37:44.689+0000] {processor.py:175} INFO - Processing /home/airflow/.local/lib/python3.10/site-packages/airflow/example_dags/tutorial_dag.py took 0.724 seconds
[2023-02-11T13:38:16.202+0000] {processor.py:153} INFO - Started process (PID=258) to work on /home/airflow/.local/lib/python3.10/site-packages/airflow/example_dags/tutorial_dag.py
[2023-02-11T13:38:16.234+0000] {processor.py:743} INFO - Processing file /home/airflow/.local/lib/python3.10/site-packages/airflow/example_dags/tutorial_dag.py for tasks to queue
[2023-02-11T13:38:16.246+0000] {logging_mixin.py:137} INFO - [2023-02-11T13:38:16.241+0000] {dagbag.py:538} INFO - Filling up the DagBag from /home/airflow/.local/lib/python3.10/site-packages/airflow/example_dags/tutorial_dag.py
[2023-02-11T13:38:16.405+0000] {processor.py:753} INFO - DAG(s) dict_keys(['tutorial_dag']) retrieved from /home/airflow/.local/lib/python3.10/site-packages/airflow/example_dags/tutorial_dag.py
[2023-02-11T13:38:16.650+0000] {logging_mixin.py:137} INFO - [2023-02-11T13:38:16.650+0000] {dag.py:2690} INFO - Sync 1 DAGs
[2023-02-11T13:38:16.849+0000] {logging_mixin.py:137} INFO - [2023-02-11T13:38:16.848+0000] {dag.py:3437} INFO - Setting next_dagrun for tutorial_dag to None, run_after=None
[2023-02-11T13:38:16.934+0000] {processor.py:175} INFO - Processing /home/airflow/.local/lib/python3.10/site-packages/airflow/example_dags/tutorial_dag.py took 0.783 seconds
