[2023-02-11T13:36:22.070+0000] {processor.py:153} INFO - Started process (PID=52) to work on /home/airflow/.local/lib/python3.10/site-packages/airflow/example_dags/tutorial.py
[2023-02-11T13:36:22.087+0000] {processor.py:743} INFO - Processing file /home/airflow/.local/lib/python3.10/site-packages/airflow/example_dags/tutorial.py for tasks to queue
[2023-02-11T13:36:22.093+0000] {logging_mixin.py:137} INFO - [2023-02-11T13:36:22.093+0000] {dagbag.py:538} INFO - Filling up the DagBag from /home/airflow/.local/lib/python3.10/site-packages/airflow/example_dags/tutorial.py
[2023-02-11T13:36:22.269+0000] {processor.py:753} INFO - DAG(s) dict_keys(['tutorial']) retrieved from /home/airflow/.local/lib/python3.10/site-packages/airflow/example_dags/tutorial.py
[2023-02-11T13:36:22.556+0000] {logging_mixin.py:137} INFO - [2023-02-11T13:36:22.555+0000] {dag.py:2690} INFO - Sync 1 DAGs
[2023-02-11T13:36:22.843+0000] {logging_mixin.py:137} INFO - [2023-02-11T13:36:22.843+0000] {dag.py:3437} INFO - Setting next_dagrun for tutorial to 2023-02-10T13:36:22.843245+00:00, run_after=2023-02-11T13:36:22.843245+00:00
[2023-02-11T13:36:23.011+0000] {processor.py:175} INFO - Processing /home/airflow/.local/lib/python3.10/site-packages/airflow/example_dags/tutorial.py took 0.962 seconds
[2023-02-11T13:36:53.951+0000] {processor.py:153} INFO - Started process (PID=108) to work on /home/airflow/.local/lib/python3.10/site-packages/airflow/example_dags/tutorial.py
[2023-02-11T13:36:53.956+0000] {processor.py:743} INFO - Processing file /home/airflow/.local/lib/python3.10/site-packages/airflow/example_dags/tutorial.py for tasks to queue
[2023-02-11T13:36:53.960+0000] {logging_mixin.py:137} INFO - [2023-02-11T13:36:53.960+0000] {dagbag.py:538} INFO - Filling up the DagBag from /home/airflow/.local/lib/python3.10/site-packages/airflow/example_dags/tutorial.py
[2023-02-11T13:36:54.013+0000] {processor.py:753} INFO - DAG(s) dict_keys(['tutorial']) retrieved from /home/airflow/.local/lib/python3.10/site-packages/airflow/example_dags/tutorial.py
[2023-02-11T13:36:54.091+0000] {logging_mixin.py:137} INFO - [2023-02-11T13:36:54.091+0000] {dag.py:2690} INFO - Sync 1 DAGs
[2023-02-11T13:36:54.127+0000] {logging_mixin.py:137} INFO - [2023-02-11T13:36:54.126+0000] {dag.py:3437} INFO - Setting next_dagrun for tutorial to 2023-02-10T13:36:54.126632+00:00, run_after=2023-02-11T13:36:54.126632+00:00
[2023-02-11T13:36:54.164+0000] {processor.py:175} INFO - Processing /home/airflow/.local/lib/python3.10/site-packages/airflow/example_dags/tutorial.py took 0.222 seconds
[2023-02-11T13:37:24.944+0000] {processor.py:153} INFO - Started process (PID=164) to work on /home/airflow/.local/lib/python3.10/site-packages/airflow/example_dags/tutorial.py
[2023-02-11T13:37:24.947+0000] {processor.py:743} INFO - Processing file /home/airflow/.local/lib/python3.10/site-packages/airflow/example_dags/tutorial.py for tasks to queue
[2023-02-11T13:37:24.949+0000] {logging_mixin.py:137} INFO - [2023-02-11T13:37:24.948+0000] {dagbag.py:538} INFO - Filling up the DagBag from /home/airflow/.local/lib/python3.10/site-packages/airflow/example_dags/tutorial.py
[2023-02-11T13:37:24.991+0000] {processor.py:753} INFO - DAG(s) dict_keys(['tutorial']) retrieved from /home/airflow/.local/lib/python3.10/site-packages/airflow/example_dags/tutorial.py
[2023-02-11T13:37:25.032+0000] {logging_mixin.py:137} INFO - [2023-02-11T13:37:25.032+0000] {dag.py:2690} INFO - Sync 1 DAGs
[2023-02-11T13:37:25.075+0000] {logging_mixin.py:137} INFO - [2023-02-11T13:37:25.075+0000] {dag.py:3437} INFO - Setting next_dagrun for tutorial to 2023-02-10T13:37:25.075342+00:00, run_after=2023-02-11T13:37:25.075342+00:00
[2023-02-11T13:37:25.105+0000] {processor.py:175} INFO - Processing /home/airflow/.local/lib/python3.10/site-packages/airflow/example_dags/tutorial.py took 0.169 seconds
[2023-02-11T13:37:57.695+0000] {processor.py:153} INFO - Started process (PID=219) to work on /home/airflow/.local/lib/python3.10/site-packages/airflow/example_dags/tutorial.py
[2023-02-11T13:37:57.708+0000] {processor.py:743} INFO - Processing file /home/airflow/.local/lib/python3.10/site-packages/airflow/example_dags/tutorial.py for tasks to queue
[2023-02-11T13:37:57.714+0000] {logging_mixin.py:137} INFO - [2023-02-11T13:37:57.713+0000] {dagbag.py:538} INFO - Filling up the DagBag from /home/airflow/.local/lib/python3.10/site-packages/airflow/example_dags/tutorial.py
[2023-02-11T13:37:57.871+0000] {processor.py:753} INFO - DAG(s) dict_keys(['tutorial']) retrieved from /home/airflow/.local/lib/python3.10/site-packages/airflow/example_dags/tutorial.py
[2023-02-11T13:37:58.003+0000] {logging_mixin.py:137} INFO - [2023-02-11T13:37:58.003+0000] {dag.py:2690} INFO - Sync 1 DAGs
[2023-02-11T13:37:58.091+0000] {logging_mixin.py:137} INFO - [2023-02-11T13:37:58.091+0000] {dag.py:3437} INFO - Setting next_dagrun for tutorial to 2023-02-10T13:37:58.090734+00:00, run_after=2023-02-11T13:37:58.090734+00:00
[2023-02-11T13:37:58.243+0000] {processor.py:175} INFO - Processing /home/airflow/.local/lib/python3.10/site-packages/airflow/example_dags/tutorial.py took 0.575 seconds
[2023-02-11T13:38:28.597+0000] {processor.py:153} INFO - Started process (PID=268) to work on /home/airflow/.local/lib/python3.10/site-packages/airflow/example_dags/tutorial.py
[2023-02-11T13:38:28.608+0000] {processor.py:743} INFO - Processing file /home/airflow/.local/lib/python3.10/site-packages/airflow/example_dags/tutorial.py for tasks to queue
[2023-02-11T13:38:28.613+0000] {logging_mixin.py:137} INFO - [2023-02-11T13:38:28.613+0000] {dagbag.py:538} INFO - Filling up the DagBag from /home/airflow/.local/lib/python3.10/site-packages/airflow/example_dags/tutorial.py
[2023-02-11T13:38:28.711+0000] {processor.py:753} INFO - DAG(s) dict_keys(['tutorial']) retrieved from /home/airflow/.local/lib/python3.10/site-packages/airflow/example_dags/tutorial.py
[2023-02-11T13:38:28.843+0000] {logging_mixin.py:137} INFO - [2023-02-11T13:38:28.843+0000] {dag.py:2690} INFO - Sync 1 DAGs
[2023-02-11T13:38:28.975+0000] {logging_mixin.py:137} INFO - [2023-02-11T13:38:28.975+0000] {dag.py:3437} INFO - Setting next_dagrun for tutorial to 2023-02-10T13:38:28.974672+00:00, run_after=2023-02-11T13:38:28.974672+00:00
[2023-02-11T13:38:29.090+0000] {processor.py:175} INFO - Processing /home/airflow/.local/lib/python3.10/site-packages/airflow/example_dags/tutorial.py took 0.506 seconds
