[2023-02-11T13:36:33.897+0000] {processor.py:153} INFO - Started process (PID=78) to work on /home/airflow/.local/lib/python3.10/site-packages/airflow/example_dags/tutorial_taskflow_api_virtualenv.py
[2023-02-11T13:36:33.901+0000] {processor.py:743} INFO - Processing file /home/airflow/.local/lib/python3.10/site-packages/airflow/example_dags/tutorial_taskflow_api_virtualenv.py for tasks to queue
[2023-02-11T13:36:33.904+0000] {logging_mixin.py:137} INFO - [2023-02-11T13:36:33.904+0000] {dagbag.py:538} INFO - Filling up the DagBag from /home/airflow/.local/lib/python3.10/site-packages/airflow/example_dags/tutorial_taskflow_api_virtualenv.py
[2023-02-11T13:36:33.988+0000] {processor.py:753} INFO - DAG(s) dict_keys(['tutorial_taskflow_api_virtualenv']) retrieved from /home/airflow/.local/lib/python3.10/site-packages/airflow/example_dags/tutorial_taskflow_api_virtualenv.py
[2023-02-11T13:36:34.115+0000] {logging_mixin.py:137} INFO - [2023-02-11T13:36:34.115+0000] {dag.py:2690} INFO - Sync 1 DAGs
[2023-02-11T13:36:34.160+0000] {logging_mixin.py:137} INFO - [2023-02-11T13:36:34.159+0000] {dag.py:3437} INFO - Setting next_dagrun for tutorial_taskflow_api_virtualenv to None, run_after=None
[2023-02-11T13:36:34.242+0000] {processor.py:175} INFO - Processing /home/airflow/.local/lib/python3.10/site-packages/airflow/example_dags/tutorial_taskflow_api_virtualenv.py took 0.352 seconds
[2023-02-11T13:37:04.374+0000] {processor.py:153} INFO - Started process (PID=134) to work on /home/airflow/.local/lib/python3.10/site-packages/airflow/example_dags/tutorial_taskflow_api_virtualenv.py
[2023-02-11T13:37:04.391+0000] {processor.py:743} INFO - Processing file /home/airflow/.local/lib/python3.10/site-packages/airflow/example_dags/tutorial_taskflow_api_virtualenv.py for tasks to queue
[2023-02-11T13:37:04.400+0000] {logging_mixin.py:137} INFO - [2023-02-11T13:37:04.400+0000] {dagbag.py:538} INFO - Filling up the DagBag from /home/airflow/.local/lib/python3.10/site-packages/airflow/example_dags/tutorial_taskflow_api_virtualenv.py
[2023-02-11T13:37:04.490+0000] {processor.py:753} INFO - DAG(s) dict_keys(['tutorial_taskflow_api_virtualenv']) retrieved from /home/airflow/.local/lib/python3.10/site-packages/airflow/example_dags/tutorial_taskflow_api_virtualenv.py
[2023-02-11T13:37:04.570+0000] {logging_mixin.py:137} INFO - [2023-02-11T13:37:04.570+0000] {dag.py:2690} INFO - Sync 1 DAGs
[2023-02-11T13:37:04.621+0000] {logging_mixin.py:137} INFO - [2023-02-11T13:37:04.621+0000] {dag.py:3437} INFO - Setting next_dagrun for tutorial_taskflow_api_virtualenv to None, run_after=None
[2023-02-11T13:37:04.719+0000] {processor.py:175} INFO - Processing /home/airflow/.local/lib/python3.10/site-packages/airflow/example_dags/tutorial_taskflow_api_virtualenv.py took 0.360 seconds
[2023-02-11T13:37:37.840+0000] {processor.py:153} INFO - Started process (PID=189) to work on /home/airflow/.local/lib/python3.10/site-packages/airflow/example_dags/tutorial_taskflow_api_virtualenv.py
[2023-02-11T13:37:37.860+0000] {processor.py:743} INFO - Processing file /home/airflow/.local/lib/python3.10/site-packages/airflow/example_dags/tutorial_taskflow_api_virtualenv.py for tasks to queue
[2023-02-11T13:37:37.870+0000] {logging_mixin.py:137} INFO - [2023-02-11T13:37:37.868+0000] {dagbag.py:538} INFO - Filling up the DagBag from /home/airflow/.local/lib/python3.10/site-packages/airflow/example_dags/tutorial_taskflow_api_virtualenv.py
[2023-02-11T13:37:38.013+0000] {processor.py:753} INFO - DAG(s) dict_keys(['tutorial_taskflow_api_virtualenv']) retrieved from /home/airflow/.local/lib/python3.10/site-packages/airflow/example_dags/tutorial_taskflow_api_virtualenv.py
[2023-02-11T13:37:38.200+0000] {logging_mixin.py:137} INFO - [2023-02-11T13:37:38.200+0000] {dag.py:2690} INFO - Sync 1 DAGs
[2023-02-11T13:37:38.296+0000] {logging_mixin.py:137} INFO - [2023-02-11T13:37:38.296+0000] {dag.py:3437} INFO - Setting next_dagrun for tutorial_taskflow_api_virtualenv to None, run_after=None
[2023-02-11T13:37:38.354+0000] {processor.py:175} INFO - Processing /home/airflow/.local/lib/python3.10/site-packages/airflow/example_dags/tutorial_taskflow_api_virtualenv.py took 0.531 seconds
[2023-02-11T13:38:09.826+0000] {processor.py:153} INFO - Started process (PID=238) to work on /home/airflow/.local/lib/python3.10/site-packages/airflow/example_dags/tutorial_taskflow_api_virtualenv.py
[2023-02-11T13:38:09.863+0000] {processor.py:743} INFO - Processing file /home/airflow/.local/lib/python3.10/site-packages/airflow/example_dags/tutorial_taskflow_api_virtualenv.py for tasks to queue
[2023-02-11T13:38:09.875+0000] {logging_mixin.py:137} INFO - [2023-02-11T13:38:09.874+0000] {dagbag.py:538} INFO - Filling up the DagBag from /home/airflow/.local/lib/python3.10/site-packages/airflow/example_dags/tutorial_taskflow_api_virtualenv.py
[2023-02-11T13:38:10.293+0000] {processor.py:753} INFO - DAG(s) dict_keys(['tutorial_taskflow_api_virtualenv']) retrieved from /home/airflow/.local/lib/python3.10/site-packages/airflow/example_dags/tutorial_taskflow_api_virtualenv.py
[2023-02-11T13:38:10.524+0000] {logging_mixin.py:137} INFO - [2023-02-11T13:38:10.524+0000] {dag.py:2690} INFO - Sync 1 DAGs
[2023-02-11T13:38:10.645+0000] {logging_mixin.py:137} INFO - [2023-02-11T13:38:10.644+0000] {dag.py:3437} INFO - Setting next_dagrun for tutorial_taskflow_api_virtualenv to None, run_after=None
[2023-02-11T13:38:10.754+0000] {processor.py:175} INFO - Processing /home/airflow/.local/lib/python3.10/site-packages/airflow/example_dags/tutorial_taskflow_api_virtualenv.py took 0.945 seconds
