[2023-02-11T13:36:37.955+0000] {processor.py:153} INFO - Started process (PID=92) to work on /home/airflow/.local/lib/python3.10/site-packages/airflow/example_dags/plugins/workday.py
[2023-02-11T13:36:37.965+0000] {processor.py:743} INFO - Processing file /home/airflow/.local/lib/python3.10/site-packages/airflow/example_dags/plugins/workday.py for tasks to queue
[2023-02-11T13:36:37.970+0000] {logging_mixin.py:137} INFO - [2023-02-11T13:36:37.970+0000] {dagbag.py:538} INFO - Filling up the DagBag from /home/airflow/.local/lib/python3.10/site-packages/airflow/example_dags/plugins/workday.py
[2023-02-11T13:36:37.985+0000] {processor.py:755} WARNING - No viable dags retrieved from /home/airflow/.local/lib/python3.10/site-packages/airflow/example_dags/plugins/workday.py
[2023-02-11T13:36:38.033+0000] {processor.py:175} INFO - Processing /home/airflow/.local/lib/python3.10/site-packages/airflow/example_dags/plugins/workday.py took 0.083 seconds
[2023-02-11T13:37:08.779+0000] {processor.py:153} INFO - Started process (PID=148) to work on /home/airflow/.local/lib/python3.10/site-packages/airflow/example_dags/plugins/workday.py
[2023-02-11T13:37:08.781+0000] {processor.py:743} INFO - Processing file /home/airflow/.local/lib/python3.10/site-packages/airflow/example_dags/plugins/workday.py for tasks to queue
[2023-02-11T13:37:08.783+0000] {logging_mixin.py:137} INFO - [2023-02-11T13:37:08.783+0000] {dagbag.py:538} INFO - Filling up the DagBag from /home/airflow/.local/lib/python3.10/site-packages/airflow/example_dags/plugins/workday.py
[2023-02-11T13:37:08.788+0000] {processor.py:755} WARNING - No viable dags retrieved from /home/airflow/.local/lib/python3.10/site-packages/airflow/example_dags/plugins/workday.py
[2023-02-11T13:37:08.812+0000] {processor.py:175} INFO - Processing /home/airflow/.local/lib/python3.10/site-packages/airflow/example_dags/plugins/workday.py took 0.043 seconds
[2023-02-11T13:37:44.528+0000] {processor.py:153} INFO - Started process (PID=204) to work on /home/airflow/.local/lib/python3.10/site-packages/airflow/example_dags/plugins/workday.py
[2023-02-11T13:37:44.532+0000] {processor.py:743} INFO - Processing file /home/airflow/.local/lib/python3.10/site-packages/airflow/example_dags/plugins/workday.py for tasks to queue
[2023-02-11T13:37:44.540+0000] {logging_mixin.py:137} INFO - [2023-02-11T13:37:44.540+0000] {dagbag.py:538} INFO - Filling up the DagBag from /home/airflow/.local/lib/python3.10/site-packages/airflow/example_dags/plugins/workday.py
[2023-02-11T13:37:44.556+0000] {processor.py:755} WARNING - No viable dags retrieved from /home/airflow/.local/lib/python3.10/site-packages/airflow/example_dags/plugins/workday.py
[2023-02-11T13:37:44.673+0000] {processor.py:175} INFO - Processing /home/airflow/.local/lib/python3.10/site-packages/airflow/example_dags/plugins/workday.py took 0.202 seconds
[2023-02-11T13:38:16.248+0000] {processor.py:153} INFO - Started process (PID=259) to work on /home/airflow/.local/lib/python3.10/site-packages/airflow/example_dags/plugins/workday.py
[2023-02-11T13:38:16.251+0000] {processor.py:743} INFO - Processing file /home/airflow/.local/lib/python3.10/site-packages/airflow/example_dags/plugins/workday.py for tasks to queue
[2023-02-11T13:38:16.256+0000] {logging_mixin.py:137} INFO - [2023-02-11T13:38:16.256+0000] {dagbag.py:538} INFO - Filling up the DagBag from /home/airflow/.local/lib/python3.10/site-packages/airflow/example_dags/plugins/workday.py
[2023-02-11T13:38:16.281+0000] {processor.py:755} WARNING - No viable dags retrieved from /home/airflow/.local/lib/python3.10/site-packages/airflow/example_dags/plugins/workday.py
[2023-02-11T13:38:16.409+0000] {processor.py:175} INFO - Processing /home/airflow/.local/lib/python3.10/site-packages/airflow/example_dags/plugins/workday.py took 0.219 seconds
